<?xml version="1.0" encoding="UTF-8"?>
<testsuite xmlns:xsi="http://www.w3.org/2001/XMLSchema-instance" xsi:noNamespaceSchemaLocation="https://maven.apache.org/surefire/maven-surefire-plugin/xsd/surefire-test-report-3.0.xsd" version="3.0" name="com.university.restaurant.concurrent.KitchenServiceTest" time="152.901" tests="5" errors="0" skipped="0" failures="0">
  <properties>
[...]
</properties>
  <testcase name="highLoad_shouldHandleGracefully" classname="com.university.restaurant.concurrent.KitchenServiceTest" time="30.075">
    <system-out><![CDATA[03:40:34.584 [pool-28-thread-1] INFO com.university.restaurant.service.concurrent.KitchenService$KitchenWorker -- Kitchen worker 1 started
03:40:34.584 [pool-28-thread-4] INFO com.university.restaurant.service.concurrent.KitchenService$KitchenWorker -- Kitchen worker 4 started
03:40:34.584 [pool-28-thread-2] INFO com.university.restaurant.service.concurrent.KitchenService$KitchenWorker -- Kitchen worker 2 started
03:40:34.584 [pool-28-thread-3] INFO com.university.restaurant.service.concurrent.KitchenService$KitchenWorker -- Kitchen worker 3 started
03:40:34.586 [pool-28-thread-5] INFO com.university.restaurant.service.concurrent.KitchenService$KitchenWorker -- Kitchen worker 5 started
03:40:34.586 [pool-28-thread-7] INFO com.university.restaurant.service.concurrent.KitchenService$KitchenWorker -- Kitchen worker 7 started
03:40:34.586 [pool-28-thread-6] INFO com.university.restaurant.service.concurrent.KitchenService$KitchenWorker -- Kitchen worker 6 started
03:40:34.588 [main] INFO com.university.restaurant.service.concurrent.KitchenService -- Kitchen service started with 10 workers
03:40:34.588 [pool-28-thread-8] INFO com.university.restaurant.service.concurrent.KitchenService$KitchenWorker -- Kitchen worker 8 started
03:40:34.588 [pool-28-thread-9] INFO com.university.restaurant.service.concurrent.KitchenService$KitchenWorker -- Kitchen worker 9 started
03:40:34.588 [pool-28-thread-10] INFO com.university.restaurant.service.concurrent.KitchenService$KitchenWorker -- Kitchen worker 10 started
03:40:34.602 [pool-29-thread-1] INFO com.university.restaurant.service.concurrent.KitchenService -- Order bce4dbf8-6395-4496-93f4-320d326d6360 submitted to kitchen queue
03:40:34.602 [pool-29-thread-4] INFO com.university.restaurant.service.concurrent.KitchenService -- Order 7a4b319f-9a2f-4e3c-a615-30577d440ac6 submitted to kitchen queue
03:40:34.602 [pool-29-thread-2] INFO com.university.restaurant.service.concurrent.KitchenService -- Order 2029a28e-70ec-4e20-8891-7c9b203f0df3 submitted to kitchen queue
03:40:34.602 [pool-28-thread-3] INFO com.university.restaurant.service.concurrent.KitchenService$KitchenWorker -- Worker 3 processing order 7a4b319f-9a2f-4e3c-a615-30577d440ac6
03:40:34.602 [pool-29-thread-3] INFO com.university.restaurant.service.concurrent.KitchenService -- Order c2e49b22-df2a-434f-a5e4-3cccfdb6c349 submitted to kitchen queue
03:40:34.602 [pool-28-thread-4] INFO com.university.restaurant.service.concurrent.KitchenService$KitchenWorker -- Worker 4 processing order 2029a28e-70ec-4e20-8891-7c9b203f0df3
03:40:34.602 [pool-28-thread-7] INFO com.university.restaurant.service.concurrent.KitchenService$KitchenWorker -- Worker 7 processing order f7a31a00-a5e5-49ea-bc86-48b9071d408e
03:40:34.602 [pool-28-thread-1] INFO com.university.restaurant.service.concurrent.KitchenService$KitchenWorker -- Worker 1 processing order bce4dbf8-6395-4496-93f4-320d326d6360
03:40:34.602 [pool-29-thread-4] INFO com.university.restaurant.service.concurrent.KitchenService -- Order f7a31a00-a5e5-49ea-bc86-48b9071d408e submitted to kitchen queue
03:40:34.602 [pool-29-thread-1] INFO com.university.restaurant.service.concurrent.KitchenService -- Order b4ed99b1-b546-4a51-9ca9-66ea23ef232f submitted to kitchen queue
03:40:34.602 [pool-29-thread-4] INFO com.university.restaurant.service.concurrent.KitchenService -- Order 4329eb36-cb36-4372-9930-d23b46851c58 submitted to kitchen queue
03:40:34.602 [pool-29-thread-4] INFO com.university.restaurant.service.concurrent.KitchenService -- Order ff64ff07-cbe9-4ab3-a50a-e756164ac4d7 submitted to kitchen queue
03:40:34.602 [pool-29-thread-1] INFO com.university.restaurant.service.concurrent.KitchenService -- Order 4a4a2b3c-396f-4543-bd13-a53f20bea601 submitted to kitchen queue
03:40:34.602 [pool-28-thread-5] INFO com.university.restaurant.service.concurrent.KitchenService$KitchenWorker -- Worker 5 processing order e183f955-4738-467d-a759-b33763955545
03:40:34.602 [pool-29-thread-5] INFO com.university.restaurant.service.concurrent.KitchenService -- Order e183f955-4738-467d-a759-b33763955545 submitted to kitchen queue
03:40:34.602 [pool-28-thread-2] INFO com.university.restaurant.service.concurrent.KitchenService$KitchenWorker -- Worker 2 processing order c2e49b22-df2a-434f-a5e4-3cccfdb6c349
03:40:34.602 [pool-29-thread-3] INFO com.university.restaurant.service.concurrent.KitchenService -- Order 777d0838-e0db-4d86-b29c-45f14a0eef68 submitted to kitchen queue
03:40:34.602 [pool-28-thread-6] INFO com.university.restaurant.service.concurrent.KitchenService$KitchenWorker -- Worker 6 processing order b4ed99b1-b546-4a51-9ca9-66ea23ef232f
03:40:34.602 [pool-28-thread-8] INFO com.university.restaurant.service.concurrent.KitchenService$KitchenWorker -- Worker 8 processing order 777d0838-e0db-4d86-b29c-45f14a0eef68
03:40:34.602 [pool-29-thread-3] INFO com.university.restaurant.service.concurrent.KitchenService -- Order 28b8f5e5-da93-4a0a-985d-c4ad4628ea1a submitted to kitchen queue
03:40:34.602 [pool-29-thread-2] INFO com.university.restaurant.service.concurrent.KitchenService -- Order 0abf4298-3e9c-4602-999f-9943628d3018 submitted to kitchen queue
03:40:34.602 [pool-28-thread-9] INFO com.university.restaurant.service.concurrent.KitchenService$KitchenWorker -- Worker 9 processing order 0abf4298-3e9c-4602-999f-9943628d3018
03:40:34.602 [pool-28-thread-10] INFO com.university.restaurant.service.concurrent.KitchenService$KitchenWorker -- Worker 10 processing order 4329eb36-cb36-4372-9930-d23b46851c58
03:40:34.602 [pool-29-thread-4] INFO com.university.restaurant.service.concurrent.KitchenService -- Order 465813c3-a5c7-410b-a3bf-487a419a5910 submitted to kitchen queue
03:40:34.602 [pool-29-thread-1] INFO com.university.restaurant.service.concurrent.KitchenService -- Order 63838dd8-5a2b-4c05-8c38-8c66eb038433 submitted to kitchen queue
03:40:34.602 [pool-29-thread-5] INFO com.university.restaurant.service.concurrent.KitchenService -- Order 200a8fe6-3f62-43db-9449-f90bcd597cb7 submitted to kitchen queue
03:40:34.608 [pool-29-thread-3] INFO com.university.restaurant.service.concurrent.KitchenService -- Order 6b76ba45-db52-4839-ac53-338b92b9c8bf submitted to kitchen queue
03:40:34.608 [pool-29-thread-2] INFO com.university.restaurant.service.concurrent.KitchenService -- Order 63d5862f-35c9-41a2-abd1-42a19f7c9a08 submitted to kitchen queue
03:40:34.610 [pool-29-thread-2] INFO com.university.restaurant.service.concurrent.KitchenService -- Order 8c1401f3-6a82-41bb-a60c-1e7e23419a8f submitted to kitchen queue
03:40:34.610 [pool-29-thread-3] INFO com.university.restaurant.service.concurrent.KitchenService -- Order 75d103eb-d097-46f9-8de2-28d0c6c265fc submitted to kitchen queue
03:40:34.610 [pool-29-thread-2] INFO com.university.restaurant.service.concurrent.KitchenService -- Order 41b4775e-1365-4af3-ba7e-bbf185fc4023 submitted to kitchen queue
03:40:34.610 [pool-29-thread-2] INFO com.university.restaurant.service.concurrent.KitchenService -- Order 8a4df16a-6ca1-4f32-9124-f715d696777b submitted to kitchen queue
03:40:34.610 [pool-29-thread-2] INFO com.university.restaurant.service.concurrent.KitchenService -- Order 95f5ffa3-4a03-4332-b863-4333f35fb606 submitted to kitchen queue
03:40:34.610 [pool-29-thread-3] INFO com.university.restaurant.service.concurrent.KitchenService -- Order bc63970e-b7a7-4936-93ed-7009aa549462 submitted to kitchen queue
03:40:34.610 [pool-29-thread-4] INFO com.university.restaurant.service.concurrent.KitchenService -- Order 06750f14-fa17-42ac-b4ee-749a95423884 submitted to kitchen queue
03:40:34.610 [pool-29-thread-2] INFO com.university.restaurant.service.concurrent.KitchenService -- Order 798e1f58-1b40-4d15-9236-026f263c3ce0 submitted to kitchen queue
03:40:34.610 [pool-29-thread-2] INFO com.university.restaurant.service.concurrent.KitchenService -- Order ff8bd0d5-be58-42a7-a001-efa03c8ff37b submitted to kitchen queue
03:40:34.610 [pool-29-thread-3] INFO com.university.restaurant.service.concurrent.KitchenService -- Order 5ee2fe9a-d50b-4570-8832-262201476f51 submitted to kitchen queue
03:40:34.610 [pool-29-thread-2] INFO com.university.restaurant.service.concurrent.KitchenService -- Order c1897c0e-c467-4941-8b2f-4f6a97245049 submitted to kitchen queue
03:40:34.610 [pool-29-thread-4] INFO com.university.restaurant.service.concurrent.KitchenService -- Order 10b9d1d0-d2fa-46f0-820f-7c636e228e01 submitted to kitchen queue
03:40:34.610 [pool-29-thread-4] INFO com.university.restaurant.service.concurrent.KitchenService -- Order cd77d9d8-ade9-418c-b508-10090509ec4a submitted to kitchen queue
03:40:34.610 [pool-29-thread-3] INFO com.university.restaurant.service.concurrent.KitchenService -- Order 5b803e98-e0a3-410f-850a-5677355d9f73 submitted to kitchen queue
03:40:34.610 [pool-29-thread-3] INFO com.university.restaurant.service.concurrent.KitchenService -- Order a15a9859-ca4f-439a-8644-c2e01c0425b8 submitted to kitchen queue
03:40:34.610 [pool-29-thread-2] INFO com.university.restaurant.service.concurrent.KitchenService -- Order d9881226-5c0c-424d-ba31-a6fe19700482 submitted to kitchen queue
03:40:34.612 [pool-29-thread-1] INFO com.university.restaurant.service.concurrent.KitchenService -- Order 7c6940fa-6cc1-404d-b3df-a9e900425d04 submitted to kitchen queue
03:40:34.612 [pool-29-thread-1] INFO com.university.restaurant.service.concurrent.KitchenService -- Order 954b5f74-93ff-4199-9196-561bb9a7b795 submitted to kitchen queue
03:40:34.612 [pool-29-thread-3] INFO com.university.restaurant.service.concurrent.KitchenService -- Order 653e57f8-930f-479f-a9ac-4a534ecab485 submitted to kitchen queue
03:40:34.610 [pool-29-thread-5] INFO com.university.restaurant.service.concurrent.KitchenService -- Order c045b110-fb65-4ae4-ab7b-e44c66682a50 submitted to kitchen queue
03:40:34.610 [pool-29-thread-4] INFO com.university.restaurant.service.concurrent.KitchenService -- Order 22d940db-6c7e-44f1-8cad-8f84baa68a73 submitted to kitchen queue
03:40:34.612 [pool-29-thread-4] INFO com.university.restaurant.service.concurrent.KitchenService -- Order 6767b027-01a1-405d-997f-1ba16e9716cf submitted to kitchen queue
03:40:34.612 [pool-29-thread-2] INFO com.university.restaurant.service.concurrent.KitchenService -- Order 9b520c8c-443e-4215-a046-65571e15117c submitted to kitchen queue
03:40:34.612 [pool-29-thread-1] INFO com.university.restaurant.service.concurrent.KitchenService -- Order b3d5a73f-34ef-453a-af15-3c15cfbd858c submitted to kitchen queue
03:40:34.612 [pool-29-thread-3] INFO com.university.restaurant.service.concurrent.KitchenService -- Order 33fc5630-acfe-423b-8f50-f522e31adad9 submitted to kitchen queue
03:40:34.612 [pool-29-thread-5] INFO com.university.restaurant.service.concurrent.KitchenService -- Order 5fd2559b-f6a4-4488-811b-ce94e423d642 submitted to kitchen queue
03:40:34.612 [pool-29-thread-4] INFO com.university.restaurant.service.concurrent.KitchenService -- Order a02932b4-4daf-403f-a9b4-8f418290dd65 submitted to kitchen queue
03:40:34.615 [pool-29-thread-5] INFO com.university.restaurant.service.concurrent.KitchenService -- Order d4c6e04e-67ca-45cd-9b12-7bf0034fe70d submitted to kitchen queue
03:40:34.615 [pool-29-thread-4] INFO com.university.restaurant.service.concurrent.KitchenService -- Order 4ad349a9-4672-4fd3-8b5d-63822e281f77 submitted to kitchen queue
03:40:34.612 [pool-29-thread-2] INFO com.university.restaurant.service.concurrent.KitchenService -- Order 3462eeac-9808-4693-8ef4-7a328c7bfc7c submitted to kitchen queue
03:40:34.615 [pool-29-thread-1] INFO com.university.restaurant.service.concurrent.KitchenService -- Order 543cd9ff-69f9-49f2-abe2-6d96cabe97ce submitted to kitchen queue
03:40:34.615 [pool-29-thread-4] INFO com.university.restaurant.service.concurrent.KitchenService -- Order b4eac52a-78d8-4a74-a6c9-3d2e7cdbe948 submitted to kitchen queue
03:40:34.615 [pool-29-thread-2] INFO com.university.restaurant.service.concurrent.KitchenService -- Order 4f2595df-1b7e-4feb-ac98-237eb75820bb submitted to kitchen queue
03:40:34.615 [pool-29-thread-3] INFO com.university.restaurant.service.concurrent.KitchenService -- Order 872f5015-17d3-4af9-9176-6ec4f67c5617 submitted to kitchen queue
03:40:34.615 [pool-29-thread-4] INFO com.university.restaurant.service.concurrent.KitchenService -- Order 89e38c33-4171-4e29-b6c1-876d137822d1 submitted to kitchen queue
03:40:34.615 [pool-29-thread-3] INFO com.university.restaurant.service.concurrent.KitchenService -- Order 345011bc-d18a-4e6b-878f-d92d91933306 submitted to kitchen queue
03:40:34.615 [pool-29-thread-5] INFO com.university.restaurant.service.concurrent.KitchenService -- Order 48c8ae2a-4484-45f2-8a8d-0abcaf864dd3 submitted to kitchen queue
03:40:34.615 [pool-29-thread-3] INFO com.university.restaurant.service.concurrent.KitchenService -- Order 5d2b1735-eeb9-486e-b384-5d5a73085a0d submitted to kitchen queue
03:40:34.615 [pool-29-thread-1] INFO com.university.restaurant.service.concurrent.KitchenService -- Order 9ff7f701-8145-4bcb-97f9-741568ed7d66 submitted to kitchen queue
03:40:34.618 [pool-29-thread-3] INFO com.university.restaurant.service.concurrent.KitchenService -- Order 3cc31fa2-e10f-4a50-b270-3b0918bdae82 submitted to kitchen queue
03:40:34.615 [pool-29-thread-2] INFO com.university.restaurant.service.concurrent.KitchenService -- Order 5ef69118-af48-41f2-8361-c39fab1527cf submitted to kitchen queue
03:40:34.618 [pool-29-thread-3] INFO com.university.restaurant.service.concurrent.KitchenService -- Order dfa76e99-aaea-4c95-8759-ad28264b28c4 submitted to kitchen queue
03:40:34.615 [pool-29-thread-4] INFO com.university.restaurant.service.concurrent.KitchenService -- Order 92b02c68-e054-4496-9dca-ee4a2a5894b1 submitted to kitchen queue
03:40:34.618 [pool-29-thread-5] INFO com.university.restaurant.service.concurrent.KitchenService -- Order 35d09a97-deba-4314-8255-404e4e5c7110 submitted to kitchen queue
03:40:34.618 [pool-29-thread-3] INFO com.university.restaurant.service.concurrent.KitchenService -- Order 0291bfbc-3730-4a68-9186-64fc65cc7868 submitted to kitchen queue
03:40:34.618 [pool-29-thread-1] INFO com.university.restaurant.service.concurrent.KitchenService -- Order e27c2a12-0122-4201-9aea-b61500c0274b submitted to kitchen queue
03:40:34.618 [pool-29-thread-3] INFO com.university.restaurant.service.concurrent.KitchenService -- Order 6081444a-2924-44e3-be0e-699d6b051d48 submitted to kitchen queue
03:40:34.618 [pool-29-thread-2] INFO com.university.restaurant.service.concurrent.KitchenService -- Order 1a295658-f4b0-4224-98cf-cde9ffd953f9 submitted to kitchen queue
03:40:34.618 [pool-29-thread-4] INFO com.university.restaurant.service.concurrent.KitchenService -- Order 4f905f47-da89-48d0-991a-c567ece0fe90 submitted to kitchen queue
03:40:34.618 [pool-29-thread-5] INFO com.university.restaurant.service.concurrent.KitchenService -- Order 4dcc0478-441c-4f92-834a-c10c960523a7 submitted to kitchen queue
03:40:34.620 [pool-29-thread-1] INFO com.university.restaurant.service.concurrent.KitchenService -- Order 41fd167f-e23f-4701-9303-75665ecc82c0 submitted to kitchen queue
03:40:34.620 [pool-29-thread-3] INFO com.university.restaurant.service.concurrent.KitchenService -- Order 033f06a5-814c-4d7a-8560-2b2c7ebb8f04 submitted to kitchen queue
03:40:34.620 [pool-29-thread-2] INFO com.university.restaurant.service.concurrent.KitchenService -- Order bdca8900-453a-490b-ae5c-d3f5038697cc submitted to kitchen queue
03:40:34.620 [pool-29-thread-4] INFO com.university.restaurant.service.concurrent.KitchenService -- Order e9a335d1-dbbc-4864-bd4d-ee07ecf72c91 submitted to kitchen queue
03:40:34.620 [pool-29-thread-5] INFO com.university.restaurant.service.concurrent.KitchenService -- Order 1276f508-2ead-45d4-9adc-98083dd18bcd submitted to kitchen queue
03:40:34.620 [pool-29-thread-1] INFO com.university.restaurant.service.concurrent.KitchenService -- Order f5fb6e9e-cf69-48d1-82a6-a7f40603221c submitted to kitchen queue
03:40:34.622 [pool-29-thread-2] INFO com.university.restaurant.service.concurrent.KitchenService -- Order 576fec7a-317f-4e17-b0c7-7a93ef808adb submitted to kitchen queue
03:40:34.622 [pool-29-thread-1] INFO com.university.restaurant.service.concurrent.KitchenService -- Order 6b78869c-9625-4aeb-a806-38b19ff8f5b9 submitted to kitchen queue
03:40:34.622 [pool-29-thread-2] INFO com.university.restaurant.service.concurrent.KitchenService -- Order 05f10652-0009-43d3-9176-3d039f7424cf submitted to kitchen queue
03:40:34.622 [pool-29-thread-1] INFO com.university.restaurant.service.concurrent.KitchenService -- Order f80ddb09-0a50-4234-a2d5-eacce8cd7bf8 submitted to kitchen queue
03:40:34.620 [pool-29-thread-3] INFO com.university.restaurant.service.concurrent.KitchenService -- Order 7e4ee1ab-b11c-4d75-8ecf-182d9dea6663 submitted to kitchen queue
03:40:34.622 [pool-29-thread-1] INFO com.university.restaurant.service.concurrent.KitchenService -- Order 5583250a-5cd5-4e15-a52d-ffe0c6f2b675 submitted to kitchen queue
03:40:34.622 [pool-29-thread-4] INFO com.university.restaurant.service.concurrent.KitchenService -- Order 79fbb212-1c89-4615-ae8a-6feae1981c25 submitted to kitchen queue
03:40:34.622 [pool-29-thread-1] INFO com.university.restaurant.service.concurrent.KitchenService -- Order 740424af-0ae6-4132-944f-9871e3662601 submitted to kitchen queue
03:40:34.622 [pool-29-thread-5] INFO com.university.restaurant.service.concurrent.KitchenService -- Order 34c70454-09ee-4f5f-8bd2-8ee96056fc02 submitted to kitchen queue
03:40:34.622 [pool-29-thread-2] INFO com.university.restaurant.service.concurrent.KitchenService -- Order 9220512a-25e2-4b96-bc64-bb5c0b91b653 submitted to kitchen queue
03:40:34.622 [pool-29-thread-3] INFO com.university.restaurant.service.concurrent.KitchenService -- Order 728246ad-5fb5-4093-8a01-3d76d19bbecd submitted to kitchen queue
03:40:34.624 [pool-29-thread-4] INFO com.university.restaurant.service.concurrent.KitchenService -- Order 2efd2850-90df-4ef2-94ef-80aaf9cf68a1 submitted to kitchen queue
03:40:34.624 [pool-29-thread-3] INFO com.university.restaurant.service.concurrent.KitchenService -- Order 11ec9b32-fa8e-41f9-bd6d-4ca1f62f4b76 submitted to kitchen queue
03:40:34.624 [pool-29-thread-1] INFO com.university.restaurant.service.concurrent.KitchenService -- Order aa90f987-30bd-4b98-b606-aba9c54f27ec submitted to kitchen queue
03:40:34.624 [pool-29-thread-5] INFO com.university.restaurant.service.concurrent.KitchenService -- Order d7d72dfc-9c9f-4c68-ad86-1994c7ae421c submitted to kitchen queue
03:40:34.624 [pool-29-thread-2] INFO com.university.restaurant.service.concurrent.KitchenService -- Order 833c7781-afbe-4a74-ac80-26f81d6af8f0 submitted to kitchen queue
03:40:34.624 [pool-29-thread-5] INFO com.university.restaurant.service.concurrent.KitchenService -- Order 3ac2bca3-0a67-48a4-a5d0-e8ff1c362c26 submitted to kitchen queue
03:40:34.624 [pool-29-thread-4] INFO com.university.restaurant.service.concurrent.KitchenService -- Order f7a6e85f-ec90-4a80-a1c1-62767ef5d805 submitted to kitchen queue
03:40:34.626 [pool-29-thread-5] INFO com.university.restaurant.service.concurrent.KitchenService -- Order 071b2f61-5559-405d-a922-783e83ab64a6 submitted to kitchen queue
03:40:34.626 [pool-29-thread-4] INFO com.university.restaurant.service.concurrent.KitchenService -- Order bbba0e15-a31b-477f-b937-d26982b60be6 submitted to kitchen queue
03:40:34.624 [pool-29-thread-3] INFO com.university.restaurant.service.concurrent.KitchenService -- Order dfa9ffb4-b80a-4792-a62d-79d192d9b971 submitted to kitchen queue
03:40:34.624 [pool-29-thread-1] INFO com.university.restaurant.service.concurrent.KitchenService -- Order a49531c0-3544-4b1a-a82a-bb7e32108d98 submitted to kitchen queue
03:40:34.626 [pool-29-thread-2] INFO com.university.restaurant.service.concurrent.KitchenService -- Order ba84c46b-9fab-4baa-ba34-6158855ef831 submitted to kitchen queue
03:40:34.626 [pool-29-thread-5] INFO com.university.restaurant.service.concurrent.KitchenService -- Order ccb351fd-45fb-4274-a0b4-c75da7e3c792 submitted to kitchen queue
03:40:34.626 [pool-29-thread-3] INFO com.university.restaurant.service.concurrent.KitchenService -- Order 88c3ec38-de7d-4983-8999-dbdbf82a0877 submitted to kitchen queue
03:40:34.628 [pool-29-thread-4] INFO com.university.restaurant.service.concurrent.KitchenService -- Order 02a45171-a775-40e8-99d2-a9488eb9ceb2 submitted to kitchen queue
03:40:35.106 [pool-28-thread-4] INFO com.university.restaurant.service.concurrent.KitchenService$KitchenWorker -- Worker 4 completed order 2029a28e-70ec-4e20-8891-7c9b203f0df3
03:40:35.106 [pool-28-thread-4] INFO com.university.restaurant.service.concurrent.KitchenService$KitchenWorker -- Worker 4 processing order ff64ff07-cbe9-4ab3-a50a-e756164ac4d7
03:40:35.106 [pool-28-thread-7] INFO com.university.restaurant.service.concurrent.KitchenService$KitchenWorker -- Worker 7 completed order f7a31a00-a5e5-49ea-bc86-48b9071d408e
03:40:35.107 [pool-28-thread-7] INFO com.university.restaurant.service.concurrent.KitchenService$KitchenWorker -- Worker 7 processing order 4a4a2b3c-396f-4543-bd13-a53f20bea601
03:40:35.107 [pool-28-thread-1] INFO com.university.restaurant.service.concurrent.KitchenService$KitchenWorker -- Worker 1 completed order bce4dbf8-6395-4496-93f4-320d326d6360
03:40:35.107 [pool-28-thread-1] INFO com.university.restaurant.service.concurrent.KitchenService$KitchenWorker -- Worker 1 processing order 465813c3-a5c7-410b-a3bf-487a419a5910
03:40:35.107 [pool-28-thread-5] INFO com.university.restaurant.service.concurrent.KitchenService$KitchenWorker -- Worker 5 completed order e183f955-4738-467d-a759-b33763955545
03:40:35.106 [pool-28-thread-3] INFO com.university.restaurant.service.concurrent.KitchenService$KitchenWorker -- Worker 3 completed order 7a4b319f-9a2f-4e3c-a615-30577d440ac6
03:40:35.107 [pool-28-thread-5] INFO com.university.restaurant.service.concurrent.KitchenService$KitchenWorker -- Worker 5 processing order 63838dd8-5a2b-4c05-8c38-8c66eb038433
03:40:35.107 [pool-28-thread-2] INFO com.university.restaurant.service.concurrent.KitchenService$KitchenWorker -- Worker 2 completed order c2e49b22-df2a-434f-a5e4-3cccfdb6c349
03:40:35.107 [pool-28-thread-2] INFO com.university.restaurant.service.concurrent.KitchenService$KitchenWorker -- Worker 2 processing order 28b8f5e5-da93-4a0a-985d-c4ad4628ea1a
03:40:35.107 [pool-28-thread-3] INFO com.university.restaurant.service.concurrent.KitchenService$KitchenWorker -- Worker 3 processing order 200a8fe6-3f62-43db-9449-f90bcd597cb7
03:40:35.108 [pool-28-thread-8] INFO com.university.restaurant.service.concurrent.KitchenService$KitchenWorker -- Worker 8 completed order 777d0838-e0db-4d86-b29c-45f14a0eef68
03:40:35.108 [pool-28-thread-8] INFO com.university.restaurant.service.concurrent.KitchenService$KitchenWorker -- Worker 8 processing order 6b76ba45-db52-4839-ac53-338b92b9c8bf
03:40:35.108 [pool-28-thread-6] INFO com.university.restaurant.service.concurrent.KitchenService$KitchenWorker -- Worker 6 completed order b4ed99b1-b546-4a51-9ca9-66ea23ef232f
03:40:35.108 [pool-28-thread-6] INFO com.university.restaurant.service.concurrent.KitchenService$KitchenWorker -- Worker 6 processing order 63d5862f-35c9-41a2-abd1-42a19f7c9a08
03:40:35.124 [pool-28-thread-10] INFO com.university.restaurant.service.concurrent.KitchenService$KitchenWorker -- Worker 10 completed order 4329eb36-cb36-4372-9930-d23b46851c58
03:40:35.124 [pool-28-thread-9] INFO com.university.restaurant.service.concurrent.KitchenService$KitchenWorker -- Worker 9 completed order 0abf4298-3e9c-4602-999f-9943628d3018
03:40:35.124 [pool-28-thread-10] INFO com.university.restaurant.service.concurrent.KitchenService$KitchenWorker -- Worker 10 processing order 8c1401f3-6a82-41bb-a60c-1e7e23419a8f
03:40:35.124 [pool-28-thread-9] INFO com.university.restaurant.service.concurrent.KitchenService$KitchenWorker -- Worker 9 processing order 75d103eb-d097-46f9-8de2-28d0c6c265fc
03:40:35.609 [pool-28-thread-4] INFO com.university.restaurant.service.concurrent.KitchenService$KitchenWorker -- Worker 4 completed order ff64ff07-cbe9-4ab3-a50a-e756164ac4d7
03:40:35.609 [pool-28-thread-2] INFO com.university.restaurant.service.concurrent.KitchenService$KitchenWorker -- Worker 2 completed order 28b8f5e5-da93-4a0a-985d-c4ad4628ea1a
03:40:35.609 [pool-28-thread-2] INFO com.university.restaurant.service.concurrent.KitchenService$KitchenWorker -- Worker 2 processing order 8a4df16a-6ca1-4f32-9124-f715d696777b
03:40:35.609 [pool-28-thread-1] INFO com.university.restaurant.service.concurrent.KitchenService$KitchenWorker -- Worker 1 completed order 465813c3-a5c7-410b-a3bf-487a419a5910
03:40:35.609 [pool-28-thread-5] INFO com.university.restaurant.service.concurrent.KitchenService$KitchenWorker -- Worker 5 completed order 63838dd8-5a2b-4c05-8c38-8c66eb038433
03:40:35.609 [pool-28-thread-5] INFO com.university.restaurant.service.concurrent.KitchenService$KitchenWorker -- Worker 5 processing order 95f5ffa3-4a03-4332-b863-4333f35fb606
03:40:35.609 [pool-28-thread-3] INFO com.university.restaurant.service.concurrent.KitchenService$KitchenWorker -- Worker 3 completed order 200a8fe6-3f62-43db-9449-f90bcd597cb7
03:40:35.609 [pool-28-thread-3] INFO com.university.restaurant.service.concurrent.KitchenService$KitchenWorker -- Worker 3 processing order 798e1f58-1b40-4d15-9236-026f263c3ce0
03:40:35.609 [pool-28-thread-7] INFO com.university.restaurant.service.concurrent.KitchenService$KitchenWorker -- Worker 7 completed order 4a4a2b3c-396f-4543-bd13-a53f20bea601
03:40:35.609 [pool-28-thread-7] INFO com.university.restaurant.service.concurrent.KitchenService$KitchenWorker -- Worker 7 processing order 06750f14-fa17-42ac-b4ee-749a95423884
03:40:35.609 [pool-28-thread-8] INFO com.university.restaurant.service.concurrent.KitchenService$KitchenWorker -- Worker 8 completed order 6b76ba45-db52-4839-ac53-338b92b9c8bf
03:40:35.609 [pool-28-thread-6] INFO com.university.restaurant.service.concurrent.KitchenService$KitchenWorker -- Worker 6 completed order 63d5862f-35c9-41a2-abd1-42a19f7c9a08
03:40:35.613 [pool-28-thread-8] INFO com.university.restaurant.service.concurrent.KitchenService$KitchenWorker -- Worker 8 processing order 5ee2fe9a-d50b-4570-8832-262201476f51
03:40:35.613 [pool-28-thread-6] INFO com.university.restaurant.service.concurrent.KitchenService$KitchenWorker -- Worker 6 processing order ff8bd0d5-be58-42a7-a001-efa03c8ff37b
03:40:35.609 [pool-28-thread-4] INFO com.university.restaurant.service.concurrent.KitchenService$KitchenWorker -- Worker 4 processing order 41b4775e-1365-4af3-ba7e-bbf185fc4023
03:40:35.609 [pool-28-thread-1] INFO com.university.restaurant.service.concurrent.KitchenService$KitchenWorker -- Worker 1 processing order bc63970e-b7a7-4936-93ed-7009aa549462
03:40:35.625 [pool-28-thread-9] INFO com.university.restaurant.service.concurrent.KitchenService$KitchenWorker -- Worker 9 completed order 75d103eb-d097-46f9-8de2-28d0c6c265fc
03:40:35.625 [pool-28-thread-9] INFO com.university.restaurant.service.concurrent.KitchenService$KitchenWorker -- Worker 9 processing order c1897c0e-c467-4941-8b2f-4f6a97245049
03:40:35.625 [pool-28-thread-10] INFO com.university.restaurant.service.concurrent.KitchenService$KitchenWorker -- Worker 10 completed order 8c1401f3-6a82-41bb-a60c-1e7e23419a8f
03:40:35.625 [pool-28-thread-10] INFO com.university.restaurant.service.concurrent.KitchenService$KitchenWorker -- Worker 10 processing order 10b9d1d0-d2fa-46f0-820f-7c636e228e01
03:40:36.113 [pool-28-thread-5] INFO com.university.restaurant.service.concurrent.KitchenService$KitchenWorker -- Worker 5 completed order 95f5ffa3-4a03-4332-b863-4333f35fb606
03:40:36.113 [pool-28-thread-5] INFO com.university.restaurant.service.concurrent.KitchenService$KitchenWorker -- Worker 5 processing order c045b110-fb65-4ae4-ab7b-e44c66682a50
03:40:36.113 [pool-28-thread-2] INFO com.university.restaurant.service.concurrent.KitchenService$KitchenWorker -- Worker 2 completed order 8a4df16a-6ca1-4f32-9124-f715d696777b
03:40:36.113 [pool-28-thread-2] INFO com.university.restaurant.service.concurrent.KitchenService$KitchenWorker -- Worker 2 processing order 5b803e98-e0a3-410f-850a-5677355d9f73
03:40:36.113 [pool-28-thread-3] INFO com.university.restaurant.service.concurrent.KitchenService$KitchenWorker -- Worker 3 completed order 798e1f58-1b40-4d15-9236-026f263c3ce0
03:40:36.113 [pool-28-thread-3] INFO com.university.restaurant.service.concurrent.KitchenService$KitchenWorker -- Worker 3 processing order cd77d9d8-ade9-418c-b508-10090509ec4a
03:40:36.129 [pool-28-thread-8] INFO com.university.restaurant.service.concurrent.KitchenService$KitchenWorker -- Worker 8 completed order 5ee2fe9a-d50b-4570-8832-262201476f51
03:40:36.129 [pool-28-thread-1] INFO com.university.restaurant.service.concurrent.KitchenService$KitchenWorker -- Worker 1 completed order bc63970e-b7a7-4936-93ed-7009aa549462
03:40:36.129 [pool-28-thread-4] INFO com.university.restaurant.service.concurrent.KitchenService$KitchenWorker -- Worker 4 completed order 41b4775e-1365-4af3-ba7e-bbf185fc4023
03:40:36.129 [pool-28-thread-6] INFO com.university.restaurant.service.concurrent.KitchenService$KitchenWorker -- Worker 6 completed order ff8bd0d5-be58-42a7-a001-efa03c8ff37b
03:40:36.129 [pool-28-thread-10] INFO com.university.restaurant.service.concurrent.KitchenService$KitchenWorker -- Worker 10 completed order 10b9d1d0-d2fa-46f0-820f-7c636e228e01
03:40:36.129 [pool-28-thread-9] INFO com.university.restaurant.service.concurrent.KitchenService$KitchenWorker -- Worker 9 completed order c1897c0e-c467-4941-8b2f-4f6a97245049
03:40:36.129 [pool-28-thread-7] INFO com.university.restaurant.service.concurrent.KitchenService$KitchenWorker -- Worker 7 completed order 06750f14-fa17-42ac-b4ee-749a95423884
03:40:36.129 [pool-28-thread-7] INFO com.university.restaurant.service.concurrent.KitchenService$KitchenWorker -- Worker 7 processing order 653e57f8-930f-479f-a9ac-4a534ecab485
03:40:36.129 [pool-28-thread-1] INFO com.university.restaurant.service.concurrent.KitchenService$KitchenWorker -- Worker 1 processing order a15a9859-ca4f-439a-8644-c2e01c0425b8
03:40:36.129 [pool-28-thread-4] INFO com.university.restaurant.service.concurrent.KitchenService$KitchenWorker -- Worker 4 processing order 22d940db-6c7e-44f1-8cad-8f84baa68a73
03:40:36.129 [pool-28-thread-6] INFO com.university.restaurant.service.concurrent.KitchenService$KitchenWorker -- Worker 6 processing order 7c6940fa-6cc1-404d-b3df-a9e900425d04
03:40:36.129 [pool-28-thread-10] INFO com.university.restaurant.service.concurrent.KitchenService$KitchenWorker -- Worker 10 processing order 954b5f74-93ff-4199-9196-561bb9a7b795
03:40:36.129 [pool-28-thread-8] INFO com.university.restaurant.service.concurrent.KitchenService$KitchenWorker -- Worker 8 processing order d9881226-5c0c-424d-ba31-a6fe19700482
03:40:36.129 [pool-28-thread-9] INFO com.university.restaurant.service.concurrent.KitchenService$KitchenWorker -- Worker 9 processing order 9b520c8c-443e-4215-a046-65571e15117c
03:40:36.626 [pool-28-thread-2] INFO com.university.restaurant.service.concurrent.KitchenService$KitchenWorker -- Worker 2 completed order 5b803e98-e0a3-410f-850a-5677355d9f73
03:40:36.626 [pool-28-thread-2] INFO com.university.restaurant.service.concurrent.KitchenService$KitchenWorker -- Worker 2 processing order b3d5a73f-34ef-453a-af15-3c15cfbd858c
03:40:36.626 [pool-28-thread-3] INFO com.university.restaurant.service.concurrent.KitchenService$KitchenWorker -- Worker 3 completed order cd77d9d8-ade9-418c-b508-10090509ec4a
03:40:36.626 [pool-28-thread-5] INFO com.university.restaurant.service.concurrent.KitchenService$KitchenWorker -- Worker 5 completed order c045b110-fb65-4ae4-ab7b-e44c66682a50
03:40:36.628 [pool-28-thread-5] INFO com.university.restaurant.service.concurrent.KitchenService$KitchenWorker -- Worker 5 processing order 5fd2559b-f6a4-4488-811b-ce94e423d642
03:40:36.628 [pool-28-thread-3] INFO com.university.restaurant.service.concurrent.KitchenService$KitchenWorker -- Worker 3 processing order 33fc5630-acfe-423b-8f50-f522e31adad9
03:40:36.641 [pool-28-thread-9] INFO com.university.restaurant.service.concurrent.KitchenService$KitchenWorker -- Worker 9 completed order 9b520c8c-443e-4215-a046-65571e15117c
03:40:36.641 [pool-28-thread-4] INFO com.university.restaurant.service.concurrent.KitchenService$KitchenWorker -- Worker 4 completed order 22d940db-6c7e-44f1-8cad-8f84baa68a73
03:40:36.641 [pool-28-thread-6] INFO com.university.restaurant.service.concurrent.KitchenService$KitchenWorker -- Worker 6 completed order 7c6940fa-6cc1-404d-b3df-a9e900425d04
03:40:36.641 [pool-28-thread-6] INFO com.university.restaurant.service.concurrent.KitchenService$KitchenWorker -- Worker 6 processing order a02932b4-4daf-403f-a9b4-8f418290dd65
03:40:36.641 [pool-28-thread-9] INFO com.university.restaurant.service.concurrent.KitchenService$KitchenWorker -- Worker 9 processing order 3462eeac-9808-4693-8ef4-7a328c7bfc7c
03:40:36.644 [pool-28-thread-4] INFO com.university.restaurant.service.concurrent.KitchenService$KitchenWorker -- Worker 4 processing order 6767b027-01a1-405d-997f-1ba16e9716cf
03:40:36.644 [pool-28-thread-10] INFO com.university.restaurant.service.concurrent.KitchenService$KitchenWorker -- Worker 10 completed order 954b5f74-93ff-4199-9196-561bb9a7b795
03:40:36.644 [pool-28-thread-1] INFO com.university.restaurant.service.concurrent.KitchenService$KitchenWorker -- Worker 1 completed order a15a9859-ca4f-439a-8644-c2e01c0425b8
03:40:36.644 [pool-28-thread-8] INFO com.university.restaurant.service.concurrent.KitchenService$KitchenWorker -- Worker 8 completed order d9881226-5c0c-424d-ba31-a6fe19700482
03:40:36.644 [pool-28-thread-1] INFO com.university.restaurant.service.concurrent.KitchenService$KitchenWorker -- Worker 1 processing order 872f5015-17d3-4af9-9176-6ec4f67c5617
03:40:36.644 [pool-28-thread-7] INFO com.university.restaurant.service.concurrent.KitchenService$KitchenWorker -- Worker 7 completed order 653e57f8-930f-479f-a9ac-4a534ecab485
03:40:36.644 [pool-28-thread-10] INFO com.university.restaurant.service.concurrent.KitchenService$KitchenWorker -- Worker 10 processing order 543cd9ff-69f9-49f2-abe2-6d96cabe97ce
03:40:36.644 [pool-28-thread-8] INFO com.university.restaurant.service.concurrent.KitchenService$KitchenWorker -- Worker 8 processing order d4c6e04e-67ca-45cd-9b12-7bf0034fe70d
03:40:36.644 [pool-28-thread-7] INFO com.university.restaurant.service.concurrent.KitchenService$KitchenWorker -- Worker 7 processing order 4ad349a9-4672-4fd3-8b5d-63822e281f77
03:40:37.139 [pool-28-thread-3] INFO com.university.restaurant.service.concurrent.KitchenService$KitchenWorker -- Worker 3 completed order 33fc5630-acfe-423b-8f50-f522e31adad9
03:40:37.139 [pool-28-thread-2] INFO com.university.restaurant.service.concurrent.KitchenService$KitchenWorker -- Worker 2 completed order b3d5a73f-34ef-453a-af15-3c15cfbd858c
03:40:37.139 [pool-28-thread-5] INFO com.university.restaurant.service.concurrent.KitchenService$KitchenWorker -- Worker 5 completed order 5fd2559b-f6a4-4488-811b-ce94e423d642
03:40:37.139 [pool-28-thread-2] INFO com.university.restaurant.service.concurrent.KitchenService$KitchenWorker -- Worker 2 processing order b4eac52a-78d8-4a74-a6c9-3d2e7cdbe948
03:40:37.139 [pool-28-thread-3] INFO com.university.restaurant.service.concurrent.KitchenService$KitchenWorker -- Worker 3 processing order 48c8ae2a-4484-45f2-8a8d-0abcaf864dd3
03:40:37.139 [pool-28-thread-5] INFO com.university.restaurant.service.concurrent.KitchenService$KitchenWorker -- Worker 5 processing order 4f2595df-1b7e-4feb-ac98-237eb75820bb
03:40:37.155 [pool-28-thread-8] INFO com.university.restaurant.service.concurrent.KitchenService$KitchenWorker -- Worker 8 completed order d4c6e04e-67ca-45cd-9b12-7bf0034fe70d
03:40:37.155 [pool-28-thread-4] INFO com.university.restaurant.service.concurrent.KitchenService$KitchenWorker -- Worker 4 completed order 6767b027-01a1-405d-997f-1ba16e9716cf
03:40:37.155 [pool-28-thread-7] INFO com.university.restaurant.service.concurrent.KitchenService$KitchenWorker -- Worker 7 completed order 4ad349a9-4672-4fd3-8b5d-63822e281f77
03:40:37.155 [pool-28-thread-8] INFO com.university.restaurant.service.concurrent.KitchenService$KitchenWorker -- Worker 8 processing order 89e38c33-4171-4e29-b6c1-876d137822d1
03:40:37.155 [pool-28-thread-6] INFO com.university.restaurant.service.concurrent.KitchenService$KitchenWorker -- Worker 6 completed order a02932b4-4daf-403f-a9b4-8f418290dd65
03:40:37.155 [pool-28-thread-1] INFO com.university.restaurant.service.concurrent.KitchenService$KitchenWorker -- Worker 1 completed order 872f5015-17d3-4af9-9176-6ec4f67c5617
03:40:37.155 [pool-28-thread-10] INFO com.university.restaurant.service.concurrent.KitchenService$KitchenWorker -- Worker 10 completed order 543cd9ff-69f9-49f2-abe2-6d96cabe97ce
03:40:37.155 [pool-28-thread-9] INFO com.university.restaurant.service.concurrent.KitchenService$KitchenWorker -- Worker 9 completed order 3462eeac-9808-4693-8ef4-7a328c7bfc7c
03:40:37.155 [pool-28-thread-4] INFO com.university.restaurant.service.concurrent.KitchenService$KitchenWorker -- Worker 4 processing order 9ff7f701-8145-4bcb-97f9-741568ed7d66
03:40:37.155 [pool-28-thread-7] INFO com.university.restaurant.service.concurrent.KitchenService$KitchenWorker -- Worker 7 processing order 5ef69118-af48-41f2-8361-c39fab1527cf
03:40:37.155 [pool-28-thread-6] INFO com.university.restaurant.service.concurrent.KitchenService$KitchenWorker -- Worker 6 processing order 345011bc-d18a-4e6b-878f-d92d91933306
03:40:37.155 [pool-28-thread-1] INFO com.university.restaurant.service.concurrent.KitchenService$KitchenWorker -- Worker 1 processing order 92b02c68-e054-4496-9dca-ee4a2a5894b1
03:40:37.155 [pool-28-thread-10] INFO com.university.restaurant.service.concurrent.KitchenService$KitchenWorker -- Worker 10 processing order 5d2b1735-eeb9-486e-b384-5d5a73085a0d
03:40:37.155 [pool-28-thread-9] INFO com.university.restaurant.service.concurrent.KitchenService$KitchenWorker -- Worker 9 processing order 35d09a97-deba-4314-8255-404e4e5c7110
03:40:37.640 [pool-28-thread-2] INFO com.university.restaurant.service.concurrent.KitchenService$KitchenWorker -- Worker 2 completed order b4eac52a-78d8-4a74-a6c9-3d2e7cdbe948
03:40:37.640 [pool-28-thread-2] INFO com.university.restaurant.service.concurrent.KitchenService$KitchenWorker -- Worker 2 processing order 3cc31fa2-e10f-4a50-b270-3b0918bdae82
03:40:37.640 [pool-28-thread-3] INFO com.university.restaurant.service.concurrent.KitchenService$KitchenWorker -- Worker 3 completed order 48c8ae2a-4484-45f2-8a8d-0abcaf864dd3
03:40:37.640 [pool-28-thread-5] INFO com.university.restaurant.service.concurrent.KitchenService$KitchenWorker -- Worker 5 completed order 4f2595df-1b7e-4feb-ac98-237eb75820bb
03:40:37.640 [pool-28-thread-5] INFO com.university.restaurant.service.concurrent.KitchenService$KitchenWorker -- Worker 5 processing order dfa76e99-aaea-4c95-8759-ad28264b28c4
03:40:37.640 [pool-28-thread-3] INFO com.university.restaurant.service.concurrent.KitchenService$KitchenWorker -- Worker 3 processing order e27c2a12-0122-4201-9aea-b61500c0274b
03:40:37.656 [pool-28-thread-7] INFO com.university.restaurant.service.concurrent.KitchenService$KitchenWorker -- Worker 7 completed order 5ef69118-af48-41f2-8361-c39fab1527cf
03:40:37.656 [pool-28-thread-9] INFO com.university.restaurant.service.concurrent.KitchenService$KitchenWorker -- Worker 9 completed order 35d09a97-deba-4314-8255-404e4e5c7110
03:40:37.656 [pool-28-thread-1] INFO com.university.restaurant.service.concurrent.KitchenService$KitchenWorker -- Worker 1 completed order 92b02c68-e054-4496-9dca-ee4a2a5894b1
03:40:37.656 [pool-28-thread-10] INFO com.university.restaurant.service.concurrent.KitchenService$KitchenWorker -- Worker 10 completed order 5d2b1735-eeb9-486e-b384-5d5a73085a0d
03:40:37.656 [pool-28-thread-1] INFO com.university.restaurant.service.concurrent.KitchenService$KitchenWorker -- Worker 1 processing order 4f905f47-da89-48d0-991a-c567ece0fe90
03:40:37.656 [pool-28-thread-10] INFO com.university.restaurant.service.concurrent.KitchenService$KitchenWorker -- Worker 10 processing order 4dcc0478-441c-4f92-834a-c10c960523a7
03:40:37.656 [pool-28-thread-6] INFO com.university.restaurant.service.concurrent.KitchenService$KitchenWorker -- Worker 6 completed order 345011bc-d18a-4e6b-878f-d92d91933306
03:40:37.656 [pool-28-thread-4] INFO com.university.restaurant.service.concurrent.KitchenService$KitchenWorker -- Worker 4 completed order 9ff7f701-8145-4bcb-97f9-741568ed7d66
03:40:37.656 [pool-28-thread-8] INFO com.university.restaurant.service.concurrent.KitchenService$KitchenWorker -- Worker 8 completed order 89e38c33-4171-4e29-b6c1-876d137822d1
03:40:37.656 [pool-28-thread-7] INFO com.university.restaurant.service.concurrent.KitchenService$KitchenWorker -- Worker 7 processing order 1a295658-f4b0-4224-98cf-cde9ffd953f9
03:40:37.656 [pool-28-thread-9] INFO com.university.restaurant.service.concurrent.KitchenService$KitchenWorker -- Worker 9 processing order 0291bfbc-3730-4a68-9186-64fc65cc7868
03:40:37.656 [pool-28-thread-6] INFO com.university.restaurant.service.concurrent.KitchenService$KitchenWorker -- Worker 6 processing order 6081444a-2924-44e3-be0e-699d6b051d48
03:40:37.656 [pool-28-thread-4] INFO com.university.restaurant.service.concurrent.KitchenService$KitchenWorker -- Worker 4 processing order 41fd167f-e23f-4701-9303-75665ecc82c0
03:40:37.656 [pool-28-thread-8] INFO com.university.restaurant.service.concurrent.KitchenService$KitchenWorker -- Worker 8 processing order 033f06a5-814c-4d7a-8560-2b2c7ebb8f04
03:40:38.143 [pool-28-thread-2] INFO com.university.restaurant.service.concurrent.KitchenService$KitchenWorker -- Worker 2 completed order 3cc31fa2-e10f-4a50-b270-3b0918bdae82
03:40:38.143 [pool-28-thread-2] INFO com.university.restaurant.service.concurrent.KitchenService$KitchenWorker -- Worker 2 processing order bdca8900-453a-490b-ae5c-d3f5038697cc
03:40:38.143 [pool-28-thread-5] INFO com.university.restaurant.service.concurrent.KitchenService$KitchenWorker -- Worker 5 completed order dfa76e99-aaea-4c95-8759-ad28264b28c4
03:40:38.143 [pool-28-thread-3] INFO com.university.restaurant.service.concurrent.KitchenService$KitchenWorker -- Worker 3 completed order e27c2a12-0122-4201-9aea-b61500c0274b
03:40:38.143 [pool-28-thread-5] INFO com.university.restaurant.service.concurrent.KitchenService$KitchenWorker -- Worker 5 processing order e9a335d1-dbbc-4864-bd4d-ee07ecf72c91
03:40:38.143 [pool-28-thread-3] INFO com.university.restaurant.service.concurrent.KitchenService$KitchenWorker -- Worker 3 processing order 1276f508-2ead-45d4-9adc-98083dd18bcd
03:40:38.158 [pool-28-thread-1] INFO com.university.restaurant.service.concurrent.KitchenService$KitchenWorker -- Worker 1 completed order 4f905f47-da89-48d0-991a-c567ece0fe90
03:40:38.158 [pool-28-thread-10] INFO com.university.restaurant.service.concurrent.KitchenService$KitchenWorker -- Worker 10 completed order 4dcc0478-441c-4f92-834a-c10c960523a7
03:40:38.158 [pool-28-thread-1] INFO com.university.restaurant.service.concurrent.KitchenService$KitchenWorker -- Worker 1 processing order f5fb6e9e-cf69-48d1-82a6-a7f40603221c
03:40:38.158 [pool-28-thread-10] INFO com.university.restaurant.service.concurrent.KitchenService$KitchenWorker -- Worker 10 processing order 7e4ee1ab-b11c-4d75-8ecf-182d9dea6663
03:40:38.160 [pool-28-thread-9] INFO com.university.restaurant.service.concurrent.KitchenService$KitchenWorker -- Worker 9 completed order 0291bfbc-3730-4a68-9186-64fc65cc7868
03:40:38.160 [pool-28-thread-9] INFO com.university.restaurant.service.concurrent.KitchenService$KitchenWorker -- Worker 9 processing order 576fec7a-317f-4e17-b0c7-7a93ef808adb
03:40:38.160 [pool-28-thread-4] INFO com.university.restaurant.service.concurrent.KitchenService$KitchenWorker -- Worker 4 completed order 41fd167f-e23f-4701-9303-75665ecc82c0
03:40:38.160 [pool-28-thread-4] INFO com.university.restaurant.service.concurrent.KitchenService$KitchenWorker -- Worker 4 processing order 79fbb212-1c89-4615-ae8a-6feae1981c25
03:40:38.160 [pool-28-thread-6] INFO com.university.restaurant.service.concurrent.KitchenService$KitchenWorker -- Worker 6 completed order 6081444a-2924-44e3-be0e-699d6b051d48
03:40:38.160 [pool-28-thread-8] INFO com.university.restaurant.service.concurrent.KitchenService$KitchenWorker -- Worker 8 completed order 033f06a5-814c-4d7a-8560-2b2c7ebb8f04
03:40:38.160 [pool-28-thread-8] INFO com.university.restaurant.service.concurrent.KitchenService$KitchenWorker -- Worker 8 processing order 6b78869c-9625-4aeb-a806-38b19ff8f5b9
03:40:38.160 [pool-28-thread-7] INFO com.university.restaurant.service.concurrent.KitchenService$KitchenWorker -- Worker 7 completed order 1a295658-f4b0-4224-98cf-cde9ffd953f9
03:40:38.160 [pool-28-thread-6] INFO com.university.restaurant.service.concurrent.KitchenService$KitchenWorker -- Worker 6 processing order 34c70454-09ee-4f5f-8bd2-8ee96056fc02
03:40:38.160 [pool-28-thread-7] INFO com.university.restaurant.service.concurrent.KitchenService$KitchenWorker -- Worker 7 processing order 05f10652-0009-43d3-9176-3d039f7424cf
03:40:38.644 [pool-28-thread-2] INFO com.university.restaurant.service.concurrent.KitchenService$KitchenWorker -- Worker 2 completed order bdca8900-453a-490b-ae5c-d3f5038697cc
03:40:38.644 [pool-28-thread-3] INFO com.university.restaurant.service.concurrent.KitchenService$KitchenWorker -- Worker 3 completed order 1276f508-2ead-45d4-9adc-98083dd18bcd
03:40:38.647 [pool-28-thread-3] INFO com.university.restaurant.service.concurrent.KitchenService$KitchenWorker -- Worker 3 processing order 9220512a-25e2-4b96-bc64-bb5c0b91b653
03:40:38.644 [pool-28-thread-5] INFO com.university.restaurant.service.concurrent.KitchenService$KitchenWorker -- Worker 5 completed order e9a335d1-dbbc-4864-bd4d-ee07ecf72c91
03:40:38.647 [pool-28-thread-2] INFO com.university.restaurant.service.concurrent.KitchenService$KitchenWorker -- Worker 2 processing order f80ddb09-0a50-4234-a2d5-eacce8cd7bf8
03:40:38.647 [pool-28-thread-5] INFO com.university.restaurant.service.concurrent.KitchenService$KitchenWorker -- Worker 5 processing order 5583250a-5cd5-4e15-a52d-ffe0c6f2b675
03:40:38.660 [pool-28-thread-1] INFO com.university.restaurant.service.concurrent.KitchenService$KitchenWorker -- Worker 1 completed order f5fb6e9e-cf69-48d1-82a6-a7f40603221c
03:40:38.660 [pool-28-thread-1] INFO com.university.restaurant.service.concurrent.KitchenService$KitchenWorker -- Worker 1 processing order 728246ad-5fb5-4093-8a01-3d76d19bbecd
03:40:38.660 [pool-28-thread-10] INFO com.university.restaurant.service.concurrent.KitchenService$KitchenWorker -- Worker 10 completed order 7e4ee1ab-b11c-4d75-8ecf-182d9dea6663
03:40:38.660 [pool-28-thread-10] INFO com.university.restaurant.service.concurrent.KitchenService$KitchenWorker -- Worker 10 processing order 740424af-0ae6-4132-944f-9871e3662601
03:40:38.676 [pool-28-thread-4] INFO com.university.restaurant.service.concurrent.KitchenService$KitchenWorker -- Worker 4 completed order 79fbb212-1c89-4615-ae8a-6feae1981c25
03:40:38.676 [pool-28-thread-6] INFO com.university.restaurant.service.concurrent.KitchenService$KitchenWorker -- Worker 6 completed order 34c70454-09ee-4f5f-8bd2-8ee96056fc02
03:40:38.676 [pool-28-thread-9] INFO com.university.restaurant.service.concurrent.KitchenService$KitchenWorker -- Worker 9 completed order 576fec7a-317f-4e17-b0c7-7a93ef808adb
03:40:38.676 [pool-28-thread-8] INFO com.university.restaurant.service.concurrent.KitchenService$KitchenWorker -- Worker 8 completed order 6b78869c-9625-4aeb-a806-38b19ff8f5b9
03:40:38.676 [pool-28-thread-4] INFO com.university.restaurant.service.concurrent.KitchenService$KitchenWorker -- Worker 4 processing order 2efd2850-90df-4ef2-94ef-80aaf9cf68a1
03:40:38.678 [pool-28-thread-9] INFO com.university.restaurant.service.concurrent.KitchenService$KitchenWorker -- Worker 9 processing order d7d72dfc-9c9f-4c68-ad86-1994c7ae421c
03:40:38.678 [pool-28-thread-6] INFO com.university.restaurant.service.concurrent.KitchenService$KitchenWorker -- Worker 6 processing order aa90f987-30bd-4b98-b606-aba9c54f27ec
03:40:38.678 [pool-28-thread-7] INFO com.university.restaurant.service.concurrent.KitchenService$KitchenWorker -- Worker 7 completed order 05f10652-0009-43d3-9176-3d039f7424cf
03:40:38.678 [pool-28-thread-8] INFO com.university.restaurant.service.concurrent.KitchenService$KitchenWorker -- Worker 8 processing order 833c7781-afbe-4a74-ac80-26f81d6af8f0
03:40:38.678 [pool-28-thread-7] INFO com.university.restaurant.service.concurrent.KitchenService$KitchenWorker -- Worker 7 processing order 11ec9b32-fa8e-41f9-bd6d-4ca1f62f4b76
03:40:39.148 [pool-28-thread-2] INFO com.university.restaurant.service.concurrent.KitchenService$KitchenWorker -- Worker 2 completed order f80ddb09-0a50-4234-a2d5-eacce8cd7bf8
03:40:39.148 [pool-28-thread-2] INFO com.university.restaurant.service.concurrent.KitchenService$KitchenWorker -- Worker 2 processing order f7a6e85f-ec90-4a80-a1c1-62767ef5d805
03:40:39.148 [pool-28-thread-3] INFO com.university.restaurant.service.concurrent.KitchenService$KitchenWorker -- Worker 3 completed order 9220512a-25e2-4b96-bc64-bb5c0b91b653
03:40:39.148 [pool-28-thread-3] INFO com.university.restaurant.service.concurrent.KitchenService$KitchenWorker -- Worker 3 processing order dfa9ffb4-b80a-4792-a62d-79d192d9b971
03:40:39.148 [pool-28-thread-5] INFO com.university.restaurant.service.concurrent.KitchenService$KitchenWorker -- Worker 5 completed order 5583250a-5cd5-4e15-a52d-ffe0c6f2b675
03:40:39.148 [pool-28-thread-5] INFO com.university.restaurant.service.concurrent.KitchenService$KitchenWorker -- Worker 5 processing order a49531c0-3544-4b1a-a82a-bb7e32108d98
03:40:39.162 [pool-28-thread-1] INFO com.university.restaurant.service.concurrent.KitchenService$KitchenWorker -- Worker 1 completed order 728246ad-5fb5-4093-8a01-3d76d19bbecd
03:40:39.162 [pool-28-thread-10] INFO com.university.restaurant.service.concurrent.KitchenService$KitchenWorker -- Worker 10 completed order 740424af-0ae6-4132-944f-9871e3662601
03:40:39.162 [pool-28-thread-1] INFO com.university.restaurant.service.concurrent.KitchenService$KitchenWorker -- Worker 1 processing order 3ac2bca3-0a67-48a4-a5d0-e8ff1c362c26
03:40:39.164 [pool-28-thread-10] INFO com.university.restaurant.service.concurrent.KitchenService$KitchenWorker -- Worker 10 processing order ba84c46b-9fab-4baa-ba34-6158855ef831
03:40:39.179 [pool-28-thread-4] INFO com.university.restaurant.service.concurrent.KitchenService$KitchenWorker -- Worker 4 completed order 2efd2850-90df-4ef2-94ef-80aaf9cf68a1
03:40:39.179 [pool-28-thread-6] INFO com.university.restaurant.service.concurrent.KitchenService$KitchenWorker -- Worker 6 completed order aa90f987-30bd-4b98-b606-aba9c54f27ec
03:40:39.180 [pool-28-thread-4] INFO com.university.restaurant.service.concurrent.KitchenService$KitchenWorker -- Worker 4 processing order 071b2f61-5559-405d-a922-783e83ab64a6
03:40:39.179 [pool-28-thread-9] INFO com.university.restaurant.service.concurrent.KitchenService$KitchenWorker -- Worker 9 completed order d7d72dfc-9c9f-4c68-ad86-1994c7ae421c
03:40:39.180 [pool-28-thread-6] INFO com.university.restaurant.service.concurrent.KitchenService$KitchenWorker -- Worker 6 processing order bbba0e15-a31b-477f-b937-d26982b60be6
03:40:39.180 [pool-28-thread-9] INFO com.university.restaurant.service.concurrent.KitchenService$KitchenWorker -- Worker 9 processing order ccb351fd-45fb-4274-a0b4-c75da7e3c792
03:40:39.181 [pool-28-thread-8] INFO com.university.restaurant.service.concurrent.KitchenService$KitchenWorker -- Worker 8 completed order 833c7781-afbe-4a74-ac80-26f81d6af8f0
03:40:39.181 [pool-28-thread-8] INFO com.university.restaurant.service.concurrent.KitchenService$KitchenWorker -- Worker 8 processing order 88c3ec38-de7d-4983-8999-dbdbf82a0877
03:40:39.181 [pool-28-thread-7] INFO com.university.restaurant.service.concurrent.KitchenService$KitchenWorker -- Worker 7 completed order 11ec9b32-fa8e-41f9-bd6d-4ca1f62f4b76
03:40:39.181 [pool-28-thread-7] INFO com.university.restaurant.service.concurrent.KitchenService$KitchenWorker -- Worker 7 processing order 02a45171-a775-40e8-99d2-a9488eb9ceb2
03:40:39.659 [pool-28-thread-2] INFO com.university.restaurant.service.concurrent.KitchenService$KitchenWorker -- Worker 2 completed order f7a6e85f-ec90-4a80-a1c1-62767ef5d805
03:40:39.659 [pool-28-thread-3] INFO com.university.restaurant.service.concurrent.KitchenService$KitchenWorker -- Worker 3 completed order dfa9ffb4-b80a-4792-a62d-79d192d9b971
03:40:39.659 [pool-28-thread-5] INFO com.university.restaurant.service.concurrent.KitchenService$KitchenWorker -- Worker 5 completed order a49531c0-3544-4b1a-a82a-bb7e32108d98
03:40:39.676 [pool-28-thread-10] INFO com.university.restaurant.service.concurrent.KitchenService$KitchenWorker -- Worker 10 completed order ba84c46b-9fab-4baa-ba34-6158855ef831
03:40:39.676 [pool-28-thread-1] INFO com.university.restaurant.service.concurrent.KitchenService$KitchenWorker -- Worker 1 completed order 3ac2bca3-0a67-48a4-a5d0-e8ff1c362c26
03:40:39.692 [pool-28-thread-4] INFO com.university.restaurant.service.concurrent.KitchenService$KitchenWorker -- Worker 4 completed order 071b2f61-5559-405d-a922-783e83ab64a6
03:40:39.692 [pool-28-thread-7] INFO com.university.restaurant.service.concurrent.KitchenService$KitchenWorker -- Worker 7 completed order 02a45171-a775-40e8-99d2-a9488eb9ceb2
03:40:39.692 [pool-28-thread-8] INFO com.university.restaurant.service.concurrent.KitchenService$KitchenWorker -- Worker 8 completed order 88c3ec38-de7d-4983-8999-dbdbf82a0877
03:40:39.692 [pool-28-thread-6] INFO com.university.restaurant.service.concurrent.KitchenService$KitchenWorker -- Worker 6 completed order bbba0e15-a31b-477f-b937-d26982b60be6
03:40:39.692 [pool-28-thread-9] INFO com.university.restaurant.service.concurrent.KitchenService$KitchenWorker -- Worker 9 completed order ccb351fd-45fb-4274-a0b4-c75da7e3c792
03:41:04.647 [pool-28-thread-4] INFO com.university.restaurant.service.concurrent.KitchenService$KitchenWorker -- Kitchen worker 4 interrupted
03:41:04.647 [pool-28-thread-3] INFO com.university.restaurant.service.concurrent.KitchenService$KitchenWorker -- Kitchen worker 3 interrupted
03:41:04.647 [pool-28-thread-5] INFO com.university.restaurant.service.concurrent.KitchenService$KitchenWorker -- Kitchen worker 5 interrupted
03:41:04.649 [pool-28-thread-7] INFO com.university.restaurant.service.concurrent.KitchenService$KitchenWorker -- Kitchen worker 7 interrupted
03:41:04.649 [pool-28-thread-7] INFO com.university.restaurant.service.concurrent.KitchenService$KitchenWorker -- Kitchen worker 7 stopped
03:41:04.647 [pool-28-thread-9] INFO com.university.restaurant.service.concurrent.KitchenService$KitchenWorker -- Kitchen worker 9 interrupted
03:41:04.647 [pool-28-thread-8] INFO com.university.restaurant.service.concurrent.KitchenService$KitchenWorker -- Kitchen worker 8 interrupted
03:41:04.649 [pool-28-thread-8] INFO com.university.restaurant.service.concurrent.KitchenService$KitchenWorker -- Kitchen worker 8 stopped
03:41:04.647 [pool-28-thread-1] INFO com.university.restaurant.service.concurrent.KitchenService$KitchenWorker -- Kitchen worker 1 interrupted
03:41:04.647 [pool-28-thread-6] INFO com.university.restaurant.service.concurrent.KitchenService$KitchenWorker -- Kitchen worker 6 interrupted
03:41:04.649 [pool-28-thread-6] INFO com.university.restaurant.service.concurrent.KitchenService$KitchenWorker -- Kitchen worker 6 stopped
03:41:04.647 [pool-28-thread-4] INFO com.university.restaurant.service.concurrent.KitchenService$KitchenWorker -- Kitchen worker 4 stopped
03:41:04.649 [pool-28-thread-3] INFO com.university.restaurant.service.concurrent.KitchenService$KitchenWorker -- Kitchen worker 3 stopped
03:41:04.649 [pool-28-thread-2] INFO com.university.restaurant.service.concurrent.KitchenService$KitchenWorker -- Kitchen worker 2 interrupted
03:41:04.649 [pool-28-thread-10] INFO com.university.restaurant.service.concurrent.KitchenService$KitchenWorker -- Kitchen worker 10 interrupted
03:41:04.649 [main] INFO com.university.restaurant.service.concurrent.KitchenService -- Kitchen service shut down
03:41:04.649 [pool-28-thread-5] INFO com.university.restaurant.service.concurrent.KitchenService$KitchenWorker -- Kitchen worker 5 stopped
03:41:04.649 [pool-28-thread-9] INFO com.university.restaurant.service.concurrent.KitchenService$KitchenWorker -- Kitchen worker 9 stopped
03:41:04.649 [pool-28-thread-1] INFO com.university.restaurant.service.concurrent.KitchenService$KitchenWorker -- Kitchen worker 1 stopped
03:41:04.651 [pool-28-thread-10] INFO com.university.restaurant.service.concurrent.KitchenService$KitchenWorker -- Kitchen worker 10 stopped
03:41:04.651 [pool-28-thread-2] INFO com.university.restaurant.service.concurrent.KitchenService$KitchenWorker -- Kitchen worker 2 stopped
]]></system-out>
  </testcase>
  <testcase name="submitOrder_shouldBeProcessedByWorkers" classname="com.university.restaurant.concurrent.KitchenServiceTest" time="30.583">
    <system-out><![CDATA[03:41:04.661 [main] INFO com.university.restaurant.service.concurrent.KitchenService -- Kitchen service started with 3 workers
03:41:04.661 [pool-30-thread-1] INFO com.university.restaurant.service.concurrent.KitchenService$KitchenWorker -- Kitchen worker 1 started
03:41:04.663 [pool-30-thread-1] INFO com.university.restaurant.service.concurrent.KitchenService$KitchenWorker -- Worker 1 processing order 689fe3bc-753d-453a-b585-72937f295e6b
03:41:04.663 [main] INFO com.university.restaurant.service.concurrent.KitchenService -- Order 689fe3bc-753d-453a-b585-72937f295e6b submitted to kitchen queue
03:41:04.663 [pool-30-thread-2] INFO com.university.restaurant.service.concurrent.KitchenService$KitchenWorker -- Kitchen worker 2 started
03:41:04.663 [pool-30-thread-3] INFO com.university.restaurant.service.concurrent.KitchenService$KitchenWorker -- Kitchen worker 3 started
03:41:05.174 [pool-30-thread-1] INFO com.university.restaurant.service.concurrent.KitchenService$KitchenWorker -- Worker 1 completed order 689fe3bc-753d-453a-b585-72937f295e6b
03:41:35.238 [main] INFO com.university.restaurant.service.concurrent.KitchenService -- Kitchen service shut down
03:41:35.238 [pool-30-thread-1] INFO com.university.restaurant.service.concurrent.KitchenService$KitchenWorker -- Kitchen worker 1 interrupted
03:41:35.238 [pool-30-thread-1] INFO com.university.restaurant.service.concurrent.KitchenService$KitchenWorker -- Kitchen worker 1 stopped
03:41:35.238 [pool-30-thread-2] INFO com.university.restaurant.service.concurrent.KitchenService$KitchenWorker -- Kitchen worker 2 interrupted
03:41:35.238 [pool-30-thread-3] INFO com.university.restaurant.service.concurrent.KitchenService$KitchenWorker -- Kitchen worker 3 interrupted
03:41:35.238 [pool-30-thread-2] INFO com.university.restaurant.service.concurrent.KitchenService$KitchenWorker -- Kitchen worker 2 stopped
03:41:35.238 [pool-30-thread-3] INFO com.university.restaurant.service.concurrent.KitchenService$KitchenWorker -- Kitchen worker 3 stopped
]]></system-out>
  </testcase>
  <testcase name="shutdown_shouldStopProcessing" classname="com.university.restaurant.concurrent.KitchenServiceTest" time="30.014">
    <system-out><![CDATA[03:41:35.251 [main] INFO com.university.restaurant.service.concurrent.KitchenService -- Kitchen service started with 2 workers
03:41:35.252 [pool-31-thread-1] INFO com.university.restaurant.service.concurrent.KitchenService$KitchenWorker -- Kitchen worker 1 started
03:41:35.252 [main] INFO com.university.restaurant.service.concurrent.KitchenService -- Order 2986d246-1fe2-4d6e-bb0e-dae9bf3eefa0 submitted to kitchen queue
03:41:35.252 [pool-31-thread-2] INFO com.university.restaurant.service.concurrent.KitchenService$KitchenWorker -- Kitchen worker 2 started
03:41:35.252 [pool-31-thread-1] INFO com.university.restaurant.service.concurrent.KitchenService$KitchenWorker -- Worker 1 processing order 2986d246-1fe2-4d6e-bb0e-dae9bf3eefa0
03:41:35.268 [pool-31-thread-1] INFO com.university.restaurant.service.concurrent.KitchenService$KitchenWorker -- Worker 1 completed order 2986d246-1fe2-4d6e-bb0e-dae9bf3eefa0
03:42:05.256 [main] INFO com.university.restaurant.service.concurrent.KitchenService -- Kitchen service shut down
03:42:05.256 [pool-31-thread-2] INFO com.university.restaurant.service.concurrent.KitchenService$KitchenWorker -- Kitchen worker 2 interrupted
03:42:05.256 [pool-31-thread-2] INFO com.university.restaurant.service.concurrent.KitchenService$KitchenWorker -- Kitchen worker 2 stopped
03:42:05.256 [pool-31-thread-1] INFO com.university.restaurant.service.concurrent.KitchenService$KitchenWorker -- Kitchen worker 1 interrupted
03:42:05.256 [pool-31-thread-1] INFO com.university.restaurant.service.concurrent.KitchenService$KitchenWorker -- Kitchen worker 1 stopped
03:42:05.256 [main] INFO com.university.restaurant.service.concurrent.KitchenService -- Kitchen service shut down
]]></system-out>
  </testcase>
  <testcase name="multipleOrders_shouldBeProcessedConcurrently" classname="com.university.restaurant.concurrent.KitchenServiceTest" time="32.175">
    <system-out><![CDATA[03:42:05.272 [pool-32-thread-2] INFO com.university.restaurant.service.concurrent.KitchenService$KitchenWorker -- Kitchen worker 2 started
03:42:05.272 [pool-32-thread-1] INFO com.university.restaurant.service.concurrent.KitchenService$KitchenWorker -- Kitchen worker 1 started
03:42:05.272 [pool-32-thread-3] INFO com.university.restaurant.service.concurrent.KitchenService$KitchenWorker -- Kitchen worker 3 started
03:42:05.272 [main] INFO com.university.restaurant.service.concurrent.KitchenService -- Kitchen service started with 5 workers
03:42:05.272 [pool-32-thread-4] INFO com.university.restaurant.service.concurrent.KitchenService$KitchenWorker -- Kitchen worker 4 started
03:42:05.272 [main] INFO com.university.restaurant.service.concurrent.KitchenService -- Order d0c1e9c8-141f-4cc6-8e31-725652c95285 submitted to kitchen queue
03:42:05.272 [pool-32-thread-2] INFO com.university.restaurant.service.concurrent.KitchenService$KitchenWorker -- Worker 2 processing order d0c1e9c8-141f-4cc6-8e31-725652c95285
03:42:05.272 [main] INFO com.university.restaurant.service.concurrent.KitchenService -- Order de07da5a-e4a7-4c40-a4a9-335ac049db08 submitted to kitchen queue
03:42:05.272 [pool-32-thread-1] INFO com.university.restaurant.service.concurrent.KitchenService$KitchenWorker -- Worker 1 processing order de07da5a-e4a7-4c40-a4a9-335ac049db08
03:42:05.272 [pool-32-thread-3] INFO com.university.restaurant.service.concurrent.KitchenService$KitchenWorker -- Worker 3 processing order be68ca8c-a28b-4d55-ba4c-3b6026b018d4
03:42:05.272 [main] INFO com.university.restaurant.service.concurrent.KitchenService -- Order be68ca8c-a28b-4d55-ba4c-3b6026b018d4 submitted to kitchen queue
03:42:05.272 [main] INFO com.university.restaurant.service.concurrent.KitchenService -- Order 529e983b-4404-4729-8de5-578b2125103f submitted to kitchen queue
03:42:05.272 [main] INFO com.university.restaurant.service.concurrent.KitchenService -- Order 70ad4c5d-e552-4aab-830d-f64f872c6d8e submitted to kitchen queue
03:42:05.272 [pool-32-thread-5] INFO com.university.restaurant.service.concurrent.KitchenService$KitchenWorker -- Kitchen worker 5 started
03:42:05.272 [pool-32-thread-4] INFO com.university.restaurant.service.concurrent.KitchenService$KitchenWorker -- Worker 4 processing order 529e983b-4404-4729-8de5-578b2125103f
03:42:05.278 [main] INFO com.university.restaurant.service.concurrent.KitchenService -- Order 9dcdb85f-0521-4d0b-8ac4-c4b4ffdf8871 submitted to kitchen queue
03:42:05.278 [pool-32-thread-5] INFO com.university.restaurant.service.concurrent.KitchenService$KitchenWorker -- Worker 5 processing order 70ad4c5d-e552-4aab-830d-f64f872c6d8e
03:42:05.278 [main] INFO com.university.restaurant.service.concurrent.KitchenService -- Order be1b67b8-d4b1-4054-af95-6e099767a90f submitted to kitchen queue
03:42:05.278 [main] INFO com.university.restaurant.service.concurrent.KitchenService -- Order 6922af5b-069a-49d5-9261-92ae4eea912b submitted to kitchen queue
03:42:05.278 [main] INFO com.university.restaurant.service.concurrent.KitchenService -- Order 04fe8b19-4292-4919-81a7-e1ef1495dbc8 submitted to kitchen queue
03:42:05.278 [main] INFO com.university.restaurant.service.concurrent.KitchenService -- Order 70bc530f-ebe3-4884-be1b-dc2343fa2e04 submitted to kitchen queue
03:42:05.278 [main] INFO com.university.restaurant.service.concurrent.KitchenService -- Order d93cf2c0-51c8-4b3d-8c13-c3edd81360c5 submitted to kitchen queue
03:42:05.278 [main] INFO com.university.restaurant.service.concurrent.KitchenService -- Order 6ad19a25-7976-4d46-ad84-8d2706063c0c submitted to kitchen queue
03:42:05.278 [main] INFO com.university.restaurant.service.concurrent.KitchenService -- Order dd8c5e7f-4e92-47e2-90ac-0d3656e82fb3 submitted to kitchen queue
03:42:05.278 [main] INFO com.university.restaurant.service.concurrent.KitchenService -- Order 57eb8e54-64cf-4370-ab2f-90f3da989685 submitted to kitchen queue
03:42:05.278 [main] INFO com.university.restaurant.service.concurrent.KitchenService -- Order 20b7522f-c516-4c63-8343-5d8c37c36d16 submitted to kitchen queue
03:42:05.278 [main] INFO com.university.restaurant.service.concurrent.KitchenService -- Order 95a3c7cd-cb60-45cd-9106-3e75ed9d0ace submitted to kitchen queue
03:42:05.288 [main] INFO com.university.restaurant.service.concurrent.KitchenService -- Order 8e259e94-495b-4745-b304-8e909169debe submitted to kitchen queue
03:42:05.288 [main] INFO com.university.restaurant.service.concurrent.KitchenService -- Order 26bc203f-4b27-4600-84bf-f4709e83b6e2 submitted to kitchen queue
03:42:05.288 [main] INFO com.university.restaurant.service.concurrent.KitchenService -- Order 96e16f32-b65a-44c6-9ef5-c1687db87b19 submitted to kitchen queue
03:42:05.288 [main] INFO com.university.restaurant.service.concurrent.KitchenService -- Order b549c946-77ee-4d40-bef0-8075203834f9 submitted to kitchen queue
03:42:05.784 [pool-32-thread-1] INFO com.university.restaurant.service.concurrent.KitchenService$KitchenWorker -- Worker 1 completed order de07da5a-e4a7-4c40-a4a9-335ac049db08
03:42:05.784 [pool-32-thread-1] INFO com.university.restaurant.service.concurrent.KitchenService$KitchenWorker -- Worker 1 processing order 9dcdb85f-0521-4d0b-8ac4-c4b4ffdf8871
03:42:05.784 [pool-32-thread-3] INFO com.university.restaurant.service.concurrent.KitchenService$KitchenWorker -- Worker 3 completed order be68ca8c-a28b-4d55-ba4c-3b6026b018d4
03:42:05.786 [pool-32-thread-3] INFO com.university.restaurant.service.concurrent.KitchenService$KitchenWorker -- Worker 3 processing order be1b67b8-d4b1-4054-af95-6e099767a90f
03:42:05.784 [pool-32-thread-4] INFO com.university.restaurant.service.concurrent.KitchenService$KitchenWorker -- Worker 4 completed order 529e983b-4404-4729-8de5-578b2125103f
03:42:05.784 [pool-32-thread-2] INFO com.university.restaurant.service.concurrent.KitchenService$KitchenWorker -- Worker 2 completed order d0c1e9c8-141f-4cc6-8e31-725652c95285
03:42:05.786 [pool-32-thread-4] INFO com.university.restaurant.service.concurrent.KitchenService$KitchenWorker -- Worker 4 processing order 6922af5b-069a-49d5-9261-92ae4eea912b
03:42:05.786 [pool-32-thread-2] INFO com.university.restaurant.service.concurrent.KitchenService$KitchenWorker -- Worker 2 processing order 04fe8b19-4292-4919-81a7-e1ef1495dbc8
03:42:05.788 [pool-32-thread-5] INFO com.university.restaurant.service.concurrent.KitchenService$KitchenWorker -- Worker 5 completed order 70ad4c5d-e552-4aab-830d-f64f872c6d8e
03:42:05.788 [pool-32-thread-5] INFO com.university.restaurant.service.concurrent.KitchenService$KitchenWorker -- Worker 5 processing order 70bc530f-ebe3-4884-be1b-dc2343fa2e04
03:42:06.292 [pool-32-thread-1] INFO com.university.restaurant.service.concurrent.KitchenService$KitchenWorker -- Worker 1 completed order 9dcdb85f-0521-4d0b-8ac4-c4b4ffdf8871
03:42:06.292 [pool-32-thread-1] INFO com.university.restaurant.service.concurrent.KitchenService$KitchenWorker -- Worker 1 processing order d93cf2c0-51c8-4b3d-8c13-c3edd81360c5
03:42:06.292 [pool-32-thread-3] INFO com.university.restaurant.service.concurrent.KitchenService$KitchenWorker -- Worker 3 completed order be1b67b8-d4b1-4054-af95-6e099767a90f
03:42:06.292 [pool-32-thread-5] INFO com.university.restaurant.service.concurrent.KitchenService$KitchenWorker -- Worker 5 completed order 70bc530f-ebe3-4884-be1b-dc2343fa2e04
03:42:06.292 [pool-32-thread-3] INFO com.university.restaurant.service.concurrent.KitchenService$KitchenWorker -- Worker 3 processing order 6ad19a25-7976-4d46-ad84-8d2706063c0c
03:42:06.292 [pool-32-thread-4] INFO com.university.restaurant.service.concurrent.KitchenService$KitchenWorker -- Worker 4 completed order 6922af5b-069a-49d5-9261-92ae4eea912b
03:42:06.292 [pool-32-thread-4] INFO com.university.restaurant.service.concurrent.KitchenService$KitchenWorker -- Worker 4 processing order 57eb8e54-64cf-4370-ab2f-90f3da989685
03:42:06.292 [pool-32-thread-2] INFO com.university.restaurant.service.concurrent.KitchenService$KitchenWorker -- Worker 2 completed order 04fe8b19-4292-4919-81a7-e1ef1495dbc8
03:42:06.292 [pool-32-thread-5] INFO com.university.restaurant.service.concurrent.KitchenService$KitchenWorker -- Worker 5 processing order dd8c5e7f-4e92-47e2-90ac-0d3656e82fb3
03:42:06.292 [pool-32-thread-2] INFO com.university.restaurant.service.concurrent.KitchenService$KitchenWorker -- Worker 2 processing order 20b7522f-c516-4c63-8343-5d8c37c36d16
03:42:06.797 [pool-32-thread-2] INFO com.university.restaurant.service.concurrent.KitchenService$KitchenWorker -- Worker 2 completed order 20b7522f-c516-4c63-8343-5d8c37c36d16
03:42:06.797 [pool-32-thread-1] INFO com.university.restaurant.service.concurrent.KitchenService$KitchenWorker -- Worker 1 completed order d93cf2c0-51c8-4b3d-8c13-c3edd81360c5
03:42:06.797 [pool-32-thread-1] INFO com.university.restaurant.service.concurrent.KitchenService$KitchenWorker -- Worker 1 processing order 8e259e94-495b-4745-b304-8e909169debe
03:42:06.797 [pool-32-thread-5] INFO com.university.restaurant.service.concurrent.KitchenService$KitchenWorker -- Worker 5 completed order dd8c5e7f-4e92-47e2-90ac-0d3656e82fb3
03:42:06.797 [pool-32-thread-5] INFO com.university.restaurant.service.concurrent.KitchenService$KitchenWorker -- Worker 5 processing order 26bc203f-4b27-4600-84bf-f4709e83b6e2
03:42:06.797 [pool-32-thread-3] INFO com.university.restaurant.service.concurrent.KitchenService$KitchenWorker -- Worker 3 completed order 6ad19a25-7976-4d46-ad84-8d2706063c0c
03:42:06.797 [pool-32-thread-3] INFO com.university.restaurant.service.concurrent.KitchenService$KitchenWorker -- Worker 3 processing order 96e16f32-b65a-44c6-9ef5-c1687db87b19
03:42:06.797 [pool-32-thread-4] INFO com.university.restaurant.service.concurrent.KitchenService$KitchenWorker -- Worker 4 completed order 57eb8e54-64cf-4370-ab2f-90f3da989685
03:42:06.797 [pool-32-thread-4] INFO com.university.restaurant.service.concurrent.KitchenService$KitchenWorker -- Worker 4 processing order b549c946-77ee-4d40-bef0-8075203834f9
03:42:06.797 [pool-32-thread-2] INFO com.university.restaurant.service.concurrent.KitchenService$KitchenWorker -- Worker 2 processing order 95a3c7cd-cb60-45cd-9106-3e75ed9d0ace
03:42:07.313 [pool-32-thread-3] INFO com.university.restaurant.service.concurrent.KitchenService$KitchenWorker -- Worker 3 completed order 96e16f32-b65a-44c6-9ef5-c1687db87b19
03:42:07.313 [pool-32-thread-4] INFO com.university.restaurant.service.concurrent.KitchenService$KitchenWorker -- Worker 4 completed order b549c946-77ee-4d40-bef0-8075203834f9
03:42:07.313 [pool-32-thread-2] INFO com.university.restaurant.service.concurrent.KitchenService$KitchenWorker -- Worker 2 completed order 95a3c7cd-cb60-45cd-9106-3e75ed9d0ace
03:42:07.313 [pool-32-thread-5] INFO com.university.restaurant.service.concurrent.KitchenService$KitchenWorker -- Worker 5 completed order 26bc203f-4b27-4600-84bf-f4709e83b6e2
03:42:07.313 [pool-32-thread-1] INFO com.university.restaurant.service.concurrent.KitchenService$KitchenWorker -- Worker 1 completed order 8e259e94-495b-4745-b304-8e909169debe
03:42:37.437 [pool-32-thread-5] INFO com.university.restaurant.service.concurrent.KitchenService$KitchenWorker -- Kitchen worker 5 interrupted
03:42:37.437 [pool-32-thread-2] INFO com.university.restaurant.service.concurrent.KitchenService$KitchenWorker -- Kitchen worker 2 interrupted
03:42:37.437 [pool-32-thread-4] INFO com.university.restaurant.service.concurrent.KitchenService$KitchenWorker -- Kitchen worker 4 interrupted
03:42:37.437 [pool-32-thread-5] INFO com.university.restaurant.service.concurrent.KitchenService$KitchenWorker -- Kitchen worker 5 stopped
03:42:37.437 [pool-32-thread-3] INFO com.university.restaurant.service.concurrent.KitchenService$KitchenWorker -- Kitchen worker 3 interrupted
03:42:37.437 [pool-32-thread-2] INFO com.university.restaurant.service.concurrent.KitchenService$KitchenWorker -- Kitchen worker 2 stopped
03:42:37.437 [pool-32-thread-3] INFO com.university.restaurant.service.concurrent.KitchenService$KitchenWorker -- Kitchen worker 3 stopped
03:42:37.437 [pool-32-thread-4] INFO com.university.restaurant.service.concurrent.KitchenService$KitchenWorker -- Kitchen worker 4 stopped
03:42:37.437 [main] INFO com.university.restaurant.service.concurrent.KitchenService -- Kitchen service shut down
03:42:37.437 [pool-32-thread-1] INFO com.university.restaurant.service.concurrent.KitchenService$KitchenWorker -- Kitchen worker 1 interrupted
03:42:37.439 [pool-32-thread-1] INFO com.university.restaurant.service.concurrent.KitchenService$KitchenWorker -- Kitchen worker 1 stopped
]]></system-out>
  </testcase>
  <testcase name="queueSize_shouldReflectPendingOrders" classname="com.university.restaurant.concurrent.KitchenServiceTest" time="30.025">
    <system-out><![CDATA[03:42:37.447 [main] INFO com.university.restaurant.service.concurrent.KitchenService -- Kitchen service started with 1 workers
03:42:37.447 [main] INFO com.university.restaurant.service.concurrent.KitchenService -- Order 094328c8-85cb-4d48-8f2c-5baaa515f776 submitted to kitchen queue
03:42:37.447 [pool-33-thread-1] INFO com.university.restaurant.service.concurrent.KitchenService$KitchenWorker -- Kitchen worker 1 started
03:42:37.447 [main] INFO com.university.restaurant.service.concurrent.KitchenService -- Order dc63923b-542b-4e44-bbef-1ec883bea9d3 submitted to kitchen queue
03:42:37.447 [pool-33-thread-1] INFO com.university.restaurant.service.concurrent.KitchenService$KitchenWorker -- Worker 1 processing order 094328c8-85cb-4d48-8f2c-5baaa515f776
03:42:37.452 [pool-33-thread-1] INFO com.university.restaurant.service.concurrent.KitchenService$KitchenWorker -- Worker 1 completed order 094328c8-85cb-4d48-8f2c-5baaa515f776
03:42:37.452 [pool-33-thread-1] INFO com.university.restaurant.service.concurrent.KitchenService$KitchenWorker -- Worker 1 processing order dc63923b-542b-4e44-bbef-1ec883bea9d3
03:42:37.452 [pool-33-thread-1] INFO com.university.restaurant.service.concurrent.KitchenService$KitchenWorker -- Worker 1 completed order dc63923b-542b-4e44-bbef-1ec883bea9d3
03:43:07.466 [main] INFO com.university.restaurant.service.concurrent.KitchenService -- Kitchen service shut down
03:43:07.466 [pool-33-thread-1] INFO com.university.restaurant.service.concurrent.KitchenService$KitchenWorker -- Kitchen worker 1 interrupted
03:43:07.466 [pool-33-thread-1] INFO com.university.restaurant.service.concurrent.KitchenService$KitchenWorker -- Kitchen worker 1 stopped
]]></system-out>
  </testcase>
</testsuite>