<?xml version="1.0" encoding="UTF-8"?>
<testsuite xmlns:xsi="http://www.w3.org/2001/XMLSchema-instance" xsi:noNamespaceSchemaLocation="https://maven.apache.org/surefire/maven-surefire-plugin/xsd/surefire-test-report-3.0.xsd" version="3.0" name="com.university.restaurant.concurrent.SafeTableTransferServiceTest" time="0.162" tests="10" errors="0" skipped="0" failures="0">
  <properties>
[...]
</properties>
  <testcase name="tryReserveTable_withTimeout_shouldSucceed_onValidTable" classname="com.university.restaurant.concurrent.SafeTableTransferServiceTest" time="0.008">
    <system-out><![CDATA[03:43:07.500 [main] INFO com.university.restaurant.service.concurrent.DeadlockSafeReservationService -- Reserved e1a50875-b9a3-4acc-a6a7-5bc1f355e2df
]]></system-out>
  </testcase>
  <testcase name="reserveMultipleTables_allAvailable_shouldSucceed" classname="com.university.restaurant.concurrent.SafeTableTransferServiceTest" time="0.005">
    <system-out><![CDATA[03:43:07.509 [main] INFO com.university.restaurant.service.concurrent.SafeTableTransferService -- Reserved tables [5, 6, 7] for reservation 36b8f529-bc41-4e07-afb4-2da9b51ae79d
]]></system-out>
  </testcase>
  <testcase name="tryReserveTable_invalidTable_shouldThrowException" classname="com.university.restaurant.concurrent.SafeTableTransferServiceTest" time="0"/>
  <testcase name="highContention_multipleOperations_shouldFinish" classname="com.university.restaurant.concurrent.SafeTableTransferServiceTest" time="0.05">
    <system-out><![CDATA[03:43:07.527 [pool-34-thread-2] INFO com.university.restaurant.service.concurrent.SafeTableTransferService -- Reserved tables [12, 21] for reservation 90adf2d3-f3e4-4827-b1a0-47ab7dad1ae5
03:43:07.527 [pool-34-thread-4] INFO com.university.restaurant.service.concurrent.SafeTableTransferService -- Reserved tables [6, 17] for reservation cdfaf7f0-538a-400e-a290-12f3f17ad84f
03:43:07.527 [pool-34-thread-2] INFO com.university.restaurant.service.concurrent.DeadlockSafeReservationService -- Reserved c2c253c6-b21d-4b75-8d7b-b4b0af6c6c90
03:43:07.529 [pool-34-thread-4] INFO com.university.restaurant.service.concurrent.SafeTableTransferService -- Reserved tables [7, 23] for reservation f9b46b90-9aa0-40a5-b64f-8fa82bf0551b
03:43:07.529 [pool-34-thread-1] INFO com.university.restaurant.service.concurrent.SafeTableTransferService -- Reserved tables [10, 25] for reservation 9cbc2692-2ff4-4fc4-90d5-9ca896a2e5ba
03:43:07.530 [pool-34-thread-2] INFO com.university.restaurant.service.concurrent.SafeTableTransferService -- Reserved tables [1, 24] for reservation 7bddec49-5157-4ac9-9ecf-cdf9e1ca3e9d
03:43:07.530 [pool-34-thread-5] INFO com.university.restaurant.service.concurrent.DeadlockSafeReservationService -- Reserved f15844cd-a5da-4738-8c2b-441fc9c3ea38
03:43:07.530 [pool-34-thread-2] INFO com.university.restaurant.service.concurrent.SafeTableTransferService -- Reserved tables [4, 27] for reservation 96c2ffee-fa53-4d47-b392-e10e7b338959
03:43:07.530 [pool-34-thread-4] INFO com.university.restaurant.service.concurrent.DeadlockSafeReservationService -- Reserved fec28b0f-df88-4f23-9ecb-47fea9ed3b8c
03:43:07.530 [pool-34-thread-7] INFO com.university.restaurant.service.concurrent.DeadlockSafeReservationService -- Reserved 9f1a0b47-671d-49ac-9944-d1b6cc62d33d
03:43:07.530 [pool-34-thread-9] INFO com.university.restaurant.service.concurrent.SafeTableTransferService -- Reserved tables [10, 16] for reservation 77c44078-6380-4c99-beec-e2d9623ee8aa
03:43:07.530 [pool-34-thread-2] INFO com.university.restaurant.service.concurrent.DeadlockSafeReservationService -- Reserved 0c405631-67d1-43c1-a87d-0fa452fd8e89
03:43:07.530 [pool-34-thread-4] INFO com.university.restaurant.service.concurrent.SafeTableTransferService -- Reserved tables [13, 26] for reservation df389e50-1792-4592-99cf-9e119482581b
03:43:07.530 [pool-34-thread-7] INFO com.university.restaurant.service.concurrent.SafeTableTransferService -- Reserved tables [6, 24] for reservation 6702091d-64ea-40e8-a8a6-ba233b077da0
03:43:07.530 [pool-34-thread-2] INFO com.university.restaurant.service.concurrent.SafeTableTransferService -- Reserved tables [9, 19] for reservation d3508d3a-e6b9-4d7c-810c-13431e0f13ca
03:43:07.530 [pool-34-thread-8] INFO com.university.restaurant.service.concurrent.SafeTableTransferService -- Reserved tables [5, 22] for reservation 6e89c8e9-c59f-45af-84e9-b63ed98d281c
03:43:07.530 [pool-34-thread-2] INFO com.university.restaurant.service.concurrent.DeadlockSafeReservationService -- Reserved d8e3fb75-8df9-45ae-beb0-852a599b430c
03:43:07.530 [pool-34-thread-2] INFO com.university.restaurant.service.concurrent.DeadlockSafeReservationService -- Reserved b077f791-288c-403d-9ae1-c682825ae78b
03:43:07.530 [pool-34-thread-10] INFO com.university.restaurant.service.concurrent.SafeTableTransferService -- Reserved tables [1, 17] for reservation b170d05c-76c6-46b5-998f-8e0987ef88d8
03:43:07.530 [pool-34-thread-2] INFO com.university.restaurant.service.concurrent.SafeTableTransferService -- Reserved tables [13, 18] for reservation 54df99fa-6cb6-436b-ab94-979165290466
03:43:07.530 [pool-34-thread-2] INFO com.university.restaurant.service.concurrent.SafeTableTransferService -- Reserved tables [5, 28] for reservation 28107559-292b-42b4-97bd-67f6da4500d5
03:43:07.530 [pool-34-thread-5] INFO com.university.restaurant.service.concurrent.DeadlockSafeReservationService -- Reserved 9144277d-ba37-45df-bee5-af6acafdb605
03:43:07.532 [pool-34-thread-2] INFO com.university.restaurant.service.concurrent.DeadlockSafeReservationService -- Reserved 2c9203d4-3e8d-4744-8b17-9feb8c76e945
03:43:07.532 [pool-34-thread-9] INFO com.university.restaurant.service.concurrent.SafeTableTransferService -- Reserved tables [5, 25] for reservation f5f7b008-d0b2-44f1-b1e0-591f32a6a742
03:43:07.532 [pool-34-thread-9] INFO com.university.restaurant.service.concurrent.DeadlockSafeReservationService -- Reserved 0ae7ce5a-14f8-4031-8bed-165b55cc7a85
03:43:07.530 [pool-34-thread-8] INFO com.university.restaurant.service.concurrent.DeadlockSafeReservationService -- Reserved f028bb18-8900-41ec-a7c2-ad5dedc4c14e
03:43:07.532 [pool-34-thread-8] INFO com.university.restaurant.service.concurrent.DeadlockSafeReservationService -- Reserved b609b0ea-c3ec-4055-9246-8580ef80c277
03:43:07.534 [pool-34-thread-8] INFO com.university.restaurant.service.concurrent.DeadlockSafeReservationService -- Reserved b8fe4b2c-84b6-4258-b219-19c73d567ca0
03:43:07.532 [pool-34-thread-9] INFO com.university.restaurant.service.concurrent.SafeTableTransferService -- Reserved tables [6, 26] for reservation 60288ae4-d6da-4594-9d89-17d95c4ff11d
03:43:07.540 [pool-34-thread-4] INFO com.university.restaurant.service.concurrent.SafeTableTransferService -- Transferring reservation 0834cba0-1bc3-4544-96e6-43f235dbd7c2 from table 15 to table 23
03:43:07.540 [pool-34-thread-2] INFO com.university.restaurant.service.concurrent.SafeTableTransferService -- Transferring reservation b1f97059-26cd-41af-9abc-8060bc5e0bed from table 11 to table 21
03:43:07.540 [pool-34-thread-6] INFO com.university.restaurant.service.concurrent.SafeTableTransferService -- Transferring reservation b96dbf66-b7dc-4abe-9856-8d88e159897d from table 23 to table 4
03:43:07.540 [pool-34-thread-2] INFO com.university.restaurant.service.concurrent.DeadlockSafeReservationService -- Reserved d00dd91f-7172-4c94-8f8c-0b31e20e1790
03:43:07.540 [pool-34-thread-6] INFO com.university.restaurant.service.concurrent.SafeTableTransferService -- Reserved tables [11, 16] for reservation a55c544c-c2ae-406d-bdc4-542648d26843
03:43:07.540 [pool-34-thread-6] INFO com.university.restaurant.service.concurrent.SafeTableTransferService -- Reserved tables [2, 26] for reservation 740a05a7-da68-4b09-a9fa-98ec2bf04d7e
03:43:07.540 [pool-34-thread-6] INFO com.university.restaurant.service.concurrent.SafeTableTransferService -- Reserved tables [7, 30] for reservation 860e6886-d5bd-403d-821e-760f9bc02fb2
03:43:07.540 [pool-34-thread-2] INFO com.university.restaurant.service.concurrent.SafeTableTransferService -- Transferring reservation 4a961bb2-1f36-4e92-8e72-e6e943137d88 from table 10 to table 6
03:43:07.540 [pool-34-thread-3] INFO com.university.restaurant.service.concurrent.SafeTableTransferService -- Transferring reservation cfa80ef1-7a72-43dd-922b-41261e8c11ec from table 15 to table 5
03:43:07.540 [pool-34-thread-6] INFO com.university.restaurant.service.concurrent.SafeTableTransferService -- Transferring reservation 4334e180-0bba-4aa6-836b-08ca827dc876 from table 7 to table 20
03:43:07.536 [pool-34-thread-9] INFO com.university.restaurant.service.concurrent.SafeTableTransferService -- Reserved tables [14, 29] for reservation 74226a4b-85e6-4295-8551-edbadbb2f644
03:43:07.540 [pool-34-thread-10] INFO com.university.restaurant.service.concurrent.SafeTableTransferService -- Transferring reservation 541f1bc1-3c87-4330-8465-4fc405a4b08e from table 21 to table 7
03:43:07.540 [pool-34-thread-3] INFO com.university.restaurant.service.concurrent.DeadlockSafeReservationService -- Reserved 5b412652-ee50-49ee-b330-c1e087b6ac53
03:43:07.540 [pool-34-thread-9] INFO com.university.restaurant.service.concurrent.DeadlockSafeReservationService -- Reserved d29d5da9-2ab9-4165-bb98-6187a78f0796
03:43:07.540 [pool-34-thread-4] INFO com.university.restaurant.service.concurrent.SafeTableTransferService -- Reserved tables [14, 21] for reservation 0617f610-4dda-4dd7-9be8-1f5c4b860d51
03:43:07.540 [pool-34-thread-7] INFO com.university.restaurant.service.concurrent.SafeTableTransferService -- Transferring reservation e8592a2f-a5e5-4a34-922e-3486b317cbb2 from table 20 to table 23
03:43:07.542 [pool-34-thread-4] INFO com.university.restaurant.service.concurrent.SafeTableTransferService -- Reserved tables [2, 29] for reservation 35698761-094c-449b-9f17-d60623b23fd4
03:43:07.542 [pool-34-thread-3] INFO com.university.restaurant.service.concurrent.SafeTableTransferService -- Reserved tables [1, 26] for reservation 0f15a7ca-618a-4665-a494-1e1eb9b275fb
03:43:07.540 [pool-34-thread-10] INFO com.university.restaurant.service.concurrent.DeadlockSafeReservationService -- Reserved 2e3a08be-b899-48da-b3da-7e6c0ed2f73a
03:43:07.542 [pool-34-thread-3] INFO com.university.restaurant.service.concurrent.SafeTableTransferService -- Reserved tables [15, 26] for reservation 3a8cae77-910a-48ab-b138-2ecb53bf9092
03:43:07.542 [pool-34-thread-9] INFO com.university.restaurant.service.concurrent.DeadlockSafeReservationService -- Reserved 13be3aca-1da3-4918-8d40-e47365c6f856
03:43:07.542 [pool-34-thread-4] INFO com.university.restaurant.service.concurrent.DeadlockSafeReservationService -- Reserved 103b0b04-66d4-4e95-a7aa-4fd3e5855169
03:43:07.542 [pool-34-thread-9] INFO com.university.restaurant.service.concurrent.DeadlockSafeReservationService -- Reserved b84edffd-04ae-458f-a43c-c649bbbbfe53
03:43:07.542 [pool-34-thread-2] INFO com.university.restaurant.service.concurrent.SafeTableTransferService -- Reserved tables [14, 20] for reservation 3eeaa04b-6826-42a6-97d9-8dfb8dc9374f
03:43:07.542 [pool-34-thread-10] INFO com.university.restaurant.service.concurrent.DeadlockSafeReservationService -- Reserved f9214edf-1bdc-406a-959c-34a5b1fcc0ae
03:43:07.542 [pool-34-thread-3] INFO com.university.restaurant.service.concurrent.SafeTableTransferService -- Transferring reservation a87e2120-6d17-46f2-9a75-e3802c5c3338 from table 14 to table 25
03:43:07.542 [pool-34-thread-7] INFO com.university.restaurant.service.concurrent.SafeTableTransferService -- Transferring reservation e6d52cb3-e548-4da6-8255-67c687b8682e from table 21 to table 17
03:43:07.542 [pool-34-thread-1] INFO com.university.restaurant.service.concurrent.SafeTableTransferService -- Transferring reservation 0059d9c6-f82c-498f-8b67-55c1432e8e23 from table 7 to table 8
03:43:07.542 [pool-34-thread-9] INFO com.university.restaurant.service.concurrent.SafeTableTransferService -- Transferring reservation 60ee2729-df20-4a5a-a9b5-d57b19e91cfb from table 2 to table 11
03:43:07.542 [pool-34-thread-12] INFO com.university.restaurant.service.concurrent.SafeTableTransferService -- Transferring reservation 208e4586-5762-4abb-a1f6-bb8ff5f8d4b3 from table 21 to table 18
03:43:07.542 [pool-34-thread-2] INFO com.university.restaurant.service.concurrent.SafeTableTransferService -- Reserved tables [2, 30] for reservation 61bad11f-368f-4d0a-ac0f-6846b503f8d2
03:43:07.542 [pool-34-thread-6] INFO com.university.restaurant.service.concurrent.SafeTableTransferService -- Reserved tables [9, 18] for reservation 66314451-27dc-4a2a-87f8-0b3b8705bee3
03:43:07.542 [pool-34-thread-4] INFO com.university.restaurant.service.concurrent.DeadlockSafeReservationService -- Reserved d6ea37d2-13e4-40f4-8bfd-ceab52b46baa
03:43:07.542 [pool-34-thread-3] INFO com.university.restaurant.service.concurrent.SafeTableTransferService -- Reserved tables [5, 21] for reservation 9a7a56c4-fbe7-41d7-ae71-27f4465e052a
03:43:07.542 [pool-34-thread-9] INFO com.university.restaurant.service.concurrent.SafeTableTransferService -- Reserved tables [13, 23] for reservation 1efda861-b682-4849-873a-2e4486b2ddf0
03:43:07.542 [pool-34-thread-10] INFO com.university.restaurant.service.concurrent.SafeTableTransferService -- Transferring reservation 8ee4af1b-cf06-4652-9309-e856b7d3b961 from table 1 to table 16
03:43:07.542 [pool-34-thread-4] INFO com.university.restaurant.service.concurrent.SafeTableTransferService -- Transferring reservation 03efcc09-7b15-47a8-98b0-d4e5c130ddd5 from table 23 to table 11
03:43:07.542 [pool-34-thread-1] INFO com.university.restaurant.service.concurrent.DeadlockSafeReservationService -- Reserved 501b160d-698c-4cde-8e25-93520a099ebb
03:43:07.542 [pool-34-thread-6] INFO com.university.restaurant.service.concurrent.SafeTableTransferService -- Reserved tables [10, 20] for reservation 1e92743e-eb15-45c1-ae99-9c63f8563c66
03:43:07.542 [pool-34-thread-9] INFO com.university.restaurant.service.concurrent.DeadlockSafeReservationService -- Reserved 2e11c509-cbb9-44b0-8349-591bb6d6b977
03:43:07.542 [pool-34-thread-6] INFO com.university.restaurant.service.concurrent.DeadlockSafeReservationService -- Reserved 52894ba1-9b08-45f2-b8cf-644772eee6b5
03:43:07.542 [pool-34-thread-9] INFO com.university.restaurant.service.concurrent.DeadlockSafeReservationService -- Reserved d8f2360b-bd71-43fd-9a4c-47e30bf5fb0e
03:43:07.542 [pool-34-thread-2] INFO com.university.restaurant.service.concurrent.SafeTableTransferService -- Transferring reservation f580bf80-9b0f-4389-8a1e-80e40772b7e1 from table 23 to table 4
03:43:07.542 [pool-34-thread-12] INFO com.university.restaurant.service.concurrent.DeadlockSafeReservationService -- Reserved 87861eca-d4b4-4a60-8064-6c9f3eb4661b
03:43:07.542 [pool-34-thread-8] INFO com.university.restaurant.service.concurrent.SafeTableTransferService -- Transferring reservation 7f0a1658-6adb-448f-9ac3-0623d8c429e5 from table 21 to table 25
03:43:07.542 [pool-34-thread-11] INFO com.university.restaurant.service.concurrent.SafeTableTransferService -- Transferring reservation f9f25f7b-32a1-46c5-a47f-b40a2299a038 from table 13 to table 1
03:43:07.542 [pool-34-thread-1] INFO com.university.restaurant.service.concurrent.SafeTableTransferService -- Reserved tables [8, 29] for reservation 18fdda44-ed96-4a5d-b690-221cce423ed7
03:43:07.542 [pool-34-thread-10] INFO com.university.restaurant.service.concurrent.SafeTableTransferService -- Reserved tables [14, 24] for reservation b4fffc01-5e08-4e1d-9e3d-fcc501b5b7a7
03:43:07.542 [pool-34-thread-5] INFO com.university.restaurant.service.concurrent.SafeTableTransferService -- Transferring reservation db237b93-ef3d-4d3e-a394-3c7a083838e7 from table 18 to table 7
03:43:07.542 [pool-34-thread-4] INFO com.university.restaurant.service.concurrent.SafeTableTransferService -- Reserved tables [14, 23] for reservation e6409409-02e1-4698-8536-6096ea0ae3ea
03:43:07.542 [pool-34-thread-6] INFO com.university.restaurant.service.concurrent.DeadlockSafeReservationService -- Reserved 3a055358-cf84-48cd-823a-7fdd84c4f9d1
03:43:07.542 [pool-34-thread-2] INFO com.university.restaurant.service.concurrent.SafeTableTransferService -- Reserved tables [9, 19] for reservation 58489d75-0f74-43b0-b46f-22479775d755
03:43:07.542 [pool-34-thread-3] INFO com.university.restaurant.service.concurrent.SafeTableTransferService -- Transferring reservation 3a3f2e5d-359b-4ff0-a1c9-31425c7647c3 from table 10 to table 11
03:43:07.542 [pool-34-thread-7] INFO com.university.restaurant.service.concurrent.SafeTableTransferService -- Transferring reservation d5c2d330-2fbf-4032-a23a-71e8dc4d1edc from table 16 to table 25
03:43:07.542 [pool-34-thread-8] INFO com.university.restaurant.service.concurrent.SafeTableTransferService -- Transferring reservation 407ba6e1-ad8b-421c-b160-c17763599680 from table 13 to table 15
03:43:07.542 [pool-34-thread-4] INFO com.university.restaurant.service.concurrent.SafeTableTransferService -- Transferring reservation e0ca5c46-4d09-4e41-bbd0-dc85f71ebca4 from table 21 to table 7
03:43:07.542 [pool-34-thread-5] INFO com.university.restaurant.service.concurrent.DeadlockSafeReservationService -- Reserved 6b4e0f51-a56e-44f0-8a9b-e0234aeefc69
03:43:07.542 [pool-34-thread-3] INFO com.university.restaurant.service.concurrent.SafeTableTransferService -- Reserved tables [11, 26] for reservation 58563750-e32d-4b19-9cac-72a9d825ccc7
03:43:07.542 [pool-34-thread-11] INFO com.university.restaurant.service.concurrent.SafeTableTransferService -- Transferring reservation 40e28ce2-f4e5-442b-86a3-2c48c41f7180 from table 25 to table 24
03:43:07.542 [pool-34-thread-12] INFO com.university.restaurant.service.concurrent.SafeTableTransferService -- Transferring reservation 9df628ef-a0c0-40fe-afef-63cdc78678da from table 6 to table 10
03:43:07.542 [pool-34-thread-2] INFO com.university.restaurant.service.concurrent.SafeTableTransferService -- Transferring reservation a6edc377-2615-44ad-866b-24f5f6ff52bc from table 20 to table 25
03:43:07.546 [pool-34-thread-6] INFO com.university.restaurant.service.concurrent.SafeTableTransferService -- Reserved tables [5, 24] for reservation 1bc61885-e5f0-4c43-b7f7-4028827c8a29
03:43:07.542 [pool-34-thread-4] INFO com.university.restaurant.service.concurrent.SafeTableTransferService -- Transferring reservation effd99d4-fc8c-4750-b791-94c8baf34567 from table 9 to table 18
03:43:07.546 [pool-34-thread-5] INFO com.university.restaurant.service.concurrent.SafeTableTransferService -- Transferring reservation 2f2578a5-dd27-4cff-a32b-1151c3ccfb48 from table 24 to table 16
03:43:07.542 [pool-34-thread-9] INFO com.university.restaurant.service.concurrent.SafeTableTransferService -- Transferring reservation 0b501185-fd31-4317-a544-846b87e6823e from table 14 to table 17
03:43:07.546 [pool-34-thread-2] INFO com.university.restaurant.service.concurrent.SafeTableTransferService -- Transferring reservation bfa42082-452b-4aed-be98-aa304bb90307 from table 25 to table 3
03:43:07.546 [pool-34-thread-5] INFO com.university.restaurant.service.concurrent.DeadlockSafeReservationService -- Reserved 28606c82-22ea-473f-8ea6-92eabfe5f699
03:43:07.546 [pool-34-thread-1] INFO com.university.restaurant.service.concurrent.DeadlockSafeReservationService -- Reserved 4766026f-0f16-4b08-97a9-f2d5a787a3d0
03:43:07.546 [pool-34-thread-8] INFO com.university.restaurant.service.concurrent.SafeTableTransferService -- Reserved tables [10, 22] for reservation 88623673-cf46-4029-b9c1-211b78bb5a8b
03:43:07.546 [pool-34-thread-10] INFO com.university.restaurant.service.concurrent.DeadlockSafeReservationService -- Reserved b68a1aa8-6673-4822-955b-235c63a32543
03:43:07.546 [pool-34-thread-3] INFO com.university.restaurant.service.concurrent.DeadlockSafeReservationService -- Reserved ed49e4bc-f91e-429f-9484-906c0099d2cc
03:43:07.546 [pool-34-thread-4] INFO com.university.restaurant.service.concurrent.DeadlockSafeReservationService -- Reserved 86bec417-3930-4230-a4da-0abf8f76987e
03:43:07.546 [pool-34-thread-1] INFO com.university.restaurant.service.concurrent.SafeTableTransferService -- Transferring reservation c43e4c54-bb29-4889-8217-3df331ee3b12 from table 14 to table 6
03:43:07.546 [pool-34-thread-6] INFO com.university.restaurant.service.concurrent.SafeTableTransferService -- Transferring reservation 8ba4218e-4d10-4d80-b3b5-05af9396bff1 from table 9 to table 21
03:43:07.546 [pool-34-thread-1] INFO com.university.restaurant.service.concurrent.DeadlockSafeReservationService -- Reserved 0d0329aa-1f46-400b-a4b7-10a7db088e8e
03:43:07.546 [pool-34-thread-1] INFO com.university.restaurant.service.concurrent.SafeTableTransferService -- Transferring reservation e7c5ed8d-10b6-4a39-bbf3-e543945ef4c3 from table 21 to table 12
03:43:07.546 [pool-34-thread-10] INFO com.university.restaurant.service.concurrent.SafeTableTransferService -- Transferring reservation 05eff613-aea9-4c5f-ae90-d8fd83565483 from table 8 to table 14
03:43:07.546 [pool-34-thread-11] INFO com.university.restaurant.service.concurrent.SafeTableTransferService -- Reserved tables [13, 17] for reservation 221053e6-3434-402d-ac41-8b2074141909
03:43:07.546 [pool-34-thread-3] INFO com.university.restaurant.service.concurrent.SafeTableTransferService -- Transferring reservation 5ecc70a8-c2e7-4668-b93d-a72e266e1925 from table 1 to table 23
03:43:07.546 [pool-34-thread-7] INFO com.university.restaurant.service.concurrent.SafeTableTransferService -- Transferring reservation 59a25a9c-8800-4128-9d7f-219d4b66f4bb from table 10 to table 7
03:43:07.546 [pool-34-thread-8] INFO com.university.restaurant.service.concurrent.SafeTableTransferService -- Reserved tables [13, 30] for reservation 8782053e-858c-410e-a303-e183c7e41127
03:43:07.546 [pool-34-thread-1] INFO com.university.restaurant.service.concurrent.SafeTableTransferService -- Reserved tables [1, 20] for reservation dfa456ea-caf7-4231-8db4-477316e67e6f
03:43:07.546 [pool-34-thread-6] INFO com.university.restaurant.service.concurrent.DeadlockSafeReservationService -- Reserved 09d2a446-c45c-4001-bf28-a09d8494d47f
03:43:07.546 [pool-34-thread-4] INFO com.university.restaurant.service.concurrent.SafeTableTransferService -- Transferring reservation 4bb707c4-653a-4210-889a-9f09c6cb0a4a from table 25 to table 2
03:43:07.546 [pool-34-thread-9] INFO com.university.restaurant.service.concurrent.SafeTableTransferService -- Reserved tables [3, 21] for reservation b57dbe1f-c428-44c3-87f0-96548d856d13
03:43:07.546 [pool-34-thread-10] INFO com.university.restaurant.service.concurrent.SafeTableTransferService -- Reserved tables [2, 22] for reservation 3f28849f-d72c-4e9b-a88b-a05909dd4f85
03:43:07.546 [pool-34-thread-5] INFO com.university.restaurant.service.concurrent.DeadlockSafeReservationService -- Reserved 71356a5b-fa0d-4f0c-a196-48ae2a64c055
03:43:07.549 [pool-34-thread-9] INFO com.university.restaurant.service.concurrent.SafeTableTransferService -- Transferring reservation 307284d4-6922-4cfb-bd60-6460b909afe5 from table 25 to table 22
03:43:07.549 [pool-34-thread-4] INFO com.university.restaurant.service.concurrent.DeadlockSafeReservationService -- Reserved 57f05661-7cf4-45b9-b2b4-4bd128fad406
03:43:07.546 [pool-34-thread-3] INFO com.university.restaurant.service.concurrent.DeadlockSafeReservationService -- Reserved 13c926cf-a40a-48e2-bd32-a33a178dfc80
03:43:07.546 [pool-34-thread-11] INFO com.university.restaurant.service.concurrent.SafeTableTransferService -- Reserved tables [13, 24] for reservation 2f8b5ad3-a930-4823-ae4d-026eabfd5a2d
03:43:07.546 [pool-34-thread-1] INFO com.university.restaurant.service.concurrent.DeadlockSafeReservationService -- Reserved 7cc0b143-9944-44b4-856f-ab94f436d808
03:43:07.546 [pool-34-thread-12] INFO com.university.restaurant.service.concurrent.SafeTableTransferService -- Reserved tables [9, 26] for reservation 772d6d29-3eb9-43f3-9e3a-0ce557b741f6
03:43:07.549 [pool-34-thread-5] INFO com.university.restaurant.service.concurrent.SafeTableTransferService -- Transferring reservation 2ec69252-c4a3-4a56-a08f-fc045fc64e03 from table 8 to table 5
03:43:07.549 [pool-34-thread-9] INFO com.university.restaurant.service.concurrent.SafeTableTransferService -- Reserved tables [6, 16] for reservation 1aafe054-39a8-4880-8105-79d26b881b07
03:43:07.549 [pool-34-thread-6] INFO com.university.restaurant.service.concurrent.SafeTableTransferService -- Transferring reservation 2ce8945f-d925-4d46-9308-2797177769d4 from table 13 to table 5
03:43:07.549 [pool-34-thread-3] INFO com.university.restaurant.service.concurrent.SafeTableTransferService -- Reserved tables [8, 28] for reservation 418ae595-d6a3-4ff6-94aa-6b337251a905
03:43:07.549 [pool-34-thread-8] INFO com.university.restaurant.service.concurrent.SafeTableTransferService -- Transferring reservation 0f5038eb-b451-4a81-b9dc-d2b56e149b47 from table 20 to table 24
03:43:07.549 [pool-34-thread-1] INFO com.university.restaurant.service.concurrent.DeadlockSafeReservationService -- Reserved ed6d70ba-d904-4bdd-9401-998ea00e01f6
03:43:07.549 [pool-34-thread-1] INFO com.university.restaurant.service.concurrent.SafeTableTransferService -- Reserved tables [9, 19] for reservation f2d6fe13-f304-4514-8991-8eb183b4e8fd
03:43:07.549 [pool-34-thread-1] INFO com.university.restaurant.service.concurrent.SafeTableTransferService -- Reserved tables [11, 19] for reservation 57757923-19d8-4321-8beb-d901daf88ed3
03:43:07.549 [pool-34-thread-12] INFO com.university.restaurant.service.concurrent.SafeTableTransferService -- Transferring reservation b04ef1f2-5212-4fdc-9bbc-e470c5ea9c46 from table 4 to table 21
03:43:07.549 [pool-34-thread-5] INFO com.university.restaurant.service.concurrent.SafeTableTransferService -- Reserved tables [6, 20] for reservation bb18b8aa-b7ca-4928-b8d5-3c5b99518c16
03:43:07.549 [pool-34-thread-6] INFO com.university.restaurant.service.concurrent.DeadlockSafeReservationService -- Reserved 0e79950a-101b-46f6-bd46-7737f8800c0a
03:43:07.549 [pool-34-thread-6] INFO com.university.restaurant.service.concurrent.SafeTableTransferService -- Reserved tables [4, 16] for reservation aba13649-5b31-45b0-b9f0-65ccd8c121b6
03:43:07.549 [pool-34-thread-3] INFO com.university.restaurant.service.concurrent.SafeTableTransferService -- Transferring reservation 9e9b12aa-61f7-4499-9dff-e70999e6711a from table 15 to table 22
03:43:07.549 [pool-34-thread-8] INFO com.university.restaurant.service.concurrent.SafeTableTransferService -- Reserved tables [3, 30] for reservation c7dba23e-bb1c-47dc-8a63-b7cbc3dfdf1b
03:43:07.549 [pool-34-thread-1] INFO com.university.restaurant.service.concurrent.SafeTableTransferService -- Transferring reservation 8cda75ed-71fb-4421-ba87-3fca4562c0d5 from table 24 to table 23
03:43:07.549 [pool-34-thread-8] INFO com.university.restaurant.service.concurrent.SafeTableTransferService -- Transferring reservation 4040a7ff-d199-4601-8a12-18891241ae87 from table 11 to table 4
03:43:07.549 [pool-34-thread-9] INFO com.university.restaurant.service.concurrent.SafeTableTransferService -- Reserved tables [10, 20] for reservation cb8dba33-a317-4175-ae3e-16c2bc3e58ea
03:43:07.549 [pool-34-thread-5] INFO com.university.restaurant.service.concurrent.SafeTableTransferService -- Reserved tables [13, 27] for reservation 70cb8d61-53f4-4289-8316-467ab686d9ed
03:43:07.549 [pool-34-thread-11] INFO com.university.restaurant.service.concurrent.SafeTableTransferService -- Reserved tables [6, 30] for reservation 5d6fd33b-9c92-42dc-aa8d-9d18d0093433
03:43:07.549 [pool-34-thread-10] INFO com.university.restaurant.service.concurrent.DeadlockSafeReservationService -- Reserved 652ca73f-6e50-455c-b808-03852a4ae655
03:43:07.549 [pool-34-thread-6] INFO com.university.restaurant.service.concurrent.SafeTableTransferService -- Transferring reservation 045cb798-0345-48db-af2e-0bf52cbda5b2 from table 10 to table 12
03:43:07.549 [pool-34-thread-11] INFO com.university.restaurant.service.concurrent.SafeTableTransferService -- Transferring reservation e30ec650-efa3-4de4-960b-852bcf48868f from table 4 to table 14
03:43:07.549 [pool-34-thread-1] INFO com.university.restaurant.service.concurrent.SafeTableTransferService -- Transferring reservation 8258949d-6518-47f1-9633-08e9b2a237a8 from table 24 to table 3
03:43:07.549 [pool-34-thread-10] INFO com.university.restaurant.service.concurrent.DeadlockSafeReservationService -- Reserved cf3b73db-50ed-4d60-8f8d-6a7dcdad6e36
03:43:07.549 [pool-34-thread-3] INFO com.university.restaurant.service.concurrent.SafeTableTransferService -- Reserved tables [5, 27] for reservation f1061d2a-1931-4608-9783-fa8f4ad0af82
03:43:07.549 [pool-34-thread-6] INFO com.university.restaurant.service.concurrent.SafeTableTransferService -- Reserved tables [13, 30] for reservation 98142414-5a7e-4d47-abc5-aef7c260ff98
03:43:07.549 [pool-34-thread-3] INFO com.university.restaurant.service.concurrent.SafeTableTransferService -- Transferring reservation bb874ef5-a9ce-4553-b3d0-3f1107133ecf from table 11 to table 18
03:43:07.549 [pool-34-thread-7] INFO com.university.restaurant.service.concurrent.SafeTableTransferService -- Transferring reservation 1ab89ccf-4619-4c53-bb2a-b8643b2f39be from table 24 to table 2
03:43:07.549 [pool-34-thread-3] INFO com.university.restaurant.service.concurrent.SafeTableTransferService -- Transferring reservation 08a632cc-ac3f-4f0b-917a-85b5a3318bb0 from table 1 to table 6
03:43:07.549 [pool-34-thread-10] INFO com.university.restaurant.service.concurrent.DeadlockSafeReservationService -- Reserved 42f0e1ea-a5c8-4934-933f-7bf08a1e5fd6
03:43:07.549 [pool-34-thread-12] INFO com.university.restaurant.service.concurrent.DeadlockSafeReservationService -- Reserved de58e308-258f-48e4-873f-4065d2862bf0
03:43:07.549 [pool-34-thread-4] INFO com.university.restaurant.service.concurrent.DeadlockSafeReservationService -- Reserved 2e154abc-8b22-48a1-ac0d-1bd9f6749655
03:43:07.549 [pool-34-thread-5] INFO com.university.restaurant.service.concurrent.SafeTableTransferService -- Reserved tables [10, 28] for reservation 1a872798-fa39-4a9a-8c1f-eccbe582197f
03:43:07.549 [pool-34-thread-9] INFO com.university.restaurant.service.concurrent.SafeTableTransferService -- Reserved tables [3, 22] for reservation 82c14137-570d-4c05-b4bc-c984740a8baa
03:43:07.549 [pool-34-thread-11] INFO com.university.restaurant.service.concurrent.DeadlockSafeReservationService -- Reserved 8902246e-80c1-47d5-b07a-8fb3d9962e24
03:43:07.549 [pool-34-thread-8] INFO com.university.restaurant.service.concurrent.SafeTableTransferService -- Transferring reservation 736595f7-195d-442d-991b-57b1b882fd11 from table 21 to table 5
03:43:07.549 [pool-34-thread-7] INFO com.university.restaurant.service.concurrent.DeadlockSafeReservationService -- Reserved 9d22efcd-dfa2-4327-aa8b-ad98123547b3
03:43:07.549 [pool-34-thread-10] INFO com.university.restaurant.service.concurrent.SafeTableTransferService -- Transferring reservation e301ec80-59f3-4060-9a69-94cdf162f251 from table 7 to table 21
03:43:07.549 [pool-34-thread-8] INFO com.university.restaurant.service.concurrent.SafeTableTransferService -- Reserved tables [9, 29] for reservation 2ab86e38-5737-45f4-b3da-01397da4043b
03:43:07.549 [pool-34-thread-10] INFO com.university.restaurant.service.concurrent.DeadlockSafeReservationService -- Reserved f1a5ee13-ca25-4080-8653-77c37868bd08
03:43:07.549 [pool-34-thread-3] INFO com.university.restaurant.service.concurrent.SafeTableTransferService -- Reserved tables [13, 26] for reservation 842b6ea2-43b9-469c-a327-39ffab050d1c
03:43:07.549 [pool-34-thread-8] INFO com.university.restaurant.service.concurrent.SafeTableTransferService -- Reserved tables [2, 16] for reservation 6e85b519-06f4-41f8-a7db-b88ec935d7d9
03:43:07.549 [pool-34-thread-1] INFO com.university.restaurant.service.concurrent.SafeTableTransferService -- Reserved tables [14, 26] for reservation 2efaae2d-41d4-482b-a5f3-a9af573696c3
03:43:07.549 [pool-34-thread-12] INFO com.university.restaurant.service.concurrent.DeadlockSafeReservationService -- Reserved 75b9b841-aa1a-43e5-98e2-e9bfc8d311f4
03:43:07.549 [pool-34-thread-9] INFO com.university.restaurant.service.concurrent.DeadlockSafeReservationService -- Reserved 87c2bc40-9a80-4386-8ff9-35d2f257d022
03:43:07.549 [pool-34-thread-11] INFO com.university.restaurant.service.concurrent.DeadlockSafeReservationService -- Reserved e93a91a5-4006-45ad-9012-43addf599c55
03:43:07.549 [pool-34-thread-7] INFO com.university.restaurant.service.concurrent.DeadlockSafeReservationService -- Reserved 5511131e-d6db-40a5-ae02-94657fdfc423
03:43:07.549 [pool-34-thread-4] INFO com.university.restaurant.service.concurrent.SafeTableTransferService -- Reserved tables [7, 20] for reservation 15fdb02c-fe96-47db-bad6-b9fd0d65f00d
03:43:07.549 [pool-34-thread-1] INFO com.university.restaurant.service.concurrent.DeadlockSafeReservationService -- Reserved bea28352-3992-480d-8a5e-57245bd158cb
03:43:07.549 [pool-34-thread-8] INFO com.university.restaurant.service.concurrent.SafeTableTransferService -- Reserved tables [9, 21] for reservation f5c258ee-b19d-46df-ba44-4891102a5c33
03:43:07.549 [pool-34-thread-5] INFO com.university.restaurant.service.concurrent.SafeTableTransferService -- Transferring reservation ff56a7b6-b3b5-4c31-a47a-0851944e39e9 from table 6 to table 23
03:43:07.549 [pool-34-thread-11] INFO com.university.restaurant.service.concurrent.DeadlockSafeReservationService -- Reserved 98614b89-6859-4d02-ad51-550bf87ad428
03:43:07.549 [pool-34-thread-3] INFO com.university.restaurant.service.concurrent.SafeTableTransferService -- Reserved tables [10, 25] for reservation 589fc5c8-6e0e-4041-af9e-04ca17735825
03:43:07.557 [pool-34-thread-12] INFO com.university.restaurant.service.concurrent.SafeTableTransferService -- Reserved tables [3, 19] for reservation b3ffbc14-afb3-41f7-82af-6852794e7c03
03:43:07.549 [pool-34-thread-6] INFO com.university.restaurant.service.concurrent.SafeTableTransferService -- Reserved tables [5, 17] for reservation 2a093172-9ea4-4dae-8d49-0c100c7f4374
03:43:07.549 [pool-34-thread-4] INFO com.university.restaurant.service.concurrent.DeadlockSafeReservationService -- Reserved abe5ae59-e2ee-4743-b74a-f2b86d2dbbac
03:43:07.557 [pool-34-thread-6] INFO com.university.restaurant.service.concurrent.DeadlockSafeReservationService -- Reserved 0d5974eb-19fd-4783-b9c3-c039e6cbec2c
03:43:07.557 [pool-34-thread-7] INFO com.university.restaurant.service.concurrent.DeadlockSafeReservationService -- Reserved 0427ea8b-4149-475e-a049-cca695d598bf
03:43:07.557 [pool-34-thread-1] INFO com.university.restaurant.service.concurrent.DeadlockSafeReservationService -- Reserved d72b16e7-0724-4bfc-9d47-3bce1e704267
03:43:07.557 [pool-34-thread-12] INFO com.university.restaurant.service.concurrent.SafeTableTransferService -- Reserved tables [6, 27] for reservation 8e8026f0-c968-41cb-8a41-29f298714836
03:43:07.557 [pool-34-thread-5] INFO com.university.restaurant.service.concurrent.DeadlockSafeReservationService -- Reserved 0771e3ea-3f5f-4852-a854-0131bfebf476
03:43:07.557 [pool-34-thread-1] INFO com.university.restaurant.service.concurrent.DeadlockSafeReservationService -- Reserved bbd0a2b1-bfb3-4cea-9a71-73345031ee9a
03:43:07.557 [pool-34-thread-10] INFO com.university.restaurant.service.concurrent.SafeTableTransferService -- Reserved tables [7, 23] for reservation 352498ae-88b8-4252-bbb6-a575e7f6b04d
03:43:07.557 [pool-34-thread-6] INFO com.university.restaurant.service.concurrent.DeadlockSafeReservationService -- Reserved 2e5a8011-e54d-4274-932e-7cf3044a7e28
03:43:07.557 [pool-34-thread-9] INFO com.university.restaurant.service.concurrent.SafeTableTransferService -- Reserved tables [7, 25] for reservation 34cd7756-509f-4256-9d4e-84e11223c274
03:43:07.557 [pool-34-thread-11] INFO com.university.restaurant.service.concurrent.SafeTableTransferService -- Reserved tables [12, 23] for reservation 7d23b059-e08f-4809-a986-c053c71ba6cc
03:43:07.557 [pool-34-thread-12] INFO com.university.restaurant.service.concurrent.SafeTableTransferService -- Transferring reservation 54715e88-c3d2-4c0c-8131-72b5dcab99a4 from table 2 to table 6
03:43:07.557 [pool-34-thread-7] INFO com.university.restaurant.service.concurrent.SafeTableTransferService -- Reserved tables [7, 20] for reservation 1e175b2b-3c88-4f7a-bf29-d789810f82d0
03:43:07.557 [pool-34-thread-5] INFO com.university.restaurant.service.concurrent.SafeTableTransferService -- Transferring reservation b7fdfc20-8139-457e-8e86-aff4dbd86e3e from table 10 to table 19
03:43:07.557 [pool-34-thread-1] INFO com.university.restaurant.service.concurrent.SafeTableTransferService -- Reserved tables [6, 27] for reservation 034543f6-dafd-4b76-a346-f2f587162d62
03:43:07.557 [pool-34-thread-5] INFO com.university.restaurant.service.concurrent.SafeTableTransferService -- Transferring reservation d2f01972-15ff-4c58-8586-3c54d26bae01 from table 22 to table 15
03:43:07.557 [pool-34-thread-10] INFO com.university.restaurant.service.concurrent.SafeTableTransferService -- Transferring reservation 9d2bbd32-5667-4130-9f81-2fdaee6c7fe6 from table 3 to table 1
03:43:07.557 [pool-34-thread-11] INFO com.university.restaurant.service.concurrent.DeadlockSafeReservationService -- Reserved b6df6121-3bc1-42e0-b5c5-def36c84daed
03:43:07.557 [pool-34-thread-11] INFO com.university.restaurant.service.concurrent.DeadlockSafeReservationService -- Reserved b8777b56-9702-4e24-87a4-964da56bc413
03:43:07.557 [pool-34-thread-3] INFO com.university.restaurant.service.concurrent.SafeTableTransferService -- Reserved tables [5, 23] for reservation a5b9ccec-618c-40b1-994c-962d8764e630
03:43:07.557 [pool-34-thread-12] INFO com.university.restaurant.service.concurrent.DeadlockSafeReservationService -- Reserved b2012dd3-e35a-4cb4-94f0-3a10790c3a69
03:43:07.557 [pool-34-thread-7] INFO com.university.restaurant.service.concurrent.DeadlockSafeReservationService -- Reserved cc29ceb5-546e-4cd8-9e4d-df649568bf2a
03:43:07.557 [pool-34-thread-4] INFO com.university.restaurant.service.concurrent.SafeTableTransferService -- Reserved tables [5, 16] for reservation 715c53fb-21f6-40be-8ab1-c2906705ee6a
03:43:07.557 [pool-34-thread-8] INFO com.university.restaurant.service.concurrent.DeadlockSafeReservationService -- Reserved da6b7e01-f179-4ae5-9abd-c237d8358db8
03:43:07.557 [pool-34-thread-10] INFO com.university.restaurant.service.concurrent.DeadlockSafeReservationService -- Reserved 6689330f-afd7-4bd5-9518-c17e545f23ba
03:43:07.557 [pool-34-thread-11] INFO com.university.restaurant.service.concurrent.SafeTableTransferService -- Transferring reservation 481ce35f-937d-4811-83ec-35ed03700662 from table 9 to table 17
03:43:07.557 [pool-34-thread-8] INFO com.university.restaurant.service.concurrent.SafeTableTransferService -- Reserved tables [4, 18] for reservation 2dd60e80-08e8-436b-8f78-2301f7e202db
03:43:07.557 [pool-34-thread-3] INFO com.university.restaurant.service.concurrent.SafeTableTransferService -- Transferring reservation 2e52707d-74c3-4c88-9130-78186f345e6a from table 24 to table 15
03:43:07.557 [pool-34-thread-5] INFO com.university.restaurant.service.concurrent.SafeTableTransferService -- Transferring reservation e94c5e7c-a05f-4455-8886-813a6644e6b4 from table 21 to table 23
03:43:07.557 [pool-34-thread-12] INFO com.university.restaurant.service.concurrent.SafeTableTransferService -- Reserved tables [12, 20] for reservation 44a88262-7478-42ba-a78b-1b566e1b8dbf
03:43:07.557 [pool-34-thread-5] INFO com.university.restaurant.service.concurrent.SafeTableTransferService -- Transferring reservation 293e1363-dd75-4ac8-8396-4c8034c790ad from table 10 to table 19
03:43:07.557 [pool-34-thread-7] INFO com.university.restaurant.service.concurrent.DeadlockSafeReservationService -- Reserved 28ccee9a-56a2-4b40-b46d-e8e5705db550
03:43:07.557 [pool-34-thread-5] INFO com.university.restaurant.service.concurrent.DeadlockSafeReservationService -- Reserved 7d5406ee-1461-4a1b-9907-fdecddba087d
03:43:07.557 [pool-34-thread-11] INFO com.university.restaurant.service.concurrent.DeadlockSafeReservationService -- Reserved 5ca115bc-beeb-4063-a5f6-0876423aad71
03:43:07.557 [pool-34-thread-12] INFO com.university.restaurant.service.concurrent.SafeTableTransferService -- Reserved tables [7, 28] for reservation acdb0f44-477a-49fb-bf9c-3fdc0ef11997
03:43:07.557 [pool-34-thread-8] INFO com.university.restaurant.service.concurrent.SafeTableTransferService -- Reserved tables [4, 22] for reservation bdb6129f-8a4e-4266-a001-f5bbae6f57e7
03:43:07.560 [pool-34-thread-5] INFO com.university.restaurant.service.concurrent.DeadlockSafeReservationService -- Reserved 02881169-2eb7-42be-bcd5-c52c12b37270
03:43:07.557 [pool-34-thread-10] INFO com.university.restaurant.service.concurrent.SafeTableTransferService -- Transferring reservation 46fe6234-273d-4dff-bdc4-e07d4642ea1c from table 21 to table 11
03:43:07.560 [pool-34-thread-7] INFO com.university.restaurant.service.concurrent.DeadlockSafeReservationService -- Reserved d5dd8549-1c70-4002-9203-d266d9ba2c79
03:43:07.560 [pool-34-thread-7] INFO com.university.restaurant.service.concurrent.SafeTableTransferService -- Transferring reservation 330542f2-06c9-4e52-ac59-c70dbbaace3e from table 6 to table 19
03:43:07.560 [pool-34-thread-11] INFO com.university.restaurant.service.concurrent.SafeTableTransferService -- Transferring reservation 5e28591c-4fce-4c88-af32-fcaa4dd5db2d from table 17 to table 11
03:43:07.560 [pool-34-thread-12] INFO com.university.restaurant.service.concurrent.SafeTableTransferService -- Reserved tables [8, 23] for reservation cd9bb707-2272-4ba3-bffe-a37a69324505
03:43:07.560 [pool-34-thread-8] INFO com.university.restaurant.service.concurrent.SafeTableTransferService -- Transferring reservation 7e985ef4-8c60-456b-b880-81b90c3787dd from table 13 to table 14
03:43:07.560 [pool-34-thread-5] INFO com.university.restaurant.service.concurrent.SafeTableTransferService -- Reserved tables [9, 28] for reservation 11873b2b-85d5-45d4-8a16-8cb5926f36c2
03:43:07.560 [pool-34-thread-10] INFO com.university.restaurant.service.concurrent.DeadlockSafeReservationService -- Reserved 7248cb5f-69fc-4790-adee-6c2fd032230a
03:43:07.560 [pool-34-thread-7] INFO com.university.restaurant.service.concurrent.DeadlockSafeReservationService -- Reserved 1c5b4a8d-8032-443f-8caf-a1335d0384d8
03:43:07.560 [pool-34-thread-12] INFO com.university.restaurant.service.concurrent.SafeTableTransferService -- Reserved tables [2, 25] for reservation 80472e99-0324-44f8-95c2-6a6fed79610c
03:43:07.560 [pool-34-thread-8] INFO com.university.restaurant.service.concurrent.SafeTableTransferService -- Reserved tables [5, 21] for reservation 6e22e1e8-5ce6-4008-b32d-33d5798ff95d
03:43:07.560 [pool-34-thread-10] INFO com.university.restaurant.service.concurrent.DeadlockSafeReservationService -- Reserved b86e4c68-ace1-4db3-b7a2-c6f8ac0368b5
03:43:07.560 [pool-34-thread-12] INFO com.university.restaurant.service.concurrent.DeadlockSafeReservationService -- Reserved 913a426c-73f2-48aa-beb3-36f8c3bd5224
03:43:07.560 [pool-34-thread-7] INFO com.university.restaurant.service.concurrent.SafeTableTransferService -- Reserved tables [13, 29] for reservation d80ab01a-fb60-463c-87fe-3aa406c1e2e3
03:43:07.560 [pool-34-thread-7] INFO com.university.restaurant.service.concurrent.DeadlockSafeReservationService -- Reserved 615b91f8-b92b-43cf-b474-a97ada151d20
03:43:07.560 [pool-34-thread-11] INFO com.university.restaurant.service.concurrent.SafeTableTransferService -- Transferring reservation 7e80f645-acf3-4796-81a4-b1b79160236e from table 18 to table 25
03:43:07.560 [pool-34-thread-12] INFO com.university.restaurant.service.concurrent.SafeTableTransferService -- Reserved tables [11, 22] for reservation 6d753152-0296-41eb-9554-6b113a9b5950
03:43:07.560 [pool-34-thread-7] INFO com.university.restaurant.service.concurrent.SafeTableTransferService -- Transferring reservation 35842843-be5f-40a6-8397-4302b8b6b13e from table 21 to table 10
03:43:07.563 [pool-34-thread-12] INFO com.university.restaurant.service.concurrent.SafeTableTransferService -- Reserved tables [6, 26] for reservation 2af3da37-f37c-4d98-b1d3-a9a9fe66fb6c
03:43:07.563 [pool-34-thread-11] INFO com.university.restaurant.service.concurrent.SafeTableTransferService -- Reserved tables [14, 22] for reservation eb296985-1462-44aa-9987-4a0f28dce7cf
03:43:07.563 [pool-34-thread-7] INFO com.university.restaurant.service.concurrent.SafeTableTransferService -- Transferring reservation f5c8384e-0dd7-4d67-86f9-e4fb660189ff from table 18 to table 14
03:43:07.563 [pool-34-thread-12] INFO com.university.restaurant.service.concurrent.SafeTableTransferService -- Transferring reservation 2853303f-ea8d-4ae5-b31f-bef66c06919d from table 9 to table 14
03:43:07.563 [pool-34-thread-11] INFO com.university.restaurant.service.concurrent.SafeTableTransferService -- Transferring reservation 666ccee7-08a8-40de-822c-46642f9e1bd7 from table 9 to table 21
03:43:07.563 [pool-34-thread-11] INFO com.university.restaurant.service.concurrent.SafeTableTransferService -- Transferring reservation 88bfa4de-1eb9-4be0-a891-3f1d8f16f3eb from table 8 to table 16
03:43:07.563 [pool-34-thread-12] INFO com.university.restaurant.service.concurrent.SafeTableTransferService -- Transferring reservation a38699aa-6f27-4e84-a0ac-50dbc8bb3ef4 from table 12 to table 21
03:43:07.563 [pool-34-thread-11] INFO com.university.restaurant.service.concurrent.SafeTableTransferService -- Transferring reservation de4206ce-aab3-4c4e-acf2-615f53445b49 from table 19 to table 11
]]></system-out>
  </testcase>
  <testcase name="reserveMultipleTables_invalidTable_shouldThrowException" classname="com.university.restaurant.concurrent.SafeTableTransferServiceTest" time="0.003"/>
  <testcase name="concurrentTransfers_oppositeDirections_shouldComplete" classname="com.university.restaurant.concurrent.SafeTableTransferServiceTest" time="0.068">
    <system-out><![CDATA[03:43:07.576 [pool-35-thread-1] INFO com.university.restaurant.service.concurrent.SafeTableTransferService -- Transferring reservation df665584-51d4-4abe-8ee3-03abc7e029e4 from table 1 to table 2
03:43:07.576 [pool-35-thread-1] INFO com.university.restaurant.service.concurrent.SafeTableTransferService -- Transferring reservation df665584-51d4-4abe-8ee3-03abc7e029e4 from table 1 to table 2
03:43:07.576 [pool-35-thread-2] INFO com.university.restaurant.service.concurrent.SafeTableTransferService -- Transferring reservation e379be4e-7515-4e20-8b01-980f7fbd83d5 from table 2 to table 1
03:43:07.576 [pool-35-thread-5] INFO com.university.restaurant.service.concurrent.SafeTableTransferService -- Transferring reservation df665584-51d4-4abe-8ee3-03abc7e029e4 from table 1 to table 2
03:43:07.580 [pool-35-thread-3] INFO com.university.restaurant.service.concurrent.SafeTableTransferService -- Transferring reservation df665584-51d4-4abe-8ee3-03abc7e029e4 from table 1 to table 2
03:43:07.580 [pool-35-thread-3] INFO com.university.restaurant.service.concurrent.SafeTableTransferService -- Transferring reservation df665584-51d4-4abe-8ee3-03abc7e029e4 from table 1 to table 2
03:43:07.580 [pool-35-thread-3] INFO com.university.restaurant.service.concurrent.SafeTableTransferService -- Transferring reservation df665584-51d4-4abe-8ee3-03abc7e029e4 from table 1 to table 2
03:43:07.580 [pool-35-thread-3] INFO com.university.restaurant.service.concurrent.SafeTableTransferService -- Transferring reservation df665584-51d4-4abe-8ee3-03abc7e029e4 from table 1 to table 2
03:43:07.580 [pool-35-thread-3] INFO com.university.restaurant.service.concurrent.SafeTableTransferService -- Transferring reservation df665584-51d4-4abe-8ee3-03abc7e029e4 from table 1 to table 2
03:43:07.580 [pool-35-thread-3] INFO com.university.restaurant.service.concurrent.SafeTableTransferService -- Transferring reservation df665584-51d4-4abe-8ee3-03abc7e029e4 from table 1 to table 2
03:43:07.580 [pool-35-thread-3] INFO com.university.restaurant.service.concurrent.SafeTableTransferService -- Transferring reservation df665584-51d4-4abe-8ee3-03abc7e029e4 from table 1 to table 2
03:43:07.580 [pool-35-thread-3] INFO com.university.restaurant.service.concurrent.SafeTableTransferService -- Transferring reservation df665584-51d4-4abe-8ee3-03abc7e029e4 from table 1 to table 2
03:43:07.580 [pool-35-thread-3] INFO com.university.restaurant.service.concurrent.SafeTableTransferService -- Transferring reservation df665584-51d4-4abe-8ee3-03abc7e029e4 from table 1 to table 2
03:43:07.580 [pool-35-thread-3] INFO com.university.restaurant.service.concurrent.SafeTableTransferService -- Transferring reservation df665584-51d4-4abe-8ee3-03abc7e029e4 from table 1 to table 2
03:43:07.580 [pool-35-thread-3] INFO com.university.restaurant.service.concurrent.SafeTableTransferService -- Transferring reservation df665584-51d4-4abe-8ee3-03abc7e029e4 from table 1 to table 2
03:43:07.580 [pool-35-thread-3] INFO com.university.restaurant.service.concurrent.SafeTableTransferService -- Transferring reservation df665584-51d4-4abe-8ee3-03abc7e029e4 from table 1 to table 2
03:43:07.580 [pool-35-thread-3] INFO com.university.restaurant.service.concurrent.SafeTableTransferService -- Transferring reservation df665584-51d4-4abe-8ee3-03abc7e029e4 from table 1 to table 2
03:43:07.580 [pool-35-thread-3] INFO com.university.restaurant.service.concurrent.SafeTableTransferService -- Transferring reservation df665584-51d4-4abe-8ee3-03abc7e029e4 from table 1 to table 2
03:43:07.580 [pool-35-thread-3] INFO com.university.restaurant.service.concurrent.SafeTableTransferService -- Transferring reservation df665584-51d4-4abe-8ee3-03abc7e029e4 from table 1 to table 2
03:43:07.580 [pool-35-thread-3] INFO com.university.restaurant.service.concurrent.SafeTableTransferService -- Transferring reservation df665584-51d4-4abe-8ee3-03abc7e029e4 from table 1 to table 2
03:43:07.580 [pool-35-thread-3] INFO com.university.restaurant.service.concurrent.SafeTableTransferService -- Transferring reservation df665584-51d4-4abe-8ee3-03abc7e029e4 from table 1 to table 2
03:43:07.580 [pool-35-thread-3] INFO com.university.restaurant.service.concurrent.SafeTableTransferService -- Transferring reservation df665584-51d4-4abe-8ee3-03abc7e029e4 from table 1 to table 2
03:43:07.580 [pool-35-thread-3] INFO com.university.restaurant.service.concurrent.SafeTableTransferService -- Transferring reservation df665584-51d4-4abe-8ee3-03abc7e029e4 from table 1 to table 2
03:43:07.580 [pool-35-thread-3] INFO com.university.restaurant.service.concurrent.SafeTableTransferService -- Transferring reservation df665584-51d4-4abe-8ee3-03abc7e029e4 from table 1 to table 2
03:43:07.580 [pool-35-thread-3] INFO com.university.restaurant.service.concurrent.SafeTableTransferService -- Transferring reservation df665584-51d4-4abe-8ee3-03abc7e029e4 from table 1 to table 2
03:43:07.580 [pool-35-thread-3] INFO com.university.restaurant.service.concurrent.SafeTableTransferService -- Transferring reservation df665584-51d4-4abe-8ee3-03abc7e029e4 from table 1 to table 2
03:43:07.580 [pool-35-thread-3] INFO com.university.restaurant.service.concurrent.SafeTableTransferService -- Transferring reservation df665584-51d4-4abe-8ee3-03abc7e029e4 from table 1 to table 2
03:43:07.580 [pool-35-thread-3] INFO com.university.restaurant.service.concurrent.SafeTableTransferService -- Transferring reservation df665584-51d4-4abe-8ee3-03abc7e029e4 from table 1 to table 2
03:43:07.580 [pool-35-thread-3] INFO com.university.restaurant.service.concurrent.SafeTableTransferService -- Transferring reservation df665584-51d4-4abe-8ee3-03abc7e029e4 from table 1 to table 2
03:43:07.580 [pool-35-thread-3] INFO com.university.restaurant.service.concurrent.SafeTableTransferService -- Transferring reservation df665584-51d4-4abe-8ee3-03abc7e029e4 from table 1 to table 2
03:43:07.580 [pool-35-thread-3] INFO com.university.restaurant.service.concurrent.SafeTableTransferService -- Transferring reservation df665584-51d4-4abe-8ee3-03abc7e029e4 from table 1 to table 2
03:43:07.580 [pool-35-thread-3] INFO com.university.restaurant.service.concurrent.SafeTableTransferService -- Transferring reservation df665584-51d4-4abe-8ee3-03abc7e029e4 from table 1 to table 2
03:43:07.580 [pool-35-thread-3] INFO com.university.restaurant.service.concurrent.SafeTableTransferService -- Transferring reservation df665584-51d4-4abe-8ee3-03abc7e029e4 from table 1 to table 2
03:43:07.580 [pool-35-thread-3] INFO com.university.restaurant.service.concurrent.SafeTableTransferService -- Transferring reservation df665584-51d4-4abe-8ee3-03abc7e029e4 from table 1 to table 2
03:43:07.580 [pool-35-thread-3] INFO com.university.restaurant.service.concurrent.SafeTableTransferService -- Transferring reservation df665584-51d4-4abe-8ee3-03abc7e029e4 from table 1 to table 2
03:43:07.580 [pool-35-thread-3] INFO com.university.restaurant.service.concurrent.SafeTableTransferService -- Transferring reservation df665584-51d4-4abe-8ee3-03abc7e029e4 from table 1 to table 2
03:43:07.580 [pool-35-thread-3] INFO com.university.restaurant.service.concurrent.SafeTableTransferService -- Transferring reservation df665584-51d4-4abe-8ee3-03abc7e029e4 from table 1 to table 2
03:43:07.580 [pool-35-thread-3] INFO com.university.restaurant.service.concurrent.SafeTableTransferService -- Transferring reservation df665584-51d4-4abe-8ee3-03abc7e029e4 from table 1 to table 2
03:43:07.580 [pool-35-thread-3] INFO com.university.restaurant.service.concurrent.SafeTableTransferService -- Transferring reservation df665584-51d4-4abe-8ee3-03abc7e029e4 from table 1 to table 2
03:43:07.582 [pool-35-thread-3] INFO com.university.restaurant.service.concurrent.SafeTableTransferService -- Transferring reservation df665584-51d4-4abe-8ee3-03abc7e029e4 from table 1 to table 2
03:43:07.582 [pool-35-thread-3] INFO com.university.restaurant.service.concurrent.SafeTableTransferService -- Transferring reservation df665584-51d4-4abe-8ee3-03abc7e029e4 from table 1 to table 2
03:43:07.582 [pool-35-thread-3] INFO com.university.restaurant.service.concurrent.SafeTableTransferService -- Transferring reservation df665584-51d4-4abe-8ee3-03abc7e029e4 from table 1 to table 2
03:43:07.582 [pool-35-thread-3] INFO com.university.restaurant.service.concurrent.SafeTableTransferService -- Transferring reservation df665584-51d4-4abe-8ee3-03abc7e029e4 from table 1 to table 2
03:43:07.584 [pool-35-thread-3] INFO com.university.restaurant.service.concurrent.SafeTableTransferService -- Transferring reservation df665584-51d4-4abe-8ee3-03abc7e029e4 from table 1 to table 2
03:43:07.584 [pool-35-thread-3] INFO com.university.restaurant.service.concurrent.SafeTableTransferService -- Transferring reservation df665584-51d4-4abe-8ee3-03abc7e029e4 from table 1 to table 2
03:43:07.584 [pool-35-thread-3] INFO com.university.restaurant.service.concurrent.SafeTableTransferService -- Transferring reservation df665584-51d4-4abe-8ee3-03abc7e029e4 from table 1 to table 2
03:43:07.584 [pool-35-thread-3] INFO com.university.restaurant.service.concurrent.SafeTableTransferService -- Transferring reservation df665584-51d4-4abe-8ee3-03abc7e029e4 from table 1 to table 2
03:43:07.584 [pool-35-thread-3] INFO com.university.restaurant.service.concurrent.SafeTableTransferService -- Transferring reservation df665584-51d4-4abe-8ee3-03abc7e029e4 from table 1 to table 2
03:43:07.584 [pool-35-thread-3] INFO com.university.restaurant.service.concurrent.SafeTableTransferService -- Transferring reservation df665584-51d4-4abe-8ee3-03abc7e029e4 from table 1 to table 2
03:43:07.586 [pool-35-thread-3] INFO com.university.restaurant.service.concurrent.SafeTableTransferService -- Transferring reservation df665584-51d4-4abe-8ee3-03abc7e029e4 from table 1 to table 2
03:43:07.586 [pool-35-thread-1] INFO com.university.restaurant.service.concurrent.SafeTableTransferService -- Transferring reservation df665584-51d4-4abe-8ee3-03abc7e029e4 from table 1 to table 2
03:43:07.586 [pool-35-thread-1] INFO com.university.restaurant.service.concurrent.SafeTableTransferService -- Transferring reservation df665584-51d4-4abe-8ee3-03abc7e029e4 from table 1 to table 2
03:43:07.586 [pool-35-thread-2] INFO com.university.restaurant.service.concurrent.SafeTableTransferService -- Transferring reservation e379be4e-7515-4e20-8b01-980f7fbd83d5 from table 2 to table 1
03:43:07.586 [pool-35-thread-2] INFO com.university.restaurant.service.concurrent.SafeTableTransferService -- Transferring reservation e379be4e-7515-4e20-8b01-980f7fbd83d5 from table 2 to table 1
03:43:07.586 [pool-35-thread-2] INFO com.university.restaurant.service.concurrent.SafeTableTransferService -- Transferring reservation e379be4e-7515-4e20-8b01-980f7fbd83d5 from table 2 to table 1
03:43:07.586 [pool-35-thread-2] INFO com.university.restaurant.service.concurrent.SafeTableTransferService -- Transferring reservation e379be4e-7515-4e20-8b01-980f7fbd83d5 from table 2 to table 1
03:43:07.586 [pool-35-thread-2] INFO com.university.restaurant.service.concurrent.SafeTableTransferService -- Transferring reservation e379be4e-7515-4e20-8b01-980f7fbd83d5 from table 2 to table 1
03:43:07.586 [pool-35-thread-2] INFO com.university.restaurant.service.concurrent.SafeTableTransferService -- Transferring reservation e379be4e-7515-4e20-8b01-980f7fbd83d5 from table 2 to table 1
03:43:07.586 [pool-35-thread-2] INFO com.university.restaurant.service.concurrent.SafeTableTransferService -- Transferring reservation e379be4e-7515-4e20-8b01-980f7fbd83d5 from table 2 to table 1
03:43:07.586 [pool-35-thread-2] INFO com.university.restaurant.service.concurrent.SafeTableTransferService -- Transferring reservation e379be4e-7515-4e20-8b01-980f7fbd83d5 from table 2 to table 1
03:43:07.586 [pool-35-thread-2] INFO com.university.restaurant.service.concurrent.SafeTableTransferService -- Transferring reservation e379be4e-7515-4e20-8b01-980f7fbd83d5 from table 2 to table 1
03:43:07.586 [pool-35-thread-2] INFO com.university.restaurant.service.concurrent.SafeTableTransferService -- Transferring reservation e379be4e-7515-4e20-8b01-980f7fbd83d5 from table 2 to table 1
03:43:07.586 [pool-35-thread-2] INFO com.university.restaurant.service.concurrent.SafeTableTransferService -- Transferring reservation e379be4e-7515-4e20-8b01-980f7fbd83d5 from table 2 to table 1
03:43:07.586 [pool-35-thread-2] INFO com.university.restaurant.service.concurrent.SafeTableTransferService -- Transferring reservation e379be4e-7515-4e20-8b01-980f7fbd83d5 from table 2 to table 1
03:43:07.586 [pool-35-thread-2] INFO com.university.restaurant.service.concurrent.SafeTableTransferService -- Transferring reservation e379be4e-7515-4e20-8b01-980f7fbd83d5 from table 2 to table 1
03:43:07.586 [pool-35-thread-2] INFO com.university.restaurant.service.concurrent.SafeTableTransferService -- Transferring reservation e379be4e-7515-4e20-8b01-980f7fbd83d5 from table 2 to table 1
03:43:07.586 [pool-35-thread-2] INFO com.university.restaurant.service.concurrent.SafeTableTransferService -- Transferring reservation e379be4e-7515-4e20-8b01-980f7fbd83d5 from table 2 to table 1
03:43:07.586 [pool-35-thread-4] INFO com.university.restaurant.service.concurrent.SafeTableTransferService -- Transferring reservation e379be4e-7515-4e20-8b01-980f7fbd83d5 from table 2 to table 1
03:43:07.586 [pool-35-thread-4] INFO com.university.restaurant.service.concurrent.SafeTableTransferService -- Transferring reservation e379be4e-7515-4e20-8b01-980f7fbd83d5 from table 2 to table 1
03:43:07.586 [pool-35-thread-4] INFO com.university.restaurant.service.concurrent.SafeTableTransferService -- Transferring reservation e379be4e-7515-4e20-8b01-980f7fbd83d5 from table 2 to table 1
03:43:07.586 [pool-35-thread-4] INFO com.university.restaurant.service.concurrent.SafeTableTransferService -- Transferring reservation e379be4e-7515-4e20-8b01-980f7fbd83d5 from table 2 to table 1
03:43:07.586 [pool-35-thread-4] INFO com.university.restaurant.service.concurrent.SafeTableTransferService -- Transferring reservation e379be4e-7515-4e20-8b01-980f7fbd83d5 from table 2 to table 1
03:43:07.586 [pool-35-thread-4] INFO com.university.restaurant.service.concurrent.SafeTableTransferService -- Transferring reservation e379be4e-7515-4e20-8b01-980f7fbd83d5 from table 2 to table 1
03:43:07.586 [pool-35-thread-4] INFO com.university.restaurant.service.concurrent.SafeTableTransferService -- Transferring reservation e379be4e-7515-4e20-8b01-980f7fbd83d5 from table 2 to table 1
03:43:07.586 [pool-35-thread-4] INFO com.university.restaurant.service.concurrent.SafeTableTransferService -- Transferring reservation e379be4e-7515-4e20-8b01-980f7fbd83d5 from table 2 to table 1
03:43:07.586 [pool-35-thread-4] INFO com.university.restaurant.service.concurrent.SafeTableTransferService -- Transferring reservation e379be4e-7515-4e20-8b01-980f7fbd83d5 from table 2 to table 1
03:43:07.586 [pool-35-thread-4] INFO com.university.restaurant.service.concurrent.SafeTableTransferService -- Transferring reservation e379be4e-7515-4e20-8b01-980f7fbd83d5 from table 2 to table 1
03:43:07.586 [pool-35-thread-4] INFO com.university.restaurant.service.concurrent.SafeTableTransferService -- Transferring reservation e379be4e-7515-4e20-8b01-980f7fbd83d5 from table 2 to table 1
03:43:07.586 [pool-35-thread-4] INFO com.university.restaurant.service.concurrent.SafeTableTransferService -- Transferring reservation e379be4e-7515-4e20-8b01-980f7fbd83d5 from table 2 to table 1
03:43:07.586 [pool-35-thread-4] INFO com.university.restaurant.service.concurrent.SafeTableTransferService -- Transferring reservation e379be4e-7515-4e20-8b01-980f7fbd83d5 from table 2 to table 1
03:43:07.586 [pool-35-thread-4] INFO com.university.restaurant.service.concurrent.SafeTableTransferService -- Transferring reservation e379be4e-7515-4e20-8b01-980f7fbd83d5 from table 2 to table 1
03:43:07.586 [pool-35-thread-4] INFO com.university.restaurant.service.concurrent.SafeTableTransferService -- Transferring reservation e379be4e-7515-4e20-8b01-980f7fbd83d5 from table 2 to table 1
03:43:07.586 [pool-35-thread-4] INFO com.university.restaurant.service.concurrent.SafeTableTransferService -- Transferring reservation e379be4e-7515-4e20-8b01-980f7fbd83d5 from table 2 to table 1
03:43:07.586 [pool-35-thread-4] INFO com.university.restaurant.service.concurrent.SafeTableTransferService -- Transferring reservation e379be4e-7515-4e20-8b01-980f7fbd83d5 from table 2 to table 1
03:43:07.586 [pool-35-thread-4] INFO com.university.restaurant.service.concurrent.SafeTableTransferService -- Transferring reservation e379be4e-7515-4e20-8b01-980f7fbd83d5 from table 2 to table 1
03:43:07.586 [pool-35-thread-4] INFO com.university.restaurant.service.concurrent.SafeTableTransferService -- Transferring reservation e379be4e-7515-4e20-8b01-980f7fbd83d5 from table 2 to table 1
03:43:07.586 [pool-35-thread-4] INFO com.university.restaurant.service.concurrent.SafeTableTransferService -- Transferring reservation e379be4e-7515-4e20-8b01-980f7fbd83d5 from table 2 to table 1
03:43:07.586 [pool-35-thread-4] INFO com.university.restaurant.service.concurrent.SafeTableTransferService -- Transferring reservation e379be4e-7515-4e20-8b01-980f7fbd83d5 from table 2 to table 1
03:43:07.586 [pool-35-thread-4] INFO com.university.restaurant.service.concurrent.SafeTableTransferService -- Transferring reservation e379be4e-7515-4e20-8b01-980f7fbd83d5 from table 2 to table 1
03:43:07.586 [pool-35-thread-4] INFO com.university.restaurant.service.concurrent.SafeTableTransferService -- Transferring reservation e379be4e-7515-4e20-8b01-980f7fbd83d5 from table 2 to table 1
03:43:07.586 [pool-35-thread-4] INFO com.university.restaurant.service.concurrent.SafeTableTransferService -- Transferring reservation e379be4e-7515-4e20-8b01-980f7fbd83d5 from table 2 to table 1
03:43:07.586 [pool-35-thread-4] INFO com.university.restaurant.service.concurrent.SafeTableTransferService -- Transferring reservation e379be4e-7515-4e20-8b01-980f7fbd83d5 from table 2 to table 1
03:43:07.586 [pool-35-thread-4] INFO com.university.restaurant.service.concurrent.SafeTableTransferService -- Transferring reservation e379be4e-7515-4e20-8b01-980f7fbd83d5 from table 2 to table 1
03:43:07.586 [pool-35-thread-4] INFO com.university.restaurant.service.concurrent.SafeTableTransferService -- Transferring reservation e379be4e-7515-4e20-8b01-980f7fbd83d5 from table 2 to table 1
03:43:07.586 [pool-35-thread-4] INFO com.university.restaurant.service.concurrent.SafeTableTransferService -- Transferring reservation e379be4e-7515-4e20-8b01-980f7fbd83d5 from table 2 to table 1
03:43:07.586 [pool-35-thread-5] INFO com.university.restaurant.service.concurrent.SafeTableTransferService -- Transferring reservation df665584-51d4-4abe-8ee3-03abc7e029e4 from table 1 to table 2
03:43:07.586 [pool-35-thread-5] INFO com.university.restaurant.service.concurrent.SafeTableTransferService -- Transferring reservation df665584-51d4-4abe-8ee3-03abc7e029e4 from table 1 to table 2
03:43:07.586 [pool-35-thread-5] INFO com.university.restaurant.service.concurrent.SafeTableTransferService -- Transferring reservation df665584-51d4-4abe-8ee3-03abc7e029e4 from table 1 to table 2
03:43:07.586 [pool-35-thread-5] INFO com.university.restaurant.service.concurrent.SafeTableTransferService -- Transferring reservation df665584-51d4-4abe-8ee3-03abc7e029e4 from table 1 to table 2
03:43:07.586 [pool-35-thread-5] INFO com.university.restaurant.service.concurrent.SafeTableTransferService -- Transferring reservation df665584-51d4-4abe-8ee3-03abc7e029e4 from table 1 to table 2
03:43:07.586 [pool-35-thread-5] INFO com.university.restaurant.service.concurrent.SafeTableTransferService -- Transferring reservation df665584-51d4-4abe-8ee3-03abc7e029e4 from table 1 to table 2
03:43:07.586 [pool-35-thread-5] INFO com.university.restaurant.service.concurrent.SafeTableTransferService -- Transferring reservation df665584-51d4-4abe-8ee3-03abc7e029e4 from table 1 to table 2
03:43:07.586 [pool-35-thread-5] INFO com.university.restaurant.service.concurrent.SafeTableTransferService -- Transferring reservation df665584-51d4-4abe-8ee3-03abc7e029e4 from table 1 to table 2
03:43:07.592 [pool-35-thread-5] INFO com.university.restaurant.service.concurrent.SafeTableTransferService -- Transferring reservation df665584-51d4-4abe-8ee3-03abc7e029e4 from table 1 to table 2
03:43:07.592 [pool-35-thread-6] INFO com.university.restaurant.service.concurrent.SafeTableTransferService -- Transferring reservation e379be4e-7515-4e20-8b01-980f7fbd83d5 from table 2 to table 1
03:43:07.592 [pool-35-thread-7] INFO com.university.restaurant.service.concurrent.SafeTableTransferService -- Transferring reservation df665584-51d4-4abe-8ee3-03abc7e029e4 from table 1 to table 2
03:43:07.594 [pool-35-thread-7] INFO com.university.restaurant.service.concurrent.SafeTableTransferService -- Transferring reservation df665584-51d4-4abe-8ee3-03abc7e029e4 from table 1 to table 2
03:43:07.594 [pool-35-thread-8] INFO com.university.restaurant.service.concurrent.SafeTableTransferService -- Transferring reservation e379be4e-7515-4e20-8b01-980f7fbd83d5 from table 2 to table 1
03:43:07.594 [pool-35-thread-8] INFO com.university.restaurant.service.concurrent.SafeTableTransferService -- Transferring reservation e379be4e-7515-4e20-8b01-980f7fbd83d5 from table 2 to table 1
03:43:07.594 [pool-35-thread-8] INFO com.university.restaurant.service.concurrent.SafeTableTransferService -- Transferring reservation e379be4e-7515-4e20-8b01-980f7fbd83d5 from table 2 to table 1
03:43:07.594 [pool-35-thread-8] INFO com.university.restaurant.service.concurrent.SafeTableTransferService -- Transferring reservation e379be4e-7515-4e20-8b01-980f7fbd83d5 from table 2 to table 1
03:43:07.594 [pool-35-thread-8] INFO com.university.restaurant.service.concurrent.SafeTableTransferService -- Transferring reservation e379be4e-7515-4e20-8b01-980f7fbd83d5 from table 2 to table 1
03:43:07.594 [pool-35-thread-8] INFO com.university.restaurant.service.concurrent.SafeTableTransferService -- Transferring reservation e379be4e-7515-4e20-8b01-980f7fbd83d5 from table 2 to table 1
03:43:07.594 [pool-35-thread-8] INFO com.university.restaurant.service.concurrent.SafeTableTransferService -- Transferring reservation e379be4e-7515-4e20-8b01-980f7fbd83d5 from table 2 to table 1
03:43:07.594 [pool-35-thread-8] INFO com.university.restaurant.service.concurrent.SafeTableTransferService -- Transferring reservation e379be4e-7515-4e20-8b01-980f7fbd83d5 from table 2 to table 1
03:43:07.594 [pool-35-thread-8] INFO com.university.restaurant.service.concurrent.SafeTableTransferService -- Transferring reservation e379be4e-7515-4e20-8b01-980f7fbd83d5 from table 2 to table 1
03:43:07.594 [pool-35-thread-8] INFO com.university.restaurant.service.concurrent.SafeTableTransferService -- Transferring reservation e379be4e-7515-4e20-8b01-980f7fbd83d5 from table 2 to table 1
03:43:07.594 [pool-35-thread-8] INFO com.university.restaurant.service.concurrent.SafeTableTransferService -- Transferring reservation e379be4e-7515-4e20-8b01-980f7fbd83d5 from table 2 to table 1
03:43:07.594 [pool-35-thread-8] INFO com.university.restaurant.service.concurrent.SafeTableTransferService -- Transferring reservation e379be4e-7515-4e20-8b01-980f7fbd83d5 from table 2 to table 1
03:43:07.594 [pool-35-thread-8] INFO com.university.restaurant.service.concurrent.SafeTableTransferService -- Transferring reservation e379be4e-7515-4e20-8b01-980f7fbd83d5 from table 2 to table 1
03:43:07.594 [pool-35-thread-8] INFO com.university.restaurant.service.concurrent.SafeTableTransferService -- Transferring reservation e379be4e-7515-4e20-8b01-980f7fbd83d5 from table 2 to table 1
03:43:07.594 [pool-35-thread-8] INFO com.university.restaurant.service.concurrent.SafeTableTransferService -- Transferring reservation e379be4e-7515-4e20-8b01-980f7fbd83d5 from table 2 to table 1
03:43:07.594 [pool-35-thread-8] INFO com.university.restaurant.service.concurrent.SafeTableTransferService -- Transferring reservation e379be4e-7515-4e20-8b01-980f7fbd83d5 from table 2 to table 1
03:43:07.594 [pool-35-thread-8] INFO com.university.restaurant.service.concurrent.SafeTableTransferService -- Transferring reservation e379be4e-7515-4e20-8b01-980f7fbd83d5 from table 2 to table 1
03:43:07.594 [pool-35-thread-8] INFO com.university.restaurant.service.concurrent.SafeTableTransferService -- Transferring reservation e379be4e-7515-4e20-8b01-980f7fbd83d5 from table 2 to table 1
03:43:07.594 [pool-35-thread-8] INFO com.university.restaurant.service.concurrent.SafeTableTransferService -- Transferring reservation e379be4e-7515-4e20-8b01-980f7fbd83d5 from table 2 to table 1
03:43:07.594 [pool-35-thread-8] INFO com.university.restaurant.service.concurrent.SafeTableTransferService -- Transferring reservation e379be4e-7515-4e20-8b01-980f7fbd83d5 from table 2 to table 1
03:43:07.594 [pool-35-thread-8] INFO com.university.restaurant.service.concurrent.SafeTableTransferService -- Transferring reservation e379be4e-7515-4e20-8b01-980f7fbd83d5 from table 2 to table 1
03:43:07.594 [pool-35-thread-8] INFO com.university.restaurant.service.concurrent.SafeTableTransferService -- Transferring reservation e379be4e-7515-4e20-8b01-980f7fbd83d5 from table 2 to table 1
03:43:07.594 [pool-35-thread-8] INFO com.university.restaurant.service.concurrent.SafeTableTransferService -- Transferring reservation e379be4e-7515-4e20-8b01-980f7fbd83d5 from table 2 to table 1
03:43:07.594 [pool-35-thread-8] INFO com.university.restaurant.service.concurrent.SafeTableTransferService -- Transferring reservation e379be4e-7515-4e20-8b01-980f7fbd83d5 from table 2 to table 1
03:43:07.594 [pool-35-thread-8] INFO com.university.restaurant.service.concurrent.SafeTableTransferService -- Transferring reservation e379be4e-7515-4e20-8b01-980f7fbd83d5 from table 2 to table 1
03:43:07.594 [pool-35-thread-8] INFO com.university.restaurant.service.concurrent.SafeTableTransferService -- Transferring reservation e379be4e-7515-4e20-8b01-980f7fbd83d5 from table 2 to table 1
03:43:07.594 [pool-35-thread-8] INFO com.university.restaurant.service.concurrent.SafeTableTransferService -- Transferring reservation e379be4e-7515-4e20-8b01-980f7fbd83d5 from table 2 to table 1
03:43:07.594 [pool-35-thread-8] INFO com.university.restaurant.service.concurrent.SafeTableTransferService -- Transferring reservation e379be4e-7515-4e20-8b01-980f7fbd83d5 from table 2 to table 1
03:43:07.594 [pool-35-thread-8] INFO com.university.restaurant.service.concurrent.SafeTableTransferService -- Transferring reservation e379be4e-7515-4e20-8b01-980f7fbd83d5 from table 2 to table 1
03:43:07.594 [pool-35-thread-8] INFO com.university.restaurant.service.concurrent.SafeTableTransferService -- Transferring reservation e379be4e-7515-4e20-8b01-980f7fbd83d5 from table 2 to table 1
03:43:07.594 [pool-35-thread-8] INFO com.university.restaurant.service.concurrent.SafeTableTransferService -- Transferring reservation e379be4e-7515-4e20-8b01-980f7fbd83d5 from table 2 to table 1
03:43:07.594 [pool-35-thread-8] INFO com.university.restaurant.service.concurrent.SafeTableTransferService -- Transferring reservation e379be4e-7515-4e20-8b01-980f7fbd83d5 from table 2 to table 1
03:43:07.594 [pool-35-thread-9] INFO com.university.restaurant.service.concurrent.SafeTableTransferService -- Transferring reservation df665584-51d4-4abe-8ee3-03abc7e029e4 from table 1 to table 2
03:43:07.594 [pool-35-thread-9] INFO com.university.restaurant.service.concurrent.SafeTableTransferService -- Transferring reservation df665584-51d4-4abe-8ee3-03abc7e029e4 from table 1 to table 2
03:43:07.594 [pool-35-thread-10] INFO com.university.restaurant.service.concurrent.SafeTableTransferService -- Transferring reservation e379be4e-7515-4e20-8b01-980f7fbd83d5 from table 2 to table 1
03:43:07.594 [pool-35-thread-10] INFO com.university.restaurant.service.concurrent.SafeTableTransferService -- Transferring reservation e379be4e-7515-4e20-8b01-980f7fbd83d5 from table 2 to table 1
03:43:07.594 [pool-35-thread-10] INFO com.university.restaurant.service.concurrent.SafeTableTransferService -- Transferring reservation e379be4e-7515-4e20-8b01-980f7fbd83d5 from table 2 to table 1
03:43:07.594 [pool-35-thread-10] INFO com.university.restaurant.service.concurrent.SafeTableTransferService -- Transferring reservation e379be4e-7515-4e20-8b01-980f7fbd83d5 from table 2 to table 1
03:43:07.598 [pool-35-thread-10] INFO com.university.restaurant.service.concurrent.SafeTableTransferService -- Transferring reservation e379be4e-7515-4e20-8b01-980f7fbd83d5 from table 2 to table 1
03:43:07.598 [pool-35-thread-11] INFO com.university.restaurant.service.concurrent.SafeTableTransferService -- Transferring reservation df665584-51d4-4abe-8ee3-03abc7e029e4 from table 1 to table 2
03:43:07.598 [pool-35-thread-11] INFO com.university.restaurant.service.concurrent.SafeTableTransferService -- Transferring reservation df665584-51d4-4abe-8ee3-03abc7e029e4 from table 1 to table 2
03:43:07.598 [pool-35-thread-11] INFO com.university.restaurant.service.concurrent.SafeTableTransferService -- Transferring reservation df665584-51d4-4abe-8ee3-03abc7e029e4 from table 1 to table 2
03:43:07.598 [pool-35-thread-11] INFO com.university.restaurant.service.concurrent.SafeTableTransferService -- Transferring reservation df665584-51d4-4abe-8ee3-03abc7e029e4 from table 1 to table 2
03:43:07.600 [pool-35-thread-11] INFO com.university.restaurant.service.concurrent.SafeTableTransferService -- Transferring reservation df665584-51d4-4abe-8ee3-03abc7e029e4 from table 1 to table 2
03:43:07.600 [pool-35-thread-11] INFO com.university.restaurant.service.concurrent.SafeTableTransferService -- Transferring reservation df665584-51d4-4abe-8ee3-03abc7e029e4 from table 1 to table 2
03:43:07.600 [pool-35-thread-11] INFO com.university.restaurant.service.concurrent.SafeTableTransferService -- Transferring reservation df665584-51d4-4abe-8ee3-03abc7e029e4 from table 1 to table 2
03:43:07.600 [pool-35-thread-11] INFO com.university.restaurant.service.concurrent.SafeTableTransferService -- Transferring reservation df665584-51d4-4abe-8ee3-03abc7e029e4 from table 1 to table 2
03:43:07.600 [pool-35-thread-11] INFO com.university.restaurant.service.concurrent.SafeTableTransferService -- Transferring reservation df665584-51d4-4abe-8ee3-03abc7e029e4 from table 1 to table 2
03:43:07.600 [pool-35-thread-11] INFO com.university.restaurant.service.concurrent.SafeTableTransferService -- Transferring reservation df665584-51d4-4abe-8ee3-03abc7e029e4 from table 1 to table 2
03:43:07.600 [pool-35-thread-12] INFO com.university.restaurant.service.concurrent.SafeTableTransferService -- Transferring reservation e379be4e-7515-4e20-8b01-980f7fbd83d5 from table 2 to table 1
03:43:07.600 [pool-35-thread-11] INFO com.university.restaurant.service.concurrent.SafeTableTransferService -- Transferring reservation df665584-51d4-4abe-8ee3-03abc7e029e4 from table 1 to table 2
03:43:07.600 [pool-35-thread-11] INFO com.university.restaurant.service.concurrent.SafeTableTransferService -- Transferring reservation df665584-51d4-4abe-8ee3-03abc7e029e4 from table 1 to table 2
03:43:07.602 [pool-35-thread-11] INFO com.university.restaurant.service.concurrent.SafeTableTransferService -- Transferring reservation df665584-51d4-4abe-8ee3-03abc7e029e4 from table 1 to table 2
03:43:07.602 [pool-35-thread-11] INFO com.university.restaurant.service.concurrent.SafeTableTransferService -- Transferring reservation df665584-51d4-4abe-8ee3-03abc7e029e4 from table 1 to table 2
03:43:07.602 [pool-35-thread-11] INFO com.university.restaurant.service.concurrent.SafeTableTransferService -- Transferring reservation df665584-51d4-4abe-8ee3-03abc7e029e4 from table 1 to table 2
03:43:07.602 [pool-35-thread-11] INFO com.university.restaurant.service.concurrent.SafeTableTransferService -- Transferring reservation df665584-51d4-4abe-8ee3-03abc7e029e4 from table 1 to table 2
03:43:07.602 [pool-35-thread-11] INFO com.university.restaurant.service.concurrent.SafeTableTransferService -- Transferring reservation df665584-51d4-4abe-8ee3-03abc7e029e4 from table 1 to table 2
03:43:07.602 [pool-35-thread-11] INFO com.university.restaurant.service.concurrent.SafeTableTransferService -- Transferring reservation df665584-51d4-4abe-8ee3-03abc7e029e4 from table 1 to table 2
03:43:07.602 [pool-35-thread-11] INFO com.university.restaurant.service.concurrent.SafeTableTransferService -- Transferring reservation df665584-51d4-4abe-8ee3-03abc7e029e4 from table 1 to table 2
03:43:07.602 [pool-35-thread-11] INFO com.university.restaurant.service.concurrent.SafeTableTransferService -- Transferring reservation df665584-51d4-4abe-8ee3-03abc7e029e4 from table 1 to table 2
03:43:07.602 [pool-35-thread-11] INFO com.university.restaurant.service.concurrent.SafeTableTransferService -- Transferring reservation df665584-51d4-4abe-8ee3-03abc7e029e4 from table 1 to table 2
03:43:07.602 [pool-35-thread-11] INFO com.university.restaurant.service.concurrent.SafeTableTransferService -- Transferring reservation df665584-51d4-4abe-8ee3-03abc7e029e4 from table 1 to table 2
03:43:07.602 [pool-35-thread-11] INFO com.university.restaurant.service.concurrent.SafeTableTransferService -- Transferring reservation df665584-51d4-4abe-8ee3-03abc7e029e4 from table 1 to table 2
03:43:07.602 [pool-35-thread-3] INFO com.university.restaurant.service.concurrent.SafeTableTransferService -- Transferring reservation df665584-51d4-4abe-8ee3-03abc7e029e4 from table 1 to table 2
03:43:07.602 [pool-35-thread-3] INFO com.university.restaurant.service.concurrent.SafeTableTransferService -- Transferring reservation df665584-51d4-4abe-8ee3-03abc7e029e4 from table 1 to table 2
03:43:07.602 [pool-35-thread-3] INFO com.university.restaurant.service.concurrent.SafeTableTransferService -- Transferring reservation df665584-51d4-4abe-8ee3-03abc7e029e4 from table 1 to table 2
03:43:07.602 [pool-35-thread-3] INFO com.university.restaurant.service.concurrent.SafeTableTransferService -- Transferring reservation df665584-51d4-4abe-8ee3-03abc7e029e4 from table 1 to table 2
03:43:07.602 [pool-35-thread-1] INFO com.university.restaurant.service.concurrent.SafeTableTransferService -- Transferring reservation df665584-51d4-4abe-8ee3-03abc7e029e4 from table 1 to table 2
[...]
03:43:07.626 [pool-35-thread-10] INFO com.university.restaurant.service.concurrent.SafeTableTransferService -- Transferring reservation e379be4e-7515-4e20-8b01-980f7fbd83d5 from table 2 to table 1
03:43:07.626 [pool-35-thread-10] INFO com.university.restaurant.service.concurrent.SafeTableTransferService -- Transferring reservation e379be4e-7515-4e20-8b01-980f7fbd83d5 from table 2 to table 1
03:43:07.626 [pool-35-thread-10] INFO com.university.restaurant.service.concurrent.SafeTableTransferService -- Transferring reservation e379be4e-7515-4e20-8b01-980f7fbd83d5 from table 2 to table 1
03:43:07.626 [pool-35-thread-10] INFO com.university.restaurant.service.concurrent.SafeTableTransferService -- Transferring reservation e379be4e-7515-4e20-8b01-980f7fbd83d5 from table 2 to table 1
03:43:07.626 [pool-35-thread-10] INFO com.university.restaurant.service.concurrent.SafeTableTransferService -- Transferring reservation e379be4e-7515-4e20-8b01-980f7fbd83d5 from table 2 to table 1
03:43:07.626 [pool-35-thread-10] INFO com.university.restaurant.service.concurrent.SafeTableTransferService -- Transferring reservation e379be4e-7515-4e20-8b01-980f7fbd83d5 from table 2 to table 1
03:43:07.626 [pool-35-thread-10] INFO com.university.restaurant.service.concurrent.SafeTableTransferService -- Transferring reservation e379be4e-7515-4e20-8b01-980f7fbd83d5 from table 2 to table 1
03:43:07.626 [pool-35-thread-10] INFO com.university.restaurant.service.concurrent.SafeTableTransferService -- Transferring reservation e379be4e-7515-4e20-8b01-980f7fbd83d5 from table 2 to table 1
03:43:07.626 [pool-35-thread-10] INFO com.university.restaurant.service.concurrent.SafeTableTransferService -- Transferring reservation e379be4e-7515-4e20-8b01-980f7fbd83d5 from table 2 to table 1
03:43:07.626 [pool-35-thread-10] INFO com.university.restaurant.service.concurrent.SafeTableTransferService -- Transferring reservation e379be4e-7515-4e20-8b01-980f7fbd83d5 from table 2 to table 1
03:43:07.626 [pool-35-thread-10] INFO com.university.restaurant.service.concurrent.SafeTableTransferService -- Transferring reservation e379be4e-7515-4e20-8b01-980f7fbd83d5 from table 2 to table 1
03:43:07.626 [pool-35-thread-10] INFO com.university.restaurant.service.concurrent.SafeTableTransferService -- Transferring reservation e379be4e-7515-4e20-8b01-980f7fbd83d5 from table 2 to table 1
03:43:07.626 [pool-35-thread-10] INFO com.university.restaurant.service.concurrent.SafeTableTransferService -- Transferring reservation e379be4e-7515-4e20-8b01-980f7fbd83d5 from table 2 to table 1
03:43:07.626 [pool-35-thread-10] INFO com.university.restaurant.service.concurrent.SafeTableTransferService -- Transferring reservation e379be4e-7515-4e20-8b01-980f7fbd83d5 from table 2 to table 1
03:43:07.626 [pool-35-thread-10] INFO com.university.restaurant.service.concurrent.SafeTableTransferService -- Transferring reservation e379be4e-7515-4e20-8b01-980f7fbd83d5 from table 2 to table 1
03:43:07.626 [pool-35-thread-10] INFO com.university.restaurant.service.concurrent.SafeTableTransferService -- Transferring reservation e379be4e-7515-4e20-8b01-980f7fbd83d5 from table 2 to table 1
03:43:07.626 [pool-35-thread-12] INFO com.university.restaurant.service.concurrent.SafeTableTransferService -- Transferring reservation e379be4e-7515-4e20-8b01-980f7fbd83d5 from table 2 to table 1
03:43:07.630 [pool-35-thread-12] INFO com.university.restaurant.service.concurrent.SafeTableTransferService -- Transferring reservation e379be4e-7515-4e20-8b01-980f7fbd83d5 from table 2 to table 1
03:43:07.630 [pool-35-thread-1] INFO com.university.restaurant.service.concurrent.SafeTableTransferService -- Transferring reservation df665584-51d4-4abe-8ee3-03abc7e029e4 from table 1 to table 2
03:43:07.630 [pool-35-thread-1] INFO com.university.restaurant.service.concurrent.SafeTableTransferService -- Transferring reservation df665584-51d4-4abe-8ee3-03abc7e029e4 from table 1 to table 2
03:43:07.630 [pool-35-thread-1] INFO com.university.restaurant.service.concurrent.SafeTableTransferService -- Transferring reservation df665584-51d4-4abe-8ee3-03abc7e029e4 from table 1 to table 2
03:43:07.630 [pool-35-thread-2] INFO com.university.restaurant.service.concurrent.SafeTableTransferService -- Transferring reservation e379be4e-7515-4e20-8b01-980f7fbd83d5 from table 2 to table 1
03:43:07.630 [pool-35-thread-2] INFO com.university.restaurant.service.concurrent.SafeTableTransferService -- Transferring reservation e379be4e-7515-4e20-8b01-980f7fbd83d5 from table 2 to table 1
03:43:07.630 [pool-35-thread-2] INFO com.university.restaurant.service.concurrent.SafeTableTransferService -- Transferring reservation e379be4e-7515-4e20-8b01-980f7fbd83d5 from table 2 to table 1
03:43:07.630 [pool-35-thread-2] INFO com.university.restaurant.service.concurrent.SafeTableTransferService -- Transferring reservation e379be4e-7515-4e20-8b01-980f7fbd83d5 from table 2 to table 1
03:43:07.633 [pool-35-thread-2] INFO com.university.restaurant.service.concurrent.SafeTableTransferService -- Transferring reservation e379be4e-7515-4e20-8b01-980f7fbd83d5 from table 2 to table 1
03:43:07.633 [pool-35-thread-2] INFO com.university.restaurant.service.concurrent.SafeTableTransferService -- Transferring reservation e379be4e-7515-4e20-8b01-980f7fbd83d5 from table 2 to table 1
03:43:07.633 [pool-35-thread-2] INFO com.university.restaurant.service.concurrent.SafeTableTransferService -- Transferring reservation e379be4e-7515-4e20-8b01-980f7fbd83d5 from table 2 to table 1
03:43:07.633 [pool-35-thread-5] INFO com.university.restaurant.service.concurrent.SafeTableTransferService -- Transferring reservation df665584-51d4-4abe-8ee3-03abc7e029e4 from table 1 to table 2
03:43:07.633 [pool-35-thread-5] INFO com.university.restaurant.service.concurrent.SafeTableTransferService -- Transferring reservation df665584-51d4-4abe-8ee3-03abc7e029e4 from table 1 to table 2
03:43:07.633 [pool-35-thread-6] INFO com.university.restaurant.service.concurrent.SafeTableTransferService -- Transferring reservation e379be4e-7515-4e20-8b01-980f7fbd83d5 from table 2 to table 1
03:43:07.633 [pool-35-thread-6] INFO com.university.restaurant.service.concurrent.SafeTableTransferService -- Transferring reservation e379be4e-7515-4e20-8b01-980f7fbd83d5 from table 2 to table 1
03:43:07.633 [pool-35-thread-6] INFO com.university.restaurant.service.concurrent.SafeTableTransferService -- Transferring reservation e379be4e-7515-4e20-8b01-980f7fbd83d5 from table 2 to table 1
03:43:07.633 [pool-35-thread-6] INFO com.university.restaurant.service.concurrent.SafeTableTransferService -- Transferring reservation e379be4e-7515-4e20-8b01-980f7fbd83d5 from table 2 to table 1
03:43:07.633 [pool-35-thread-6] INFO com.university.restaurant.service.concurrent.SafeTableTransferService -- Transferring reservation e379be4e-7515-4e20-8b01-980f7fbd83d5 from table 2 to table 1
03:43:07.633 [pool-35-thread-9] INFO com.university.restaurant.service.concurrent.SafeTableTransferService -- Transferring reservation df665584-51d4-4abe-8ee3-03abc7e029e4 from table 1 to table 2
03:43:07.633 [pool-35-thread-9] INFO com.university.restaurant.service.concurrent.SafeTableTransferService -- Transferring reservation df665584-51d4-4abe-8ee3-03abc7e029e4 from table 1 to table 2
03:43:07.633 [pool-35-thread-9] INFO com.university.restaurant.service.concurrent.SafeTableTransferService -- Transferring reservation df665584-51d4-4abe-8ee3-03abc7e029e4 from table 1 to table 2
03:43:07.633 [pool-35-thread-9] INFO com.university.restaurant.service.concurrent.SafeTableTransferService -- Transferring reservation df665584-51d4-4abe-8ee3-03abc7e029e4 from table 1 to table 2
03:43:07.633 [pool-35-thread-9] INFO com.university.restaurant.service.concurrent.SafeTableTransferService -- Transferring reservation df665584-51d4-4abe-8ee3-03abc7e029e4 from table 1 to table 2
03:43:07.633 [pool-35-thread-9] INFO com.university.restaurant.service.concurrent.SafeTableTransferService -- Transferring reservation df665584-51d4-4abe-8ee3-03abc7e029e4 from table 1 to table 2
03:43:07.633 [pool-35-thread-9] INFO com.university.restaurant.service.concurrent.SafeTableTransferService -- Transferring reservation df665584-51d4-4abe-8ee3-03abc7e029e4 from table 1 to table 2
03:43:07.633 [pool-35-thread-9] INFO com.university.restaurant.service.concurrent.SafeTableTransferService -- Transferring reservation df665584-51d4-4abe-8ee3-03abc7e029e4 from table 1 to table 2
03:43:07.633 [pool-35-thread-9] INFO com.university.restaurant.service.concurrent.SafeTableTransferService -- Transferring reservation df665584-51d4-4abe-8ee3-03abc7e029e4 from table 1 to table 2
03:43:07.633 [pool-35-thread-9] INFO com.university.restaurant.service.concurrent.SafeTableTransferService -- Transferring reservation df665584-51d4-4abe-8ee3-03abc7e029e4 from table 1 to table 2
03:43:07.633 [pool-35-thread-9] INFO com.university.restaurant.service.concurrent.SafeTableTransferService -- Transferring reservation df665584-51d4-4abe-8ee3-03abc7e029e4 from table 1 to table 2
03:43:07.633 [pool-35-thread-9] INFO com.university.restaurant.service.concurrent.SafeTableTransferService -- Transferring reservation df665584-51d4-4abe-8ee3-03abc7e029e4 from table 1 to table 2
03:43:07.633 [pool-35-thread-9] INFO com.university.restaurant.service.concurrent.SafeTableTransferService -- Transferring reservation df665584-51d4-4abe-8ee3-03abc7e029e4 from table 1 to table 2
03:43:07.633 [pool-35-thread-9] INFO com.university.restaurant.service.concurrent.SafeTableTransferService -- Transferring reservation df665584-51d4-4abe-8ee3-03abc7e029e4 from table 1 to table 2
03:43:07.633 [pool-35-thread-9] INFO com.university.restaurant.service.concurrent.SafeTableTransferService -- Transferring reservation df665584-51d4-4abe-8ee3-03abc7e029e4 from table 1 to table 2
03:43:07.633 [pool-35-thread-9] INFO com.university.restaurant.service.concurrent.SafeTableTransferService -- Transferring reservation df665584-51d4-4abe-8ee3-03abc7e029e4 from table 1 to table 2
03:43:07.633 [pool-35-thread-9] INFO com.university.restaurant.service.concurrent.SafeTableTransferService -- Transferring reservation df665584-51d4-4abe-8ee3-03abc7e029e4 from table 1 to table 2
03:43:07.633 [pool-35-thread-9] INFO com.university.restaurant.service.concurrent.SafeTableTransferService -- Transferring reservation df665584-51d4-4abe-8ee3-03abc7e029e4 from table 1 to table 2
03:43:07.633 [pool-35-thread-9] INFO com.university.restaurant.service.concurrent.SafeTableTransferService -- Transferring reservation df665584-51d4-4abe-8ee3-03abc7e029e4 from table 1 to table 2
03:43:07.633 [pool-35-thread-1] INFO com.university.restaurant.service.concurrent.SafeTableTransferService -- Transferring reservation df665584-51d4-4abe-8ee3-03abc7e029e4 from table 1 to table 2
03:43:07.633 [pool-35-thread-1] INFO com.university.restaurant.service.concurrent.SafeTableTransferService -- Transferring reservation df665584-51d4-4abe-8ee3-03abc7e029e4 from table 1 to table 2
03:43:07.633 [pool-35-thread-1] INFO com.university.restaurant.service.concurrent.SafeTableTransferService -- Transferring reservation df665584-51d4-4abe-8ee3-03abc7e029e4 from table 1 to table 2
03:43:07.633 [pool-35-thread-1] INFO com.university.restaurant.service.concurrent.SafeTableTransferService -- Transferring reservation df665584-51d4-4abe-8ee3-03abc7e029e4 from table 1 to table 2
03:43:07.633 [pool-35-thread-1] INFO com.university.restaurant.service.concurrent.SafeTableTransferService -- Transferring reservation df665584-51d4-4abe-8ee3-03abc7e029e4 from table 1 to table 2
03:43:07.633 [pool-35-thread-1] INFO com.university.restaurant.service.concurrent.SafeTableTransferService -- Transferring reservation df665584-51d4-4abe-8ee3-03abc7e029e4 from table 1 to table 2
03:43:07.633 [pool-35-thread-1] INFO com.university.restaurant.service.concurrent.SafeTableTransferService -- Transferring reservation df665584-51d4-4abe-8ee3-03abc7e029e4 from table 1 to table 2
03:43:07.633 [pool-35-thread-1] INFO com.university.restaurant.service.concurrent.SafeTableTransferService -- Transferring reservation df665584-51d4-4abe-8ee3-03abc7e029e4 from table 1 to table 2
03:43:07.633 [pool-35-thread-1] INFO com.university.restaurant.service.concurrent.SafeTableTransferService -- Transferring reservation df665584-51d4-4abe-8ee3-03abc7e029e4 from table 1 to table 2
03:43:07.633 [pool-35-thread-1] INFO com.university.restaurant.service.concurrent.SafeTableTransferService -- Transferring reservation df665584-51d4-4abe-8ee3-03abc7e029e4 from table 1 to table 2
03:43:07.633 [pool-35-thread-2] INFO com.university.restaurant.service.concurrent.SafeTableTransferService -- Transferring reservation e379be4e-7515-4e20-8b01-980f7fbd83d5 from table 2 to table 1
03:43:07.633 [pool-35-thread-2] INFO com.university.restaurant.service.concurrent.SafeTableTransferService -- Transferring reservation e379be4e-7515-4e20-8b01-980f7fbd83d5 from table 2 to table 1
03:43:07.633 [pool-35-thread-5] INFO com.university.restaurant.service.concurrent.SafeTableTransferService -- Transferring reservation df665584-51d4-4abe-8ee3-03abc7e029e4 from table 1 to table 2
03:43:07.633 [pool-35-thread-5] INFO com.university.restaurant.service.concurrent.SafeTableTransferService -- Transferring reservation df665584-51d4-4abe-8ee3-03abc7e029e4 from table 1 to table 2
03:43:07.633 [pool-35-thread-5] INFO com.university.restaurant.service.concurrent.SafeTableTransferService -- Transferring reservation df665584-51d4-4abe-8ee3-03abc7e029e4 from table 1 to table 2
03:43:07.633 [pool-35-thread-5] INFO com.university.restaurant.service.concurrent.SafeTableTransferService -- Transferring reservation df665584-51d4-4abe-8ee3-03abc7e029e4 from table 1 to table 2
03:43:07.633 [pool-35-thread-5] INFO com.university.restaurant.service.concurrent.SafeTableTransferService -- Transferring reservation df665584-51d4-4abe-8ee3-03abc7e029e4 from table 1 to table 2
03:43:07.633 [pool-35-thread-5] INFO com.university.restaurant.service.concurrent.SafeTableTransferService -- Transferring reservation df665584-51d4-4abe-8ee3-03abc7e029e4 from table 1 to table 2
03:43:07.633 [pool-35-thread-5] INFO com.university.restaurant.service.concurrent.SafeTableTransferService -- Transferring reservation df665584-51d4-4abe-8ee3-03abc7e029e4 from table 1 to table 2
03:43:07.633 [pool-35-thread-5] INFO com.university.restaurant.service.concurrent.SafeTableTransferService -- Transferring reservation df665584-51d4-4abe-8ee3-03abc7e029e4 from table 1 to table 2
03:43:07.633 [pool-35-thread-5] INFO com.university.restaurant.service.concurrent.SafeTableTransferService -- Transferring reservation df665584-51d4-4abe-8ee3-03abc7e029e4 from table 1 to table 2
03:43:07.633 [pool-35-thread-5] INFO com.university.restaurant.service.concurrent.SafeTableTransferService -- Transferring reservation df665584-51d4-4abe-8ee3-03abc7e029e4 from table 1 to table 2
03:43:07.633 [pool-35-thread-5] INFO com.university.restaurant.service.concurrent.SafeTableTransferService -- Transferring reservation df665584-51d4-4abe-8ee3-03abc7e029e4 from table 1 to table 2
03:43:07.633 [pool-35-thread-5] INFO com.university.restaurant.service.concurrent.SafeTableTransferService -- Transferring reservation df665584-51d4-4abe-8ee3-03abc7e029e4 from table 1 to table 2
03:43:07.633 [pool-35-thread-5] INFO com.university.restaurant.service.concurrent.SafeTableTransferService -- Transferring reservation df665584-51d4-4abe-8ee3-03abc7e029e4 from table 1 to table 2
03:43:07.633 [pool-35-thread-5] INFO com.university.restaurant.service.concurrent.SafeTableTransferService -- Transferring reservation df665584-51d4-4abe-8ee3-03abc7e029e4 from table 1 to table 2
03:43:07.633 [pool-35-thread-5] INFO com.university.restaurant.service.concurrent.SafeTableTransferService -- Transferring reservation df665584-51d4-4abe-8ee3-03abc7e029e4 from table 1 to table 2
03:43:07.633 [pool-35-thread-5] INFO com.university.restaurant.service.concurrent.SafeTableTransferService -- Transferring reservation df665584-51d4-4abe-8ee3-03abc7e029e4 from table 1 to table 2
03:43:07.633 [pool-35-thread-5] INFO com.university.restaurant.service.concurrent.SafeTableTransferService -- Transferring reservation df665584-51d4-4abe-8ee3-03abc7e029e4 from table 1 to table 2
03:43:07.633 [pool-35-thread-5] INFO com.university.restaurant.service.concurrent.SafeTableTransferService -- Transferring reservation df665584-51d4-4abe-8ee3-03abc7e029e4 from table 1 to table 2
03:43:07.633 [pool-35-thread-5] INFO com.university.restaurant.service.concurrent.SafeTableTransferService -- Transferring reservation df665584-51d4-4abe-8ee3-03abc7e029e4 from table 1 to table 2
03:43:07.633 [pool-35-thread-5] INFO com.university.restaurant.service.concurrent.SafeTableTransferService -- Transferring reservation df665584-51d4-4abe-8ee3-03abc7e029e4 from table 1 to table 2
03:43:07.633 [pool-35-thread-5] INFO com.university.restaurant.service.concurrent.SafeTableTransferService -- Transferring reservation df665584-51d4-4abe-8ee3-03abc7e029e4 from table 1 to table 2
03:43:07.633 [pool-35-thread-5] INFO com.university.restaurant.service.concurrent.SafeTableTransferService -- Transferring reservation df665584-51d4-4abe-8ee3-03abc7e029e4 from table 1 to table 2
03:43:07.633 [pool-35-thread-5] INFO com.university.restaurant.service.concurrent.SafeTableTransferService -- Transferring reservation df665584-51d4-4abe-8ee3-03abc7e029e4 from table 1 to table 2
03:43:07.633 [pool-35-thread-5] INFO com.university.restaurant.service.concurrent.SafeTableTransferService -- Transferring reservation df665584-51d4-4abe-8ee3-03abc7e029e4 from table 1 to table 2
03:43:07.633 [pool-35-thread-5] INFO com.university.restaurant.service.concurrent.SafeTableTransferService -- Transferring reservation df665584-51d4-4abe-8ee3-03abc7e029e4 from table 1 to table 2
03:43:07.633 [pool-35-thread-5] INFO com.university.restaurant.service.concurrent.SafeTableTransferService -- Transferring reservation df665584-51d4-4abe-8ee3-03abc7e029e4 from table 1 to table 2
03:43:07.633 [pool-35-thread-5] INFO com.university.restaurant.service.concurrent.SafeTableTransferService -- Transferring reservation df665584-51d4-4abe-8ee3-03abc7e029e4 from table 1 to table 2
03:43:07.633 [pool-35-thread-5] INFO com.university.restaurant.service.concurrent.SafeTableTransferService -- Transferring reservation df665584-51d4-4abe-8ee3-03abc7e029e4 from table 1 to table 2
03:43:07.633 [pool-35-thread-5] INFO com.university.restaurant.service.concurrent.SafeTableTransferService -- Transferring reservation df665584-51d4-4abe-8ee3-03abc7e029e4 from table 1 to table 2
03:43:07.633 [pool-35-thread-5] INFO com.university.restaurant.service.concurrent.SafeTableTransferService -- Transferring reservation df665584-51d4-4abe-8ee3-03abc7e029e4 from table 1 to table 2
]]></system-out>
  </testcase>
  <testcase name="reserveTableWithRetry_invalidTable_shouldThrowException" classname="com.university.restaurant.concurrent.SafeTableTransferServiceTest" time="0.002"/>
  <testcase name="transferReservation_singleTransfer_shouldSucceed" classname="com.university.restaurant.concurrent.SafeTableTransferServiceTest" time="0.002">
    <system-out><![CDATA[03:43:07.646 [main] INFO com.university.restaurant.service.concurrent.SafeTableTransferService -- Transferring reservation d861a738-d7fd-491d-98d9-ef53192865ab from table 5 to table 10
]]></system-out>
  </testcase>
  <testcase name="reserveTableWithRetry_validTable_shouldSucceed" classname="com.university.restaurant.concurrent.SafeTableTransferServiceTest" time="0.002">
    <system-out><![CDATA[03:43:07.648 [main] INFO com.university.restaurant.service.concurrent.DeadlockSafeReservationService -- Reserved 53f6d9ab-1281-435c-b132-e89c31c182b9 after 1 attempts
]]></system-out>
  </testcase>
  <testcase name="transferReservation_invalidTable_shouldThrowException" classname="com.university.restaurant.concurrent.SafeTableTransferServiceTest" time="0.002"/>
</testsuite>