<?xml version="1.0" encoding="UTF-8"?>
<testsuite xmlns:xsi="http://www.w3.org/2001/XMLSchema-instance" xsi:noNamespaceSchemaLocation="https://maven.apache.org/surefire/maven-surefire-plugin/xsd/surefire-test-report-3.0.xsd" version="3.0" name="com.university.restaurant.concurrent.DeadlockPreventionTest" time="0.504" tests="4" errors="0" skipped="0" failures="0">
  <properties>
[...]
</properties>
  <testcase name="tryReserveWithTimeout_shouldTimeoutGracefully" classname="com.university.restaurant.concurrent.DeadlockPreventionTest" time="0.126">
    <system-out><![CDATA[03:40:34.195 [ForkJoinPool.commonPool-worker-1] WARN com.university.restaurant.service.concurrent.DeadlockSafeReservationService -- Timeout acquiring lock for reservation f6af69aa-28bd-4e4f-af5d-8dc1eb5b4271
]]></system-out>
  </testcase>
  <testcase name="reserveWithRetry_shouldEventuallySucceed" classname="com.university.restaurant.concurrent.DeadlockPreventionTest" time="0.216">
    <system-out><![CDATA[03:40:34.373 [ForkJoinPool.commonPool-worker-2] WARN com.university.restaurant.service.concurrent.DeadlockSafeReservationService -- Retry attempt 1 for reservation 6182a441-9b77-4a11-8ba9-6dda94b8872f (waiting 200ms)
03:40:34.407 [ForkJoinPool.commonPool-worker-2] INFO com.university.restaurant.service.concurrent.DeadlockSafeReservationService -- Reserved 6182a441-9b77-4a11-8ba9-6dda94b8872f after 2 attempts
]]></system-out>
  </testcase>
  <testcase name="highContentionScenario_shouldHandleGracefully" classname="com.university.restaurant.concurrent.DeadlockPreventionTest" time="0.096">
    <system-out><![CDATA[03:40:34.430 [pool-26-thread-2] INFO com.university.restaurant.service.concurrent.DeadlockSafeReservationService -- Reserved f7cf2be9-b4aa-43bf-a3fb-7bdd35cad604
03:40:34.432 [pool-26-thread-1] INFO com.university.restaurant.service.concurrent.DeadlockSafeReservationService -- Reserved 5e4dc874-0543-4c09-9517-287dcde82c4e
03:40:34.434 [pool-26-thread-1] INFO com.university.restaurant.service.concurrent.DeadlockSafeReservationService -- Reserved 7843628e-712a-464f-ab51-2b5009514073
03:40:34.434 [pool-26-thread-5] INFO com.university.restaurant.service.concurrent.DeadlockSafeReservationService -- Reserved 721d9138-9c80-4ce5-a37f-6c87368cf605
03:40:34.436 [pool-26-thread-2] INFO com.university.restaurant.service.concurrent.DeadlockSafeReservationService -- Reserved 76156d7d-a1d9-43e7-9e2f-3f55d60c2d50
03:40:34.436 [pool-26-thread-3] INFO com.university.restaurant.service.concurrent.DeadlockSafeReservationService -- Reserved e9cab268-b019-424b-a0a0-d698199fd61e
03:40:34.438 [pool-26-thread-3] INFO com.university.restaurant.service.concurrent.DeadlockSafeReservationService -- Reserved 12201d03-edef-4a70-ac73-8c538f632c82
03:40:34.440 [pool-26-thread-4] INFO com.university.restaurant.service.concurrent.DeadlockSafeReservationService -- Reserved c54b5f0f-f624-479c-9ee7-a641befeca08
03:40:34.442 [pool-26-thread-4] INFO com.university.restaurant.service.concurrent.DeadlockSafeReservationService -- Reserved 37c2edcc-6a93-40a0-bcd6-f568cab71ca9
03:40:34.456 [pool-26-thread-16] INFO com.university.restaurant.service.concurrent.DeadlockSafeReservationService -- Reserved bd6fb00e-3876-4174-8a3f-e9943c026617
03:40:34.456 [pool-26-thread-1] INFO com.university.restaurant.service.concurrent.DeadlockSafeReservationService -- Reserved c61f89d3-7cae-462d-80e9-d9d15ef910b4
03:40:34.456 [pool-26-thread-6] INFO com.university.restaurant.service.concurrent.DeadlockSafeReservationService -- Reserved dbe5fb8b-1806-405c-ab84-c1920b450126
03:40:34.458 [pool-26-thread-7] INFO com.university.restaurant.service.concurrent.DeadlockSafeReservationService -- Reserved 27524dc1-74d6-4e68-8639-1d48dbde5583
03:40:34.458 [pool-26-thread-8] INFO com.university.restaurant.service.concurrent.DeadlockSafeReservationService -- Reserved ffe4e0fe-5f46-491d-b327-a87fed165788
03:40:34.460 [pool-26-thread-8] INFO com.university.restaurant.service.concurrent.DeadlockSafeReservationService -- Reserved 6b3acedb-63ca-4c55-87c9-64de6cdcdaea
03:40:34.460 [pool-26-thread-5] INFO com.university.restaurant.service.concurrent.DeadlockSafeReservationService -- Reserved fdfd84f5-508c-4a21-bdbe-d97705d39395
03:40:34.460 [pool-26-thread-2] INFO com.university.restaurant.service.concurrent.DeadlockSafeReservationService -- Reserved fc3f9e1d-e95c-4fa2-901e-e670c3e8b87e
03:40:34.463 [pool-26-thread-9] INFO com.university.restaurant.service.concurrent.DeadlockSafeReservationService -- Reserved c73597e4-2d03-4e68-b5f8-d7766cf9bf02
03:40:34.463 [pool-26-thread-10] INFO com.university.restaurant.service.concurrent.DeadlockSafeReservationService -- Reserved 9185e110-f4ed-4b8b-b508-622978ee6407
03:40:34.463 [pool-26-thread-3] INFO com.university.restaurant.service.concurrent.DeadlockSafeReservationService -- Reserved 26d0c38d-ad79-4b28-ac40-148738a9ccb7
03:40:34.463 [pool-26-thread-11] INFO com.university.restaurant.service.concurrent.DeadlockSafeReservationService -- Reserved c1f2bf2d-7cc9-4673-ac0d-d8ac8c5d2091
03:40:34.463 [pool-26-thread-15] INFO com.university.restaurant.service.concurrent.DeadlockSafeReservationService -- Reserved 5f353ba1-277d-4d10-947a-96ad3fc449d5
03:40:34.463 [pool-26-thread-12] INFO com.university.restaurant.service.concurrent.DeadlockSafeReservationService -- Reserved 851c9639-6af2-4ac3-839c-397e125833be
03:40:34.463 [pool-26-thread-13] INFO com.university.restaurant.service.concurrent.DeadlockSafeReservationService -- Reserved 11ed7484-8ef6-41f2-811d-f952b26fb0df
03:40:34.463 [pool-26-thread-14] INFO com.university.restaurant.service.concurrent.DeadlockSafeReservationService -- Reserved c14633a2-784c-4ee5-9fea-8a5ca7efb352
03:40:34.463 [pool-26-thread-4] INFO com.university.restaurant.service.concurrent.DeadlockSafeReservationService -- Reserved 96939eb2-cf09-48bb-b046-47ac8d66f2f9
03:40:34.463 [pool-26-thread-16] INFO com.university.restaurant.service.concurrent.DeadlockSafeReservationService -- Reserved 9067305e-c6d5-4020-a8e5-1c3b0c744e25
03:40:34.463 [pool-26-thread-1] INFO com.university.restaurant.service.concurrent.DeadlockSafeReservationService -- Reserved 6aca930a-4f4d-425f-84f6-07077c621733
03:40:34.463 [pool-26-thread-17] INFO com.university.restaurant.service.concurrent.DeadlockSafeReservationService -- Reserved 67f0cd45-a125-4f82-ac3d-3f961cb3fd5f
03:40:34.463 [pool-26-thread-6] INFO com.university.restaurant.service.concurrent.DeadlockSafeReservationService -- Reserved 66d3cbc4-3f28-4902-b43e-9e38e0c38788
03:40:34.463 [pool-26-thread-17] INFO com.university.restaurant.service.concurrent.DeadlockSafeReservationService -- Reserved 731adaeb-6541-42b0-86d9-a913322181cb
03:40:34.463 [pool-26-thread-7] INFO com.university.restaurant.service.concurrent.DeadlockSafeReservationService -- Reserved c3828641-0c30-4432-9757-dfd51c71266c
03:40:34.463 [pool-26-thread-18] INFO com.university.restaurant.service.concurrent.DeadlockSafeReservationService -- Reserved 7c93741f-c7e5-4a1f-9d9c-e1288cbe2dc5
03:40:34.463 [pool-26-thread-19] INFO com.university.restaurant.service.concurrent.DeadlockSafeReservationService -- Reserved a4159dba-caa0-42dc-b512-b4a238da3430
03:40:34.471 [pool-26-thread-8] INFO com.university.restaurant.service.concurrent.DeadlockSafeReservationService -- Reserved 6803433b-5475-4d44-bbac-3d41dcbe4c06
03:40:34.471 [pool-26-thread-20] INFO com.university.restaurant.service.concurrent.DeadlockSafeReservationService -- Reserved d12d844b-030b-4103-8dff-33fa13acd676
03:40:34.471 [pool-26-thread-5] INFO com.university.restaurant.service.concurrent.DeadlockSafeReservationService -- Reserved 96967252-15bd-4b91-95a3-2f4cbab9591d
03:40:34.471 [pool-26-thread-2] INFO com.university.restaurant.service.concurrent.DeadlockSafeReservationService -- Reserved 20c92f8f-1091-4d60-b917-f30192c4e162
03:40:34.471 [pool-26-thread-9] INFO com.university.restaurant.service.concurrent.DeadlockSafeReservationService -- Reserved 2213e79e-ac40-4181-aa58-81d18f81c95d
03:40:34.471 [pool-26-thread-9] INFO com.university.restaurant.service.concurrent.DeadlockSafeReservationService -- Reserved 3212b1e1-e5bd-4477-9e7a-4e704a2fb278
03:40:34.471 [pool-26-thread-10] INFO com.university.restaurant.service.concurrent.DeadlockSafeReservationService -- Reserved dc1d49eb-edd1-47a7-9512-938a532ab561
03:40:34.471 [pool-26-thread-3] INFO com.university.restaurant.service.concurrent.DeadlockSafeReservationService -- Reserved 0c48a947-abdd-4f47-9109-5d09953c774a
03:40:34.471 [pool-26-thread-11] INFO com.university.restaurant.service.concurrent.DeadlockSafeReservationService -- Reserved 03c29d67-c9fb-4bb3-806e-4cc091322c7e
03:40:34.476 [pool-26-thread-11] INFO com.university.restaurant.service.concurrent.DeadlockSafeReservationService -- Reserved 2126cf20-cb27-4171-9185-9c90668030c5
03:40:34.476 [pool-26-thread-11] INFO com.university.restaurant.service.concurrent.DeadlockSafeReservationService -- Reserved 7fd6f416-d1e7-46d1-8eaf-6f915865cc5f
03:40:34.476 [pool-26-thread-11] INFO com.university.restaurant.service.concurrent.DeadlockSafeReservationService -- Reserved c6661cfc-93ed-4e42-a5ee-baea6975e793
03:40:34.476 [pool-26-thread-15] INFO com.university.restaurant.service.concurrent.DeadlockSafeReservationService -- Reserved 522150c6-a709-430c-b14d-217689206fa8
03:40:34.476 [pool-26-thread-12] INFO com.university.restaurant.service.concurrent.DeadlockSafeReservationService -- Reserved c1a208ba-c1e1-4815-91f4-c707bcce716e
03:40:34.476 [pool-26-thread-13] INFO com.university.restaurant.service.concurrent.DeadlockSafeReservationService -- Reserved 95e10231-619c-49c6-b242-25984182822d
03:40:34.476 [pool-26-thread-14] INFO com.university.restaurant.service.concurrent.DeadlockSafeReservationService -- Reserved 79327c82-c29f-41cd-8ce3-d11a942e7d1c
03:40:34.476 [pool-26-thread-4] INFO com.university.restaurant.service.concurrent.DeadlockSafeReservationService -- Reserved dc80b24a-c64d-4e16-ab3e-ddf0a70aced5
03:40:34.476 [pool-26-thread-16] INFO com.university.restaurant.service.concurrent.DeadlockSafeReservationService -- Reserved 978c2cbd-e9ed-4796-8cbb-cfd761fc9e9c
03:40:34.476 [pool-26-thread-1] INFO com.university.restaurant.service.concurrent.DeadlockSafeReservationService -- Reserved 6a3866d7-934c-4b29-a882-7a44d6410430
03:40:34.476 [pool-26-thread-6] INFO com.university.restaurant.service.concurrent.DeadlockSafeReservationService -- Reserved 28885ac5-13bf-468d-a23d-b7aaab04f88d
03:40:34.476 [pool-26-thread-17] INFO com.university.restaurant.service.concurrent.DeadlockSafeReservationService -- Reserved e149e11d-60c4-40a3-89c8-8e908501313d
03:40:34.476 [pool-26-thread-7] INFO com.university.restaurant.service.concurrent.DeadlockSafeReservationService -- Reserved 3de64b66-337f-470e-aede-fea8b476395f
03:40:34.476 [pool-26-thread-18] INFO com.university.restaurant.service.concurrent.DeadlockSafeReservationService -- Reserved 677cdf7d-7693-4e4e-b5d2-bb4234787dbc
03:40:34.483 [pool-26-thread-19] INFO com.university.restaurant.service.concurrent.DeadlockSafeReservationService -- Reserved c448082d-9f2b-4db7-bb44-8f2f9bae88c0
03:40:34.483 [pool-26-thread-8] INFO com.university.restaurant.service.concurrent.DeadlockSafeReservationService -- Reserved 0efa1743-02f9-4320-9b8b-c89210273613
03:40:34.483 [pool-26-thread-20] INFO com.university.restaurant.service.concurrent.DeadlockSafeReservationService -- Reserved 00fdd841-e644-40dd-a4da-ad639149079d
03:40:34.485 [pool-26-thread-5] INFO com.university.restaurant.service.concurrent.DeadlockSafeReservationService -- Reserved 267cb591-c1df-4c6d-8c15-374f16e783ec
03:40:34.485 [pool-26-thread-2] INFO com.university.restaurant.service.concurrent.DeadlockSafeReservationService -- Reserved 665ec8b6-b0d0-4b5c-ac23-5143ae0d8125
03:40:34.485 [pool-26-thread-9] INFO com.university.restaurant.service.concurrent.DeadlockSafeReservationService -- Reserved b15091d8-15f3-4c13-a7b9-ce175abd0173
03:40:34.485 [pool-26-thread-10] INFO com.university.restaurant.service.concurrent.DeadlockSafeReservationService -- Reserved 1a74b2ab-ad6b-4a80-8a01-4638c38c3e57
03:40:34.485 [pool-26-thread-9] INFO com.university.restaurant.service.concurrent.DeadlockSafeReservationService -- Reserved ca10dddf-9ab6-48d6-9236-890bd8a93f0d
03:40:34.485 [pool-26-thread-9] INFO com.university.restaurant.service.concurrent.DeadlockSafeReservationService -- Reserved 9eac6aed-c029-4ede-adcf-ec3f47618b87
03:40:34.485 [pool-26-thread-9] INFO com.university.restaurant.service.concurrent.DeadlockSafeReservationService -- Reserved 5eece7fe-d310-4dd1-9984-c9c9bf0f98c3
03:40:34.485 [pool-26-thread-9] INFO com.university.restaurant.service.concurrent.DeadlockSafeReservationService -- Reserved 6dabe2dd-b060-414d-98c9-1ad28a5b9b4f
03:40:34.485 [pool-26-thread-9] INFO com.university.restaurant.service.concurrent.DeadlockSafeReservationService -- Reserved a641342b-23ce-445d-831a-c754842a06c8
03:40:34.485 [pool-26-thread-9] INFO com.university.restaurant.service.concurrent.DeadlockSafeReservationService -- Reserved aa888179-2b45-4bc2-822c-279df8fceead
03:40:34.485 [pool-26-thread-3] INFO com.university.restaurant.service.concurrent.DeadlockSafeReservationService -- Reserved b5327708-9688-4f41-96cb-1f6e6a6c984d
03:40:34.485 [pool-26-thread-11] INFO com.university.restaurant.service.concurrent.DeadlockSafeReservationService -- Reserved 892810e0-7242-4dc8-aa55-f328c7dcb3f4
03:40:34.485 [pool-26-thread-15] INFO com.university.restaurant.service.concurrent.DeadlockSafeReservationService -- Reserved 52df1302-0a07-4f7e-8e94-bbb45a830065
03:40:34.487 [pool-26-thread-12] INFO com.university.restaurant.service.concurrent.DeadlockSafeReservationService -- Reserved 60c86a15-0b71-4428-83bb-d08785093f6c
03:40:34.487 [pool-26-thread-12] INFO com.university.restaurant.service.concurrent.DeadlockSafeReservationService -- Reserved a4a142a7-42a4-4e27-807e-386e85a14b36
03:40:34.487 [pool-26-thread-12] INFO com.university.restaurant.service.concurrent.DeadlockSafeReservationService -- Reserved 44dd22e7-a98a-4c7e-8874-70377c611f20
03:40:34.487 [pool-26-thread-13] INFO com.university.restaurant.service.concurrent.DeadlockSafeReservationService -- Reserved 74ee97ee-6c72-4035-8a70-a9c72c4e4abb
03:40:34.487 [pool-26-thread-14] INFO com.university.restaurant.service.concurrent.DeadlockSafeReservationService -- Reserved afbf663d-3332-4cf5-b288-80d1d5be6f7b
03:40:34.487 [pool-26-thread-4] INFO com.university.restaurant.service.concurrent.DeadlockSafeReservationService -- Reserved 13a66f38-ab13-412c-8749-9893ffa07cb2
03:40:34.487 [pool-26-thread-16] INFO com.university.restaurant.service.concurrent.DeadlockSafeReservationService -- Reserved 96aece75-7921-452a-a70d-bc0d3657f692
03:40:34.487 [pool-26-thread-1] INFO com.university.restaurant.service.concurrent.DeadlockSafeReservationService -- Reserved 92739021-4d27-4338-84eb-5fe07394a40c
03:40:34.487 [pool-26-thread-6] INFO com.university.restaurant.service.concurrent.DeadlockSafeReservationService -- Reserved bb229081-63d2-4cd0-9a84-a4b95ebdbee5
03:40:34.487 [pool-26-thread-6] INFO com.university.restaurant.service.concurrent.DeadlockSafeReservationService -- Reserved deb87c16-8ac0-49a4-b925-4b33f6e22f29
03:40:34.487 [pool-26-thread-17] INFO com.university.restaurant.service.concurrent.DeadlockSafeReservationService -- Reserved a3604e3a-61d0-4957-b1e0-007b690c2561
03:40:34.487 [pool-26-thread-17] INFO com.university.restaurant.service.concurrent.DeadlockSafeReservationService -- Reserved 77ac99fb-5de5-4189-a7aa-b54f4ee3aa88
03:40:34.487 [pool-26-thread-7] INFO com.university.restaurant.service.concurrent.DeadlockSafeReservationService -- Reserved 1b7563af-06f0-4d81-9685-d0424a67ee82
03:40:34.491 [pool-26-thread-18] INFO com.university.restaurant.service.concurrent.DeadlockSafeReservationService -- Reserved f45919bf-fd6f-4f25-896c-ea9099b77a90
03:40:34.491 [pool-26-thread-19] INFO com.university.restaurant.service.concurrent.DeadlockSafeReservationService -- Reserved 88b7e8c9-fc11-4ae3-bc78-d1c59dd55973
03:40:34.491 [pool-26-thread-8] INFO com.university.restaurant.service.concurrent.DeadlockSafeReservationService -- Reserved 1f88bc55-4d6c-453e-abcc-352eb6518079
03:40:34.491 [pool-26-thread-8] INFO com.university.restaurant.service.concurrent.DeadlockSafeReservationService -- Reserved ad2d7f5d-6957-4861-8c0d-11816e86aba7
03:40:34.491 [pool-26-thread-20] INFO com.university.restaurant.service.concurrent.DeadlockSafeReservationService -- Reserved ef6b5b29-c25e-4fa6-9b97-9924806728c3
03:40:34.491 [pool-26-thread-5] INFO com.university.restaurant.service.concurrent.DeadlockSafeReservationService -- Reserved 8eee22ba-8e7f-409d-8ab5-ef189d2289fc
03:40:34.491 [pool-26-thread-2] INFO com.university.restaurant.service.concurrent.DeadlockSafeReservationService -- Reserved a427c53a-45b3-4d7c-8fff-29851f75cd78
03:40:34.491 [pool-26-thread-2] INFO com.university.restaurant.service.concurrent.DeadlockSafeReservationService -- Reserved 9d99be80-cbc0-45b8-87f3-b85f97a3d3a8
03:40:34.491 [pool-26-thread-2] INFO com.university.restaurant.service.concurrent.DeadlockSafeReservationService -- Reserved 9e589a2a-5dbf-44e2-8367-147168003fd3
03:40:34.491 [pool-26-thread-2] INFO com.university.restaurant.service.concurrent.DeadlockSafeReservationService -- Reserved a747cae8-316f-4029-855c-002e44ffbd86
03:40:34.491 [pool-26-thread-2] INFO com.university.restaurant.service.concurrent.DeadlockSafeReservationService -- Reserved 1d4c5333-8cda-4191-94c2-cd6cfbca5291
03:40:34.491 [pool-26-thread-10] INFO com.university.restaurant.service.concurrent.DeadlockSafeReservationService -- Reserved 28cccdf9-be8d-419d-8d27-e34e81d09e3d
03:40:34.491 [pool-26-thread-3] INFO com.university.restaurant.service.concurrent.DeadlockSafeReservationService -- Reserved 4c0451ac-5dcd-4190-8d7d-dff37eaaf157
03:40:34.491 [pool-26-thread-3] INFO com.university.restaurant.service.concurrent.DeadlockSafeReservationService -- Reserved 00188d2d-226d-4d62-a56c-0b1c1944dc0f
03:40:34.491 [pool-26-thread-3] INFO com.university.restaurant.service.concurrent.DeadlockSafeReservationService -- Reserved d1dc3a3e-e2dc-4a78-b4bd-b86598488cf0
03:40:34.491 [pool-26-thread-3] INFO com.university.restaurant.service.concurrent.DeadlockSafeReservationService -- Reserved a1162cec-4b4c-4f2f-9b9e-1cec2f77f55f
03:40:34.491 [pool-26-thread-3] INFO com.university.restaurant.service.concurrent.DeadlockSafeReservationService -- Reserved ae249b15-c9e0-4645-ba1e-1eb591f94ef6
03:40:34.491 [pool-26-thread-11] INFO com.university.restaurant.service.concurrent.DeadlockSafeReservationService -- Reserved 90caf776-673e-480c-9be9-0bca305f94aa
03:40:34.491 [pool-26-thread-15] INFO com.university.restaurant.service.concurrent.DeadlockSafeReservationService -- Reserved 7f81c296-c1d2-41ad-af48-801503326c12
03:40:34.491 [pool-26-thread-15] INFO com.university.restaurant.service.concurrent.DeadlockSafeReservationService -- Reserved 86f0b186-6c8d-4923-958f-1a89e5d13dc4
03:40:34.491 [pool-26-thread-15] INFO com.university.restaurant.service.concurrent.DeadlockSafeReservationService -- Reserved 583e4ef2-34d7-4ddb-8ed9-f19c4de014c6
03:40:34.491 [pool-26-thread-15] INFO com.university.restaurant.service.concurrent.DeadlockSafeReservationService -- Reserved 160f2e7c-4003-4a35-abf6-268f8ec60bba
03:40:34.491 [pool-26-thread-15] INFO com.university.restaurant.service.concurrent.DeadlockSafeReservationService -- Reserved c76aef56-78ce-466a-a29b-377dfb7a8d61
03:40:34.491 [pool-26-thread-15] INFO com.university.restaurant.service.concurrent.DeadlockSafeReservationService -- Reserved 2e4d7b39-1422-4a79-8850-d83eaad10c86
03:40:34.491 [pool-26-thread-15] INFO com.university.restaurant.service.concurrent.DeadlockSafeReservationService -- Reserved ea2f21b8-dc7b-4835-a63e-98a6dc92f6f5
03:40:34.491 [pool-26-thread-12] INFO com.university.restaurant.service.concurrent.DeadlockSafeReservationService -- Reserved 1c5e61bb-7710-4259-8788-7581b0010a87
03:40:34.491 [pool-26-thread-13] INFO com.university.restaurant.service.concurrent.DeadlockSafeReservationService -- Reserved 1a20b684-af60-41ef-850a-d5b655317c76
03:40:34.491 [pool-26-thread-13] INFO com.university.restaurant.service.concurrent.DeadlockSafeReservationService -- Reserved c4c4f01e-67b8-41bf-b41a-95c0c2eb4037
03:40:34.491 [pool-26-thread-13] INFO com.university.restaurant.service.concurrent.DeadlockSafeReservationService -- Reserved 9087e56d-48a9-4587-bc06-f8f5645031ad
03:40:34.491 [pool-26-thread-13] INFO com.university.restaurant.service.concurrent.DeadlockSafeReservationService -- Reserved 544cfb8a-d908-4248-9a15-76debe52861c
03:40:34.491 [pool-26-thread-13] INFO com.university.restaurant.service.concurrent.DeadlockSafeReservationService -- Reserved fcd1cf6c-e0c8-43ce-8781-8b95ac027c92
03:40:34.491 [pool-26-thread-13] INFO com.university.restaurant.service.concurrent.DeadlockSafeReservationService -- Reserved f1940a77-1a5a-4499-a85f-a1101e507e40
03:40:34.491 [pool-26-thread-13] INFO com.university.restaurant.service.concurrent.DeadlockSafeReservationService -- Reserved 677f1ad0-5711-4ca7-86db-f66bcdc39aac
03:40:34.491 [pool-26-thread-14] INFO com.university.restaurant.service.concurrent.DeadlockSafeReservationService -- Reserved 54f1eb1c-42b1-424e-8f5d-1544395d37cd
03:40:34.491 [pool-26-thread-4] INFO com.university.restaurant.service.concurrent.DeadlockSafeReservationService -- Reserved 14a7a22c-23a0-471e-bbe2-2d0ba34ac1a1
03:40:34.491 [pool-26-thread-16] INFO com.university.restaurant.service.concurrent.DeadlockSafeReservationService -- Reserved f021274a-0bee-4b10-a573-1a60308aa441
03:40:34.491 [pool-26-thread-1] INFO com.university.restaurant.service.concurrent.DeadlockSafeReservationService -- Reserved 30cd5f15-9817-4e53-8c12-e17ea84d1f31
03:40:34.491 [pool-26-thread-1] INFO com.university.restaurant.service.concurrent.DeadlockSafeReservationService -- Reserved f862040c-b6c6-4e39-b1c2-19cb37346026
03:40:34.491 [pool-26-thread-6] INFO com.university.restaurant.service.concurrent.DeadlockSafeReservationService -- Reserved 6f395517-f77f-4b46-9071-6a72b1791ab4
03:40:34.491 [pool-26-thread-6] INFO com.university.restaurant.service.concurrent.DeadlockSafeReservationService -- Reserved 167b9c84-9fc8-444f-b45e-ba9b4accefbc
03:40:34.491 [pool-26-thread-6] INFO com.university.restaurant.service.concurrent.DeadlockSafeReservationService -- Reserved 0f0d1f90-9308-48df-9121-f6e9ecec94ba
03:40:34.491 [pool-26-thread-6] INFO com.university.restaurant.service.concurrent.DeadlockSafeReservationService -- Reserved 18699254-d60c-47bc-b41f-ce06c8c825a2
03:40:34.491 [pool-26-thread-6] INFO com.university.restaurant.service.concurrent.DeadlockSafeReservationService -- Reserved 7ee9c411-d182-4506-a241-b4803f7b6946
03:40:34.491 [pool-26-thread-17] INFO com.university.restaurant.service.concurrent.DeadlockSafeReservationService -- Reserved 64bd1e20-957d-4641-bf82-ddd84428c91e
03:40:34.491 [pool-26-thread-7] INFO com.university.restaurant.service.concurrent.DeadlockSafeReservationService -- Reserved 64e17550-1b87-4d5e-ad2b-df94de256e3b
03:40:34.491 [pool-26-thread-18] INFO com.university.restaurant.service.concurrent.DeadlockSafeReservationService -- Reserved dcbeca82-b008-4be4-9181-618c91994197
03:40:34.491 [pool-26-thread-18] INFO com.university.restaurant.service.concurrent.DeadlockSafeReservationService -- Reserved a3a12932-cfae-4621-926c-34294cce25d6
03:40:34.491 [pool-26-thread-18] INFO com.university.restaurant.service.concurrent.DeadlockSafeReservationService -- Reserved f60ce439-67df-4b47-a679-befd275f847c
03:40:34.491 [pool-26-thread-18] INFO com.university.restaurant.service.concurrent.DeadlockSafeReservationService -- Reserved b04eb0d9-aad1-421d-bfeb-2518aff220e6
03:40:34.491 [pool-26-thread-18] INFO com.university.restaurant.service.concurrent.DeadlockSafeReservationService -- Reserved e20d38f1-669f-4a0d-8975-c70f26ea763f
03:40:34.491 [pool-26-thread-18] INFO com.university.restaurant.service.concurrent.DeadlockSafeReservationService -- Reserved c95a5972-3671-45d5-bdfb-2c5b54bd5b94
03:40:34.491 [pool-26-thread-18] INFO com.university.restaurant.service.concurrent.DeadlockSafeReservationService -- Reserved f18325ab-24f5-4cc9-8033-ed120e40ad12
03:40:34.491 [pool-26-thread-19] INFO com.university.restaurant.service.concurrent.DeadlockSafeReservationService -- Reserved 0207c788-a435-4e21-a9c0-2729a257b03f
03:40:34.491 [pool-26-thread-8] INFO com.university.restaurant.service.concurrent.DeadlockSafeReservationService -- Reserved 1bf70024-822d-4304-927c-f5f33b2779a9
03:40:34.491 [pool-26-thread-8] INFO com.university.restaurant.service.concurrent.DeadlockSafeReservationService -- Reserved 697eaded-8bef-42fb-a906-fd49093ac74f
03:40:34.491 [pool-26-thread-8] INFO com.university.restaurant.service.concurrent.DeadlockSafeReservationService -- Reserved a1b64fb8-2f71-49bb-9432-d1366d918afe
03:40:34.491 [pool-26-thread-8] INFO com.university.restaurant.service.concurrent.DeadlockSafeReservationService -- Reserved cffcc2a9-f6ec-4e60-b00d-93173fe3f14d
03:40:34.491 [pool-26-thread-20] INFO com.university.restaurant.service.concurrent.DeadlockSafeReservationService -- Reserved 8109f1c5-b0b2-43f1-8d84-26f6feee5c26
03:40:34.491 [pool-26-thread-5] INFO com.university.restaurant.service.concurrent.DeadlockSafeReservationService -- Reserved 0078f1c5-518d-4fea-80de-14aa16bb79ec
03:40:34.491 [pool-26-thread-5] INFO com.university.restaurant.service.concurrent.DeadlockSafeReservationService -- Reserved 6aaa1192-2f09-4c6c-ae0c-00e068786d36
03:40:34.491 [pool-26-thread-5] INFO com.university.restaurant.service.concurrent.DeadlockSafeReservationService -- Reserved 9d46e5b2-a128-4a3c-92a7-af01c726aaea
03:40:34.491 [pool-26-thread-5] INFO com.university.restaurant.service.concurrent.DeadlockSafeReservationService -- Reserved 3649b7b5-919d-4652-bf9f-926495b78e76
03:40:34.491 [pool-26-thread-5] INFO com.university.restaurant.service.concurrent.DeadlockSafeReservationService -- Reserved 0b3823b4-3188-40c0-9249-a114f556bc5d
03:40:34.491 [pool-26-thread-10] INFO com.university.restaurant.service.concurrent.DeadlockSafeReservationService -- Reserved 7e2ba018-a7c2-40fc-ad59-70e6aa71a829
03:40:34.491 [pool-26-thread-11] INFO com.university.restaurant.service.concurrent.DeadlockSafeReservationService -- Reserved 0f5f1072-fad6-4ea2-8918-df0a6613aca2
03:40:34.491 [pool-26-thread-12] INFO com.university.restaurant.service.concurrent.DeadlockSafeReservationService -- Reserved 31e2b443-bcc3-4fe2-9acc-1d0f82c5faa3
03:40:34.491 [pool-26-thread-14] INFO com.university.restaurant.service.concurrent.DeadlockSafeReservationService -- Reserved 2cdb2977-eb71-4a2b-943c-c06e0f4738a4
03:40:34.491 [pool-26-thread-14] INFO com.university.restaurant.service.concurrent.DeadlockSafeReservationService -- Reserved 7ec17203-c806-4403-bda8-b0c15ccd1772
03:40:34.491 [pool-26-thread-4] INFO com.university.restaurant.service.concurrent.DeadlockSafeReservationService -- Reserved 81910f0d-dddf-4ce3-bd4f-3756420be156
03:40:34.491 [pool-26-thread-16] INFO com.university.restaurant.service.concurrent.DeadlockSafeReservationService -- Reserved e18019eb-f38b-4f4c-b855-85c65174fe7b
03:40:34.491 [pool-26-thread-1] INFO com.university.restaurant.service.concurrent.DeadlockSafeReservationService -- Reserved b3609f44-eac6-4b0e-8695-17033148a1bd
03:40:34.491 [pool-26-thread-17] INFO com.university.restaurant.service.concurrent.DeadlockSafeReservationService -- Reserved ae71d95e-28fc-477d-8f4c-0b451fc49c69
03:40:34.491 [pool-26-thread-7] INFO com.university.restaurant.service.concurrent.DeadlockSafeReservationService -- Reserved ec2f63ed-0c24-4c12-9e11-4e454109a65a
03:40:34.491 [pool-26-thread-19] INFO com.university.restaurant.service.concurrent.DeadlockSafeReservationService -- Reserved 1373e7c3-6b28-458a-b1ed-5ebd39aba5e6
03:40:34.491 [pool-26-thread-20] INFO com.university.restaurant.service.concurrent.DeadlockSafeReservationService -- Reserved 94ec6a70-9fe1-4061-ae34-6073a8186958
03:40:34.491 [pool-26-thread-10] INFO com.university.restaurant.service.concurrent.DeadlockSafeReservationService -- Reserved d60132cc-4c08-402c-b1b1-7fa1002abb56
03:40:34.491 [pool-26-thread-11] INFO com.university.restaurant.service.concurrent.DeadlockSafeReservationService -- Reserved ab21c204-f2e9-4709-882b-eb4a828cd682
03:40:34.491 [pool-26-thread-11] INFO com.university.restaurant.service.concurrent.DeadlockSafeReservationService -- Reserved 51761709-035c-4e48-be4c-e0b6b619680e
03:40:34.491 [pool-26-thread-12] INFO com.university.restaurant.service.concurrent.DeadlockSafeReservationService -- Reserved 5b48fcfe-6090-4d8a-8d32-976529281ab9
03:40:34.491 [pool-26-thread-12] INFO com.university.restaurant.service.concurrent.DeadlockSafeReservationService -- Reserved 84b24ae7-12c1-405f-bb80-0301a16e09fe
03:40:34.491 [pool-26-thread-12] INFO com.university.restaurant.service.concurrent.DeadlockSafeReservationService -- Reserved 561828c8-b1de-4da8-9227-7e2e92b8137d
03:40:34.491 [pool-26-thread-14] INFO com.university.restaurant.service.concurrent.DeadlockSafeReservationService -- Reserved adca3875-135e-4767-aa46-64ef6e81ada1
03:40:34.491 [pool-26-thread-14] INFO com.university.restaurant.service.concurrent.DeadlockSafeReservationService -- Reserved 69e9e9db-d86c-4ac0-9064-52f4756eb07c
03:40:34.491 [pool-26-thread-14] INFO com.university.restaurant.service.concurrent.DeadlockSafeReservationService -- Reserved 4e8f42c8-c2dd-420f-81f8-9a8935fd9257
03:40:34.491 [pool-26-thread-14] INFO com.university.restaurant.service.concurrent.DeadlockSafeReservationService -- Reserved f02395f8-4ac9-4f23-a85d-63aa16a689aa
03:40:34.491 [pool-26-thread-4] INFO com.university.restaurant.service.concurrent.DeadlockSafeReservationService -- Reserved c919d3e3-538c-4f6d-ae13-dd93f9fe3a61
03:40:34.503 [pool-26-thread-16] INFO com.university.restaurant.service.concurrent.DeadlockSafeReservationService -- Reserved ad0fad29-6d53-44a6-bdf8-139e95669f0a
03:40:34.503 [pool-26-thread-16] INFO com.university.restaurant.service.concurrent.DeadlockSafeReservationService -- Reserved f9efdfdb-d467-432c-bed7-6a9264a5bbbc
03:40:34.503 [pool-26-thread-16] INFO com.university.restaurant.service.concurrent.DeadlockSafeReservationService -- Reserved ae09c806-ac02-4021-a9b8-451a5c60924e
03:40:34.503 [pool-26-thread-1] INFO com.university.restaurant.service.concurrent.DeadlockSafeReservationService -- Reserved be9c46a1-d668-4f89-ba96-9e5898c91750
03:40:34.503 [pool-26-thread-17] INFO com.university.restaurant.service.concurrent.DeadlockSafeReservationService -- Reserved de1bb501-50b2-4450-a1e8-f298a5c64c22
03:40:34.503 [pool-26-thread-7] INFO com.university.restaurant.service.concurrent.DeadlockSafeReservationService -- Reserved 81657cd2-cff0-44b8-9244-3e7467b535da
03:40:34.503 [pool-26-thread-19] INFO com.university.restaurant.service.concurrent.DeadlockSafeReservationService -- Reserved 07465e21-e85e-438e-b515-aac10e4aca29
03:40:34.503 [pool-26-thread-19] INFO com.university.restaurant.service.concurrent.DeadlockSafeReservationService -- Reserved 3f537b9e-378f-4903-9ca6-c1cc361f95b5
03:40:34.503 [pool-26-thread-19] INFO com.university.restaurant.service.concurrent.DeadlockSafeReservationService -- Reserved 3d1e213a-48b4-48bd-9076-c825eff99c6f
03:40:34.503 [pool-26-thread-19] INFO com.university.restaurant.service.concurrent.DeadlockSafeReservationService -- Reserved 0f26a1f2-d438-4d4e-9c0f-07ed122c5ed0
03:40:34.503 [pool-26-thread-19] INFO com.university.restaurant.service.concurrent.DeadlockSafeReservationService -- Reserved 964084ae-1fa1-4d46-a3ef-33a1afbf2526
03:40:34.503 [pool-26-thread-20] INFO com.university.restaurant.service.concurrent.DeadlockSafeReservationService -- Reserved ecb00d37-0e42-41ad-80ab-5f079f69e3a0
03:40:34.503 [pool-26-thread-10] INFO com.university.restaurant.service.concurrent.DeadlockSafeReservationService -- Reserved 5e03fd12-1dc9-467e-8335-ef130d7c1031
03:40:34.503 [pool-26-thread-4] INFO com.university.restaurant.service.concurrent.DeadlockSafeReservationService -- Reserved 76774432-385f-47ee-b4d5-3a93d133878b
03:40:34.503 [pool-26-thread-16] INFO com.university.restaurant.service.concurrent.DeadlockSafeReservationService -- Reserved 6d292649-abcc-49c1-a77d-2134a11ad00f
03:40:34.503 [pool-26-thread-17] INFO com.university.restaurant.service.concurrent.DeadlockSafeReservationService -- Reserved 23ae4c96-bd3c-4177-af3d-cb26bf61ab91
03:40:34.503 [pool-26-thread-17] INFO com.university.restaurant.service.concurrent.DeadlockSafeReservationService -- Reserved d832efa0-8785-4497-af1b-dfbdcd6b41ed
03:40:34.503 [pool-26-thread-7] INFO com.university.restaurant.service.concurrent.DeadlockSafeReservationService -- Reserved 8f42139f-9ea2-49c7-a6c8-328e83ead2d4
03:40:34.503 [pool-26-thread-20] INFO com.university.restaurant.service.concurrent.DeadlockSafeReservationService -- Reserved 687cf49b-93ed-44d0-8fed-6326e364cb0a
03:40:34.503 [pool-26-thread-20] INFO com.university.restaurant.service.concurrent.DeadlockSafeReservationService -- Reserved 7780daa0-dc31-4dbe-9e4d-0ecbae89df4d
03:40:34.503 [pool-26-thread-20] INFO com.university.restaurant.service.concurrent.DeadlockSafeReservationService -- Reserved 501ca116-7d14-4723-b379-2695254729b2
03:40:34.503 [pool-26-thread-20] INFO com.university.restaurant.service.concurrent.DeadlockSafeReservationService -- Reserved f75faf06-9507-4c24-aace-dceaeaedf7ea
03:40:34.503 [pool-26-thread-10] INFO com.university.restaurant.service.concurrent.DeadlockSafeReservationService -- Reserved 9763640d-98f1-472d-8e9b-fb480ce2cf8f
03:40:34.503 [pool-26-thread-4] INFO com.university.restaurant.service.concurrent.DeadlockSafeReservationService -- Reserved 95ce5f2c-ba0b-4283-90c4-320ed66db100
03:40:34.503 [pool-26-thread-7] INFO com.university.restaurant.service.concurrent.DeadlockSafeReservationService -- Reserved feeb6081-60d9-4eab-bd8f-0cfd6e272e83
03:40:34.503 [pool-26-thread-7] INFO com.university.restaurant.service.concurrent.DeadlockSafeReservationService -- Reserved 2912d9db-e71d-4a4d-a228-c42ff4e03299
03:40:34.503 [pool-26-thread-10] INFO com.university.restaurant.service.concurrent.DeadlockSafeReservationService -- Reserved b65ca2c2-6459-4d2c-a11e-97a1528fe20c
03:40:34.503 [pool-26-thread-10] INFO com.university.restaurant.service.concurrent.DeadlockSafeReservationService -- Reserved 61861456-e0cf-454f-b863-6e634f522913
]]></system-out>
  </testcase>
  <testcase name="transferReservation_withConsistentLockOrdering_shouldNotDeadlock" classname="com.university.restaurant.concurrent.DeadlockPreventionTest" time="0.055">
    <system-out><![CDATA[03:40:34.521 [pool-27-thread-1] INFO com.university.restaurant.service.concurrent.DeadlockSafeReservationService -- Transferred reservation from 92e6b6fa-ae01-4cde-b431-6eeec78f93a5 to fd2e9b04-f3f3-4e69-985f-673e76c250f3
03:40:34.523 [pool-27-thread-1] INFO com.university.restaurant.service.concurrent.DeadlockSafeReservationService -- Transferred reservation from 92e6b6fa-ae01-4cde-b431-6eeec78f93a5 to fd2e9b04-f3f3-4e69-985f-673e76c250f3
03:40:34.523 [pool-27-thread-1] INFO com.university.restaurant.service.concurrent.DeadlockSafeReservationService -- Transferred reservation from 92e6b6fa-ae01-4cde-b431-6eeec78f93a5 to fd2e9b04-f3f3-4e69-985f-673e76c250f3
03:40:34.525 [pool-27-thread-2] INFO com.university.restaurant.service.concurrent.DeadlockSafeReservationService -- Transferred reservation from fd2e9b04-f3f3-4e69-985f-673e76c250f3 to 92e6b6fa-ae01-4cde-b431-6eeec78f93a5
03:40:34.525 [pool-27-thread-2] INFO com.university.restaurant.service.concurrent.DeadlockSafeReservationService -- Transferred reservation from fd2e9b04-f3f3-4e69-985f-673e76c250f3 to 92e6b6fa-ae01-4cde-b431-6eeec78f93a5
03:40:34.525 [pool-27-thread-1] INFO com.university.restaurant.service.concurrent.DeadlockSafeReservationService -- Transferred reservation from 92e6b6fa-ae01-4cde-b431-6eeec78f93a5 to fd2e9b04-f3f3-4e69-985f-673e76c250f3
03:40:34.525 [pool-27-thread-1] INFO com.university.restaurant.service.concurrent.DeadlockSafeReservationService -- Transferred reservation from 92e6b6fa-ae01-4cde-b431-6eeec78f93a5 to fd2e9b04-f3f3-4e69-985f-673e76c250f3
03:40:34.529 [pool-27-thread-2] INFO com.university.restaurant.service.concurrent.DeadlockSafeReservationService -- Transferred reservation from fd2e9b04-f3f3-4e69-985f-673e76c250f3 to 92e6b6fa-ae01-4cde-b431-6eeec78f93a5
03:40:34.529 [pool-27-thread-2] INFO com.university.restaurant.service.concurrent.DeadlockSafeReservationService -- Transferred reservation from fd2e9b04-f3f3-4e69-985f-673e76c250f3 to 92e6b6fa-ae01-4cde-b431-6eeec78f93a5
03:40:34.529 [pool-27-thread-2] INFO com.university.restaurant.service.concurrent.DeadlockSafeReservationService -- Transferred reservation from fd2e9b04-f3f3-4e69-985f-673e76c250f3 to 92e6b6fa-ae01-4cde-b431-6eeec78f93a5
03:40:34.529 [pool-27-thread-2] INFO com.university.restaurant.service.concurrent.DeadlockSafeReservationService -- Transferred reservation from fd2e9b04-f3f3-4e69-985f-673e76c250f3 to 92e6b6fa-ae01-4cde-b431-6eeec78f93a5
03:40:34.529 [pool-27-thread-2] INFO com.university.restaurant.service.concurrent.DeadlockSafeReservationService -- Transferred reservation from fd2e9b04-f3f3-4e69-985f-673e76c250f3 to 92e6b6fa-ae01-4cde-b431-6eeec78f93a5
03:40:34.532 [pool-27-thread-2] INFO com.university.restaurant.service.concurrent.DeadlockSafeReservationService -- Transferred reservation from fd2e9b04-f3f3-4e69-985f-673e76c250f3 to 92e6b6fa-ae01-4cde-b431-6eeec78f93a5
03:40:34.532 [pool-27-thread-2] INFO com.university.restaurant.service.concurrent.DeadlockSafeReservationService -- Transferred reservation from fd2e9b04-f3f3-4e69-985f-673e76c250f3 to 92e6b6fa-ae01-4cde-b431-6eeec78f93a5
03:40:34.532 [pool-27-thread-1] INFO com.university.restaurant.service.concurrent.DeadlockSafeReservationService -- Transferred reservation from 92e6b6fa-ae01-4cde-b431-6eeec78f93a5 to fd2e9b04-f3f3-4e69-985f-673e76c250f3
03:40:34.532 [pool-27-thread-1] INFO com.university.restaurant.service.concurrent.DeadlockSafeReservationService -- Transferred reservation from 92e6b6fa-ae01-4cde-b431-6eeec78f93a5 to fd2e9b04-f3f3-4e69-985f-673e76c250f3
03:40:34.532 [pool-27-thread-1] INFO com.university.restaurant.service.concurrent.DeadlockSafeReservationService -- Transferred reservation from 92e6b6fa-ae01-4cde-b431-6eeec78f93a5 to fd2e9b04-f3f3-4e69-985f-673e76c250f3
03:40:34.532 [pool-27-thread-1] INFO com.university.restaurant.service.concurrent.DeadlockSafeReservationService -- Transferred reservation from 92e6b6fa-ae01-4cde-b431-6eeec78f93a5 to fd2e9b04-f3f3-4e69-985f-673e76c250f3
03:40:34.535 [pool-27-thread-2] INFO com.university.restaurant.service.concurrent.DeadlockSafeReservationService -- Transferred reservation from fd2e9b04-f3f3-4e69-985f-673e76c250f3 to 92e6b6fa-ae01-4cde-b431-6eeec78f93a5
03:40:34.535 [pool-27-thread-2] INFO com.university.restaurant.service.concurrent.DeadlockSafeReservationService -- Transferred reservation from fd2e9b04-f3f3-4e69-985f-673e76c250f3 to 92e6b6fa-ae01-4cde-b431-6eeec78f93a5
03:40:34.535 [pool-27-thread-2] INFO com.university.restaurant.service.concurrent.DeadlockSafeReservationService -- Transferred reservation from fd2e9b04-f3f3-4e69-985f-673e76c250f3 to 92e6b6fa-ae01-4cde-b431-6eeec78f93a5
03:40:34.535 [pool-27-thread-2] INFO com.university.restaurant.service.concurrent.DeadlockSafeReservationService -- Transferred reservation from fd2e9b04-f3f3-4e69-985f-673e76c250f3 to 92e6b6fa-ae01-4cde-b431-6eeec78f93a5
03:40:34.535 [pool-27-thread-2] INFO com.university.restaurant.service.concurrent.DeadlockSafeReservationService -- Transferred reservation from fd2e9b04-f3f3-4e69-985f-673e76c250f3 to 92e6b6fa-ae01-4cde-b431-6eeec78f93a5
03:40:34.535 [pool-27-thread-2] INFO com.university.restaurant.service.concurrent.DeadlockSafeReservationService -- Transferred reservation from fd2e9b04-f3f3-4e69-985f-673e76c250f3 to 92e6b6fa-ae01-4cde-b431-6eeec78f93a5
03:40:34.535 [pool-27-thread-2] INFO com.university.restaurant.service.concurrent.DeadlockSafeReservationService -- Transferred reservation from fd2e9b04-f3f3-4e69-985f-673e76c250f3 to 92e6b6fa-ae01-4cde-b431-6eeec78f93a5
03:40:34.535 [pool-27-thread-1] INFO com.university.restaurant.service.concurrent.DeadlockSafeReservationService -- Transferred reservation from 92e6b6fa-ae01-4cde-b431-6eeec78f93a5 to fd2e9b04-f3f3-4e69-985f-673e76c250f3
03:40:34.535 [pool-27-thread-1] INFO com.university.restaurant.service.concurrent.DeadlockSafeReservationService -- Transferred reservation from 92e6b6fa-ae01-4cde-b431-6eeec78f93a5 to fd2e9b04-f3f3-4e69-985f-673e76c250f3
03:40:34.535 [pool-27-thread-2] INFO com.university.restaurant.service.concurrent.DeadlockSafeReservationService -- Transferred reservation from fd2e9b04-f3f3-4e69-985f-673e76c250f3 to 92e6b6fa-ae01-4cde-b431-6eeec78f93a5
03:40:34.535 [pool-27-thread-1] INFO com.university.restaurant.service.concurrent.DeadlockSafeReservationService -- Transferred reservation from 92e6b6fa-ae01-4cde-b431-6eeec78f93a5 to fd2e9b04-f3f3-4e69-985f-673e76c250f3
03:40:34.535 [pool-27-thread-1] INFO com.university.restaurant.service.concurrent.DeadlockSafeReservationService -- Transferred reservation from 92e6b6fa-ae01-4cde-b431-6eeec78f93a5 to fd2e9b04-f3f3-4e69-985f-673e76c250f3
03:40:34.535 [pool-27-thread-1] INFO com.university.restaurant.service.concurrent.DeadlockSafeReservationService -- Transferred reservation from 92e6b6fa-ae01-4cde-b431-6eeec78f93a5 to fd2e9b04-f3f3-4e69-985f-673e76c250f3
03:40:34.535 [pool-27-thread-1] INFO com.university.restaurant.service.concurrent.DeadlockSafeReservationService -- Transferred reservation from 92e6b6fa-ae01-4cde-b431-6eeec78f93a5 to fd2e9b04-f3f3-4e69-985f-673e76c250f3
03:40:34.535 [pool-27-thread-1] INFO com.university.restaurant.service.concurrent.DeadlockSafeReservationService -- Transferred reservation from 92e6b6fa-ae01-4cde-b431-6eeec78f93a5 to fd2e9b04-f3f3-4e69-985f-673e76c250f3
03:40:34.535 [pool-27-thread-1] INFO com.university.restaurant.service.concurrent.DeadlockSafeReservationService -- Transferred reservation from 92e6b6fa-ae01-4cde-b431-6eeec78f93a5 to fd2e9b04-f3f3-4e69-985f-673e76c250f3
03:40:34.535 [pool-27-thread-1] INFO com.university.restaurant.service.concurrent.DeadlockSafeReservationService -- Transferred reservation from 92e6b6fa-ae01-4cde-b431-6eeec78f93a5 to fd2e9b04-f3f3-4e69-985f-673e76c250f3
03:40:34.535 [pool-27-thread-1] INFO com.university.restaurant.service.concurrent.DeadlockSafeReservationService -- Transferred reservation from 92e6b6fa-ae01-4cde-b431-6eeec78f93a5 to fd2e9b04-f3f3-4e69-985f-673e76c250f3
03:40:34.535 [pool-27-thread-1] INFO com.university.restaurant.service.concurrent.DeadlockSafeReservationService -- Transferred reservation from 92e6b6fa-ae01-4cde-b431-6eeec78f93a5 to fd2e9b04-f3f3-4e69-985f-673e76c250f3
03:40:34.535 [pool-27-thread-2] INFO com.university.restaurant.service.concurrent.DeadlockSafeReservationService -- Transferred reservation from fd2e9b04-f3f3-4e69-985f-673e76c250f3 to 92e6b6fa-ae01-4cde-b431-6eeec78f93a5
03:40:34.535 [pool-27-thread-2] INFO com.university.restaurant.service.concurrent.DeadlockSafeReservationService -- Transferred reservation from fd2e9b04-f3f3-4e69-985f-673e76c250f3 to 92e6b6fa-ae01-4cde-b431-6eeec78f93a5
03:40:34.535 [pool-27-thread-2] INFO com.university.restaurant.service.concurrent.DeadlockSafeReservationService -- Transferred reservation from fd2e9b04-f3f3-4e69-985f-673e76c250f3 to 92e6b6fa-ae01-4cde-b431-6eeec78f93a5
03:40:34.535 [pool-27-thread-1] INFO com.university.restaurant.service.concurrent.DeadlockSafeReservationService -- Transferred reservation from 92e6b6fa-ae01-4cde-b431-6eeec78f93a5 to fd2e9b04-f3f3-4e69-985f-673e76c250f3
03:40:34.535 [pool-27-thread-1] INFO com.university.restaurant.service.concurrent.DeadlockSafeReservationService -- Transferred reservation from 92e6b6fa-ae01-4cde-b431-6eeec78f93a5 to fd2e9b04-f3f3-4e69-985f-673e76c250f3
03:40:34.535 [pool-27-thread-1] INFO com.university.restaurant.service.concurrent.DeadlockSafeReservationService -- Transferred reservation from 92e6b6fa-ae01-4cde-b431-6eeec78f93a5 to fd2e9b04-f3f3-4e69-985f-673e76c250f3
03:40:34.535 [pool-27-thread-1] INFO com.university.restaurant.service.concurrent.DeadlockSafeReservationService -- Transferred reservation from 92e6b6fa-ae01-4cde-b431-6eeec78f93a5 to fd2e9b04-f3f3-4e69-985f-673e76c250f3
03:40:34.535 [pool-27-thread-1] INFO com.university.restaurant.service.concurrent.DeadlockSafeReservationService -- Transferred reservation from 92e6b6fa-ae01-4cde-b431-6eeec78f93a5 to fd2e9b04-f3f3-4e69-985f-673e76c250f3
03:40:34.535 [pool-27-thread-1] INFO com.university.restaurant.service.concurrent.DeadlockSafeReservationService -- Transferred reservation from 92e6b6fa-ae01-4cde-b431-6eeec78f93a5 to fd2e9b04-f3f3-4e69-985f-673e76c250f3
03:40:34.535 [pool-27-thread-1] INFO com.university.restaurant.service.concurrent.DeadlockSafeReservationService -- Transferred reservation from 92e6b6fa-ae01-4cde-b431-6eeec78f93a5 to fd2e9b04-f3f3-4e69-985f-673e76c250f3
03:40:34.535 [pool-27-thread-1] INFO com.university.restaurant.service.concurrent.DeadlockSafeReservationService -- Transferred reservation from 92e6b6fa-ae01-4cde-b431-6eeec78f93a5 to fd2e9b04-f3f3-4e69-985f-673e76c250f3
03:40:34.535 [pool-27-thread-1] INFO com.university.restaurant.service.concurrent.DeadlockSafeReservationService -- Transferred reservation from 92e6b6fa-ae01-4cde-b431-6eeec78f93a5 to fd2e9b04-f3f3-4e69-985f-673e76c250f3
03:40:34.535 [pool-27-thread-1] INFO com.university.restaurant.service.concurrent.DeadlockSafeReservationService -- Transferred reservation from 92e6b6fa-ae01-4cde-b431-6eeec78f93a5 to fd2e9b04-f3f3-4e69-985f-673e76c250f3
03:40:34.535 [pool-27-thread-2] INFO com.university.restaurant.service.concurrent.DeadlockSafeReservationService -- Transferred reservation from fd2e9b04-f3f3-4e69-985f-673e76c250f3 to 92e6b6fa-ae01-4cde-b431-6eeec78f93a5
03:40:34.535 [pool-27-thread-1] INFO com.university.restaurant.service.concurrent.DeadlockSafeReservationService -- Transferred reservation from 92e6b6fa-ae01-4cde-b431-6eeec78f93a5 to fd2e9b04-f3f3-4e69-985f-673e76c250f3
03:40:34.535 [pool-27-thread-1] INFO com.university.restaurant.service.concurrent.DeadlockSafeReservationService -- Transferred reservation from 92e6b6fa-ae01-4cde-b431-6eeec78f93a5 to fd2e9b04-f3f3-4e69-985f-673e76c250f3
03:40:34.535 [pool-27-thread-1] INFO com.university.restaurant.service.concurrent.DeadlockSafeReservationService -- Transferred reservation from 92e6b6fa-ae01-4cde-b431-6eeec78f93a5 to fd2e9b04-f3f3-4e69-985f-673e76c250f3
03:40:34.535 [pool-27-thread-1] INFO com.university.restaurant.service.concurrent.DeadlockSafeReservationService -- Transferred reservation from 92e6b6fa-ae01-4cde-b431-6eeec78f93a5 to fd2e9b04-f3f3-4e69-985f-673e76c250f3
03:40:34.535 [pool-27-thread-1] INFO com.university.restaurant.service.concurrent.DeadlockSafeReservationService -- Transferred reservation from 92e6b6fa-ae01-4cde-b431-6eeec78f93a5 to fd2e9b04-f3f3-4e69-985f-673e76c250f3
03:40:34.535 [pool-27-thread-1] INFO com.university.restaurant.service.concurrent.DeadlockSafeReservationService -- Transferred reservation from 92e6b6fa-ae01-4cde-b431-6eeec78f93a5 to fd2e9b04-f3f3-4e69-985f-673e76c250f3
03:40:34.535 [pool-27-thread-1] INFO com.university.restaurant.service.concurrent.DeadlockSafeReservationService -- Transferred reservation from 92e6b6fa-ae01-4cde-b431-6eeec78f93a5 to fd2e9b04-f3f3-4e69-985f-673e76c250f3
03:40:34.535 [pool-27-thread-1] INFO com.university.restaurant.service.concurrent.DeadlockSafeReservationService -- Transferred reservation from 92e6b6fa-ae01-4cde-b431-6eeec78f93a5 to fd2e9b04-f3f3-4e69-985f-673e76c250f3
03:40:34.535 [pool-27-thread-1] INFO com.university.restaurant.service.concurrent.DeadlockSafeReservationService -- Transferred reservation from 92e6b6fa-ae01-4cde-b431-6eeec78f93a5 to fd2e9b04-f3f3-4e69-985f-673e76c250f3
03:40:34.535 [pool-27-thread-2] INFO com.university.restaurant.service.concurrent.DeadlockSafeReservationService -- Transferred reservation from fd2e9b04-f3f3-4e69-985f-673e76c250f3 to 92e6b6fa-ae01-4cde-b431-6eeec78f93a5
03:40:34.535 [pool-27-thread-2] INFO com.university.restaurant.service.concurrent.DeadlockSafeReservationService -- Transferred reservation from fd2e9b04-f3f3-4e69-985f-673e76c250f3 to 92e6b6fa-ae01-4cde-b431-6eeec78f93a5
03:40:34.535 [pool-27-thread-2] INFO com.university.restaurant.service.concurrent.DeadlockSafeReservationService -- Transferred reservation from fd2e9b04-f3f3-4e69-985f-673e76c250f3 to 92e6b6fa-ae01-4cde-b431-6eeec78f93a5
03:40:34.535 [pool-27-thread-2] INFO com.university.restaurant.service.concurrent.DeadlockSafeReservationService -- Transferred reservation from fd2e9b04-f3f3-4e69-985f-673e76c250f3 to 92e6b6fa-ae01-4cde-b431-6eeec78f93a5
03:40:34.535 [pool-27-thread-2] INFO com.university.restaurant.service.concurrent.DeadlockSafeReservationService -- Transferred reservation from fd2e9b04-f3f3-4e69-985f-673e76c250f3 to 92e6b6fa-ae01-4cde-b431-6eeec78f93a5
03:40:34.544 [pool-27-thread-2] INFO com.university.restaurant.service.concurrent.DeadlockSafeReservationService -- Transferred reservation from fd2e9b04-f3f3-4e69-985f-673e76c250f3 to 92e6b6fa-ae01-4cde-b431-6eeec78f93a5
03:40:34.544 [pool-27-thread-2] INFO com.university.restaurant.service.concurrent.DeadlockSafeReservationService -- Transferred reservation from fd2e9b04-f3f3-4e69-985f-673e76c250f3 to 92e6b6fa-ae01-4cde-b431-6eeec78f93a5
03:40:34.544 [pool-27-thread-2] INFO com.university.restaurant.service.concurrent.DeadlockSafeReservationService -- Transferred reservation from fd2e9b04-f3f3-4e69-985f-673e76c250f3 to 92e6b6fa-ae01-4cde-b431-6eeec78f93a5
03:40:34.544 [pool-27-thread-2] INFO com.university.restaurant.service.concurrent.DeadlockSafeReservationService -- Transferred reservation from fd2e9b04-f3f3-4e69-985f-673e76c250f3 to 92e6b6fa-ae01-4cde-b431-6eeec78f93a5
03:40:34.544 [pool-27-thread-1] INFO com.university.restaurant.service.concurrent.DeadlockSafeReservationService -- Transferred reservation from 92e6b6fa-ae01-4cde-b431-6eeec78f93a5 to fd2e9b04-f3f3-4e69-985f-673e76c250f3
03:40:34.544 [pool-27-thread-1] INFO com.university.restaurant.service.concurrent.DeadlockSafeReservationService -- Transferred reservation from 92e6b6fa-ae01-4cde-b431-6eeec78f93a5 to fd2e9b04-f3f3-4e69-985f-673e76c250f3
03:40:34.544 [pool-27-thread-2] INFO com.university.restaurant.service.concurrent.DeadlockSafeReservationService -- Transferred reservation from fd2e9b04-f3f3-4e69-985f-673e76c250f3 to 92e6b6fa-ae01-4cde-b431-6eeec78f93a5
03:40:34.544 [pool-27-thread-2] INFO com.university.restaurant.service.concurrent.DeadlockSafeReservationService -- Transferred reservation from fd2e9b04-f3f3-4e69-985f-673e76c250f3 to 92e6b6fa-ae01-4cde-b431-6eeec78f93a5
03:40:34.544 [pool-27-thread-2] INFO com.university.restaurant.service.concurrent.DeadlockSafeReservationService -- Transferred reservation from fd2e9b04-f3f3-4e69-985f-673e76c250f3 to 92e6b6fa-ae01-4cde-b431-6eeec78f93a5
03:40:34.544 [pool-27-thread-2] INFO com.university.restaurant.service.concurrent.DeadlockSafeReservationService -- Transferred reservation from fd2e9b04-f3f3-4e69-985f-673e76c250f3 to 92e6b6fa-ae01-4cde-b431-6eeec78f93a5
03:40:34.544 [pool-27-thread-2] INFO com.university.restaurant.service.concurrent.DeadlockSafeReservationService -- Transferred reservation from fd2e9b04-f3f3-4e69-985f-673e76c250f3 to 92e6b6fa-ae01-4cde-b431-6eeec78f93a5
03:40:34.544 [pool-27-thread-2] INFO com.university.restaurant.service.concurrent.DeadlockSafeReservationService -- Transferred reservation from fd2e9b04-f3f3-4e69-985f-673e76c250f3 to 92e6b6fa-ae01-4cde-b431-6eeec78f93a5
03:40:34.544 [pool-27-thread-1] INFO com.university.restaurant.service.concurrent.DeadlockSafeReservationService -- Transferred reservation from 92e6b6fa-ae01-4cde-b431-6eeec78f93a5 to fd2e9b04-f3f3-4e69-985f-673e76c250f3
03:40:34.544 [pool-27-thread-2] INFO com.university.restaurant.service.concurrent.DeadlockSafeReservationService -- Transferred reservation from fd2e9b04-f3f3-4e69-985f-673e76c250f3 to 92e6b6fa-ae01-4cde-b431-6eeec78f93a5
03:40:34.544 [pool-27-thread-2] INFO com.university.restaurant.service.concurrent.DeadlockSafeReservationService -- Transferred reservation from fd2e9b04-f3f3-4e69-985f-673e76c250f3 to 92e6b6fa-ae01-4cde-b431-6eeec78f93a5
03:40:34.544 [pool-27-thread-2] INFO com.university.restaurant.service.concurrent.DeadlockSafeReservationService -- Transferred reservation from fd2e9b04-f3f3-4e69-985f-673e76c250f3 to 92e6b6fa-ae01-4cde-b431-6eeec78f93a5
03:40:34.544 [pool-27-thread-2] INFO com.university.restaurant.service.concurrent.DeadlockSafeReservationService -- Transferred reservation from fd2e9b04-f3f3-4e69-985f-673e76c250f3 to 92e6b6fa-ae01-4cde-b431-6eeec78f93a5
03:40:34.544 [pool-27-thread-2] INFO com.university.restaurant.service.concurrent.DeadlockSafeReservationService -- Transferred reservation from fd2e9b04-f3f3-4e69-985f-673e76c250f3 to 92e6b6fa-ae01-4cde-b431-6eeec78f93a5
03:40:34.544 [pool-27-thread-2] INFO com.university.restaurant.service.concurrent.DeadlockSafeReservationService -- Transferred reservation from fd2e9b04-f3f3-4e69-985f-673e76c250f3 to 92e6b6fa-ae01-4cde-b431-6eeec78f93a5
03:40:34.544 [pool-27-thread-2] INFO com.university.restaurant.service.concurrent.DeadlockSafeReservationService -- Transferred reservation from fd2e9b04-f3f3-4e69-985f-673e76c250f3 to 92e6b6fa-ae01-4cde-b431-6eeec78f93a5
03:40:34.544 [pool-27-thread-2] INFO com.university.restaurant.service.concurrent.DeadlockSafeReservationService -- Transferred reservation from fd2e9b04-f3f3-4e69-985f-673e76c250f3 to 92e6b6fa-ae01-4cde-b431-6eeec78f93a5
03:40:34.544 [pool-27-thread-2] INFO com.university.restaurant.service.concurrent.DeadlockSafeReservationService -- Transferred reservation from fd2e9b04-f3f3-4e69-985f-673e76c250f3 to 92e6b6fa-ae01-4cde-b431-6eeec78f93a5
03:40:34.544 [pool-27-thread-2] INFO com.university.restaurant.service.concurrent.DeadlockSafeReservationService -- Transferred reservation from fd2e9b04-f3f3-4e69-985f-673e76c250f3 to 92e6b6fa-ae01-4cde-b431-6eeec78f93a5
03:40:34.544 [pool-27-thread-2] INFO com.university.restaurant.service.concurrent.DeadlockSafeReservationService -- Transferred reservation from fd2e9b04-f3f3-4e69-985f-673e76c250f3 to 92e6b6fa-ae01-4cde-b431-6eeec78f93a5
03:40:34.544 [pool-27-thread-2] INFO com.university.restaurant.service.concurrent.DeadlockSafeReservationService -- Transferred reservation from fd2e9b04-f3f3-4e69-985f-673e76c250f3 to 92e6b6fa-ae01-4cde-b431-6eeec78f93a5
03:40:34.544 [pool-27-thread-1] INFO com.university.restaurant.service.concurrent.DeadlockSafeReservationService -- Transferred reservation from 92e6b6fa-ae01-4cde-b431-6eeec78f93a5 to fd2e9b04-f3f3-4e69-985f-673e76c250f3
03:40:34.544 [pool-27-thread-2] INFO com.university.restaurant.service.concurrent.DeadlockSafeReservationService -- Transferred reservation from fd2e9b04-f3f3-4e69-985f-673e76c250f3 to 92e6b6fa-ae01-4cde-b431-6eeec78f93a5
03:40:34.544 [pool-27-thread-2] INFO com.university.restaurant.service.concurrent.DeadlockSafeReservationService -- Transferred reservation from fd2e9b04-f3f3-4e69-985f-673e76c250f3 to 92e6b6fa-ae01-4cde-b431-6eeec78f93a5
03:40:34.544 [pool-27-thread-2] INFO com.university.restaurant.service.concurrent.DeadlockSafeReservationService -- Transferred reservation from fd2e9b04-f3f3-4e69-985f-673e76c250f3 to 92e6b6fa-ae01-4cde-b431-6eeec78f93a5
03:40:34.544 [pool-27-thread-2] INFO com.university.restaurant.service.concurrent.DeadlockSafeReservationService -- Transferred reservation from fd2e9b04-f3f3-4e69-985f-673e76c250f3 to 92e6b6fa-ae01-4cde-b431-6eeec78f93a5
03:40:34.544 [pool-27-thread-2] INFO com.university.restaurant.service.concurrent.DeadlockSafeReservationService -- Transferred reservation from fd2e9b04-f3f3-4e69-985f-673e76c250f3 to 92e6b6fa-ae01-4cde-b431-6eeec78f93a5
03:40:34.544 [pool-27-thread-2] INFO com.university.restaurant.service.concurrent.DeadlockSafeReservationService -- Transferred reservation from fd2e9b04-f3f3-4e69-985f-673e76c250f3 to 92e6b6fa-ae01-4cde-b431-6eeec78f93a5
03:40:34.544 [pool-27-thread-2] INFO com.university.restaurant.service.concurrent.DeadlockSafeReservationService -- Transferred reservation from fd2e9b04-f3f3-4e69-985f-673e76c250f3 to 92e6b6fa-ae01-4cde-b431-6eeec78f93a5
03:40:34.544 [pool-27-thread-2] INFO com.university.restaurant.service.concurrent.DeadlockSafeReservationService -- Transferred reservation from fd2e9b04-f3f3-4e69-985f-673e76c250f3 to 92e6b6fa-ae01-4cde-b431-6eeec78f93a5
03:40:34.544 [pool-27-thread-2] INFO com.university.restaurant.service.concurrent.DeadlockSafeReservationService -- Transferred reservation from fd2e9b04-f3f3-4e69-985f-673e76c250f3 to 92e6b6fa-ae01-4cde-b431-6eeec78f93a5
03:40:34.544 [pool-27-thread-2] INFO com.university.restaurant.service.concurrent.DeadlockSafeReservationService -- Transferred reservation from fd2e9b04-f3f3-4e69-985f-673e76c250f3 to 92e6b6fa-ae01-4cde-b431-6eeec78f93a5
03:40:34.544 [pool-27-thread-1] INFO com.university.restaurant.service.concurrent.DeadlockSafeReservationService -- Transferred reservation from 92e6b6fa-ae01-4cde-b431-6eeec78f93a5 to fd2e9b04-f3f3-4e69-985f-673e76c250f3
03:40:34.544 [pool-27-thread-1] INFO com.university.restaurant.service.concurrent.DeadlockSafeReservationService -- Transferred reservation from 92e6b6fa-ae01-4cde-b431-6eeec78f93a5 to fd2e9b04-f3f3-4e69-985f-673e76c250f3
03:40:34.550 [pool-27-thread-1] INFO com.university.restaurant.service.concurrent.DeadlockSafeReservationService -- Transferred reservation from 92e6b6fa-ae01-4cde-b431-6eeec78f93a5 to fd2e9b04-f3f3-4e69-985f-673e76c250f3
03:40:34.550 [pool-27-thread-1] INFO com.university.restaurant.service.concurrent.DeadlockSafeReservationService -- Transferred reservation from 92e6b6fa-ae01-4cde-b431-6eeec78f93a5 to fd2e9b04-f3f3-4e69-985f-673e76c250f3
03:40:34.550 [pool-27-thread-1] INFO com.university.restaurant.service.concurrent.DeadlockSafeReservationService -- Transferred reservation from 92e6b6fa-ae01-4cde-b431-6eeec78f93a5 to fd2e9b04-f3f3-4e69-985f-673e76c250f3
03:40:34.550 [pool-27-thread-1] INFO com.university.restaurant.service.concurrent.DeadlockSafeReservationService -- Transferred reservation from 92e6b6fa-ae01-4cde-b431-6eeec78f93a5 to fd2e9b04-f3f3-4e69-985f-673e76c250f3
03:40:34.550 [pool-27-thread-1] INFO com.university.restaurant.service.concurrent.DeadlockSafeReservationService -- Transferred reservation from 92e6b6fa-ae01-4cde-b431-6eeec78f93a5 to fd2e9b04-f3f3-4e69-985f-673e76c250f3
03:40:34.550 [pool-27-thread-1] INFO com.university.restaurant.service.concurrent.DeadlockSafeReservationService -- Transferred reservation from 92e6b6fa-ae01-4cde-b431-6eeec78f93a5 to fd2e9b04-f3f3-4e69-985f-673e76c250f3
03:40:34.550 [pool-27-thread-1] INFO com.university.restaurant.service.concurrent.DeadlockSafeReservationService -- Transferred reservation from 92e6b6fa-ae01-4cde-b431-6eeec78f93a5 to fd2e9b04-f3f3-4e69-985f-673e76c250f3
03:40:34.550 [pool-27-thread-1] INFO com.university.restaurant.service.concurrent.DeadlockSafeReservationService -- Transferred reservation from 92e6b6fa-ae01-4cde-b431-6eeec78f93a5 to fd2e9b04-f3f3-4e69-985f-673e76c250f3
03:40:34.550 [pool-27-thread-1] INFO com.university.restaurant.service.concurrent.DeadlockSafeReservationService -- Transferred reservation from 92e6b6fa-ae01-4cde-b431-6eeec78f93a5 to fd2e9b04-f3f3-4e69-985f-673e76c250f3
03:40:34.550 [pool-27-thread-2] INFO com.university.restaurant.service.concurrent.DeadlockSafeReservationService -- Transferred reservation from fd2e9b04-f3f3-4e69-985f-673e76c250f3 to 92e6b6fa-ae01-4cde-b431-6eeec78f93a5
03:40:34.550 [pool-27-thread-2] INFO com.university.restaurant.service.concurrent.DeadlockSafeReservationService -- Transferred reservation from fd2e9b04-f3f3-4e69-985f-673e76c250f3 to 92e6b6fa-ae01-4cde-b431-6eeec78f93a5
03:40:34.550 [pool-27-thread-2] INFO com.university.restaurant.service.concurrent.DeadlockSafeReservationService -- Transferred reservation from fd2e9b04-f3f3-4e69-985f-673e76c250f3 to 92e6b6fa-ae01-4cde-b431-6eeec78f93a5
03:40:34.552 [pool-27-thread-2] INFO com.university.restaurant.service.concurrent.DeadlockSafeReservationService -- Transferred reservation from fd2e9b04-f3f3-4e69-985f-673e76c250f3 to 92e6b6fa-ae01-4cde-b431-6eeec78f93a5
03:40:34.552 [pool-27-thread-1] INFO com.university.restaurant.service.concurrent.DeadlockSafeReservationService -- Transferred reservation from 92e6b6fa-ae01-4cde-b431-6eeec78f93a5 to fd2e9b04-f3f3-4e69-985f-673e76c250f3
03:40:34.552 [pool-27-thread-1] INFO com.university.restaurant.service.concurrent.DeadlockSafeReservationService -- Transferred reservation from 92e6b6fa-ae01-4cde-b431-6eeec78f93a5 to fd2e9b04-f3f3-4e69-985f-673e76c250f3
03:40:34.552 [pool-27-thread-1] INFO com.university.restaurant.service.concurrent.DeadlockSafeReservationService -- Transferred reservation from 92e6b6fa-ae01-4cde-b431-6eeec78f93a5 to fd2e9b04-f3f3-4e69-985f-673e76c250f3
03:40:34.552 [pool-27-thread-1] INFO com.university.restaurant.service.concurrent.DeadlockSafeReservationService -- Transferred reservation from 92e6b6fa-ae01-4cde-b431-6eeec78f93a5 to fd2e9b04-f3f3-4e69-985f-673e76c250f3
03:40:34.552 [pool-27-thread-1] INFO com.university.restaurant.service.concurrent.DeadlockSafeReservationService -- Transferred reservation from 92e6b6fa-ae01-4cde-b431-6eeec78f93a5 to fd2e9b04-f3f3-4e69-985f-673e76c250f3
03:40:34.552 [pool-27-thread-1] INFO com.university.restaurant.service.concurrent.DeadlockSafeReservationService -- Transferred reservation from 92e6b6fa-ae01-4cde-b431-6eeec78f93a5 to fd2e9b04-f3f3-4e69-985f-673e76c250f3
03:40:34.552 [pool-27-thread-1] INFO com.university.restaurant.service.concurrent.DeadlockSafeReservationService -- Transferred reservation from 92e6b6fa-ae01-4cde-b431-6eeec78f93a5 to fd2e9b04-f3f3-4e69-985f-673e76c250f3
03:40:34.552 [pool-27-thread-1] INFO com.university.restaurant.service.concurrent.DeadlockSafeReservationService -- Transferred reservation from 92e6b6fa-ae01-4cde-b431-6eeec78f93a5 to fd2e9b04-f3f3-4e69-985f-673e76c250f3
03:40:34.552 [pool-27-thread-1] INFO com.university.restaurant.service.concurrent.DeadlockSafeReservationService -- Transferred reservation from 92e6b6fa-ae01-4cde-b431-6eeec78f93a5 to fd2e9b04-f3f3-4e69-985f-673e76c250f3
03:40:34.554 [pool-27-thread-2] INFO com.university.restaurant.service.concurrent.DeadlockSafeReservationService -- Transferred reservation from fd2e9b04-f3f3-4e69-985f-673e76c250f3 to 92e6b6fa-ae01-4cde-b431-6eeec78f93a5
03:40:34.554 [pool-27-thread-1] INFO com.university.restaurant.service.concurrent.DeadlockSafeReservationService -- Transferred reservation from 92e6b6fa-ae01-4cde-b431-6eeec78f93a5 to fd2e9b04-f3f3-4e69-985f-673e76c250f3
03:40:34.554 [pool-27-thread-1] INFO com.university.restaurant.service.concurrent.DeadlockSafeReservationService -- Transferred reservation from 92e6b6fa-ae01-4cde-b431-6eeec78f93a5 to fd2e9b04-f3f3-4e69-985f-673e76c250f3
03:40:34.554 [pool-27-thread-2] INFO com.university.restaurant.service.concurrent.DeadlockSafeReservationService -- Transferred reservation from fd2e9b04-f3f3-4e69-985f-673e76c250f3 to 92e6b6fa-ae01-4cde-b431-6eeec78f93a5
03:40:34.554 [pool-27-thread-2] INFO com.university.restaurant.service.concurrent.DeadlockSafeReservationService -- Transferred reservation from fd2e9b04-f3f3-4e69-985f-673e76c250f3 to 92e6b6fa-ae01-4cde-b431-6eeec78f93a5
03:40:34.554 [pool-27-thread-2] INFO com.university.restaurant.service.concurrent.DeadlockSafeReservationService -- Transferred reservation from fd2e9b04-f3f3-4e69-985f-673e76c250f3 to 92e6b6fa-ae01-4cde-b431-6eeec78f93a5
03:40:34.554 [pool-27-thread-2] INFO com.university.restaurant.service.concurrent.DeadlockSafeReservationService -- Transferred reservation from fd2e9b04-f3f3-4e69-985f-673e76c250f3 to 92e6b6fa-ae01-4cde-b431-6eeec78f93a5
03:40:34.554 [pool-27-thread-2] INFO com.university.restaurant.service.concurrent.DeadlockSafeReservationService -- Transferred reservation from fd2e9b04-f3f3-4e69-985f-673e76c250f3 to 92e6b6fa-ae01-4cde-b431-6eeec78f93a5
03:40:34.554 [pool-27-thread-2] INFO com.university.restaurant.service.concurrent.DeadlockSafeReservationService -- Transferred reservation from fd2e9b04-f3f3-4e69-985f-673e76c250f3 to 92e6b6fa-ae01-4cde-b431-6eeec78f93a5
03:40:34.554 [pool-27-thread-2] INFO com.university.restaurant.service.concurrent.DeadlockSafeReservationService -- Transferred reservation from fd2e9b04-f3f3-4e69-985f-673e76c250f3 to 92e6b6fa-ae01-4cde-b431-6eeec78f93a5
03:40:34.554 [pool-27-thread-1] INFO com.university.restaurant.service.concurrent.DeadlockSafeReservationService -- Transferred reservation from 92e6b6fa-ae01-4cde-b431-6eeec78f93a5 to fd2e9b04-f3f3-4e69-985f-673e76c250f3
03:40:34.554 [pool-27-thread-1] INFO com.university.restaurant.service.concurrent.DeadlockSafeReservationService -- Transferred reservation from 92e6b6fa-ae01-4cde-b431-6eeec78f93a5 to fd2e9b04-f3f3-4e69-985f-673e76c250f3
03:40:34.554 [pool-27-thread-1] INFO com.university.restaurant.service.concurrent.DeadlockSafeReservationService -- Transferred reservation from 92e6b6fa-ae01-4cde-b431-6eeec78f93a5 to fd2e9b04-f3f3-4e69-985f-673e76c250f3
03:40:34.554 [pool-27-thread-2] INFO com.university.restaurant.service.concurrent.DeadlockSafeReservationService -- Transferred reservation from fd2e9b04-f3f3-4e69-985f-673e76c250f3 to 92e6b6fa-ae01-4cde-b431-6eeec78f93a5
03:40:34.554 [pool-27-thread-2] INFO com.university.restaurant.service.concurrent.DeadlockSafeReservationService -- Transferred reservation from fd2e9b04-f3f3-4e69-985f-673e76c250f3 to 92e6b6fa-ae01-4cde-b431-6eeec78f93a5
03:40:34.556 [pool-27-thread-2] INFO com.university.restaurant.service.concurrent.DeadlockSafeReservationService -- Transferred reservation from fd2e9b04-f3f3-4e69-985f-673e76c250f3 to 92e6b6fa-ae01-4cde-b431-6eeec78f93a5
03:40:34.556 [pool-27-thread-1] INFO com.university.restaurant.service.concurrent.DeadlockSafeReservationService -- Transferred reservation from 92e6b6fa-ae01-4cde-b431-6eeec78f93a5 to fd2e9b04-f3f3-4e69-985f-673e76c250f3
03:40:34.556 [pool-27-thread-2] INFO com.university.restaurant.service.concurrent.DeadlockSafeReservationService -- Transferred reservation from fd2e9b04-f3f3-4e69-985f-673e76c250f3 to 92e6b6fa-ae01-4cde-b431-6eeec78f93a5
03:40:34.556 [pool-27-thread-2] INFO com.university.restaurant.service.concurrent.DeadlockSafeReservationService -- Transferred reservation from fd2e9b04-f3f3-4e69-985f-673e76c250f3 to 92e6b6fa-ae01-4cde-b431-6eeec78f93a5
03:40:34.556 [pool-27-thread-2] INFO com.university.restaurant.service.concurrent.DeadlockSafeReservationService -- Transferred reservation from fd2e9b04-f3f3-4e69-985f-673e76c250f3 to 92e6b6fa-ae01-4cde-b431-6eeec78f93a5
03:40:34.556 [pool-27-thread-2] INFO com.university.restaurant.service.concurrent.DeadlockSafeReservationService -- Transferred reservation from fd2e9b04-f3f3-4e69-985f-673e76c250f3 to 92e6b6fa-ae01-4cde-b431-6eeec78f93a5
03:40:34.556 [pool-27-thread-2] INFO com.university.restaurant.service.concurrent.DeadlockSafeReservationService -- Transferred reservation from fd2e9b04-f3f3-4e69-985f-673e76c250f3 to 92e6b6fa-ae01-4cde-b431-6eeec78f93a5
03:40:34.556 [pool-27-thread-2] INFO com.university.restaurant.service.concurrent.DeadlockSafeReservationService -- Transferred reservation from fd2e9b04-f3f3-4e69-985f-673e76c250f3 to 92e6b6fa-ae01-4cde-b431-6eeec78f93a5
03:40:34.556 [pool-27-thread-2] INFO com.university.restaurant.service.concurrent.DeadlockSafeReservationService -- Transferred reservation from fd2e9b04-f3f3-4e69-985f-673e76c250f3 to 92e6b6fa-ae01-4cde-b431-6eeec78f93a5
03:40:34.556 [pool-27-thread-2] INFO com.university.restaurant.service.concurrent.DeadlockSafeReservationService -- Transferred reservation from fd2e9b04-f3f3-4e69-985f-673e76c250f3 to 92e6b6fa-ae01-4cde-b431-6eeec78f93a5
03:40:34.556 [pool-27-thread-2] INFO com.university.restaurant.service.concurrent.DeadlockSafeReservationService -- Transferred reservation from fd2e9b04-f3f3-4e69-985f-673e76c250f3 to 92e6b6fa-ae01-4cde-b431-6eeec78f93a5
03:40:34.556 [pool-27-thread-2] INFO com.university.restaurant.service.concurrent.DeadlockSafeReservationService -- Transferred reservation from fd2e9b04-f3f3-4e69-985f-673e76c250f3 to 92e6b6fa-ae01-4cde-b431-6eeec78f93a5
03:40:34.556 [pool-27-thread-2] INFO com.university.restaurant.service.concurrent.DeadlockSafeReservationService -- Transferred reservation from fd2e9b04-f3f3-4e69-985f-673e76c250f3 to 92e6b6fa-ae01-4cde-b431-6eeec78f93a5
03:40:34.556 [pool-27-thread-2] INFO com.university.restaurant.service.concurrent.DeadlockSafeReservationService -- Transferred reservation from fd2e9b04-f3f3-4e69-985f-673e76c250f3 to 92e6b6fa-ae01-4cde-b431-6eeec78f93a5
03:40:34.556 [pool-27-thread-2] INFO com.university.restaurant.service.concurrent.DeadlockSafeReservationService -- Transferred reservation from fd2e9b04-f3f3-4e69-985f-673e76c250f3 to 92e6b6fa-ae01-4cde-b431-6eeec78f93a5
03:40:34.556 [pool-27-thread-2] INFO com.university.restaurant.service.concurrent.DeadlockSafeReservationService -- Transferred reservation from fd2e9b04-f3f3-4e69-985f-673e76c250f3 to 92e6b6fa-ae01-4cde-b431-6eeec78f93a5
03:40:34.556 [pool-27-thread-2] INFO com.university.restaurant.service.concurrent.DeadlockSafeReservationService -- Transferred reservation from fd2e9b04-f3f3-4e69-985f-673e76c250f3 to 92e6b6fa-ae01-4cde-b431-6eeec78f93a5
03:40:34.556 [pool-27-thread-2] INFO com.university.restaurant.service.concurrent.DeadlockSafeReservationService -- Transferred reservation from fd2e9b04-f3f3-4e69-985f-673e76c250f3 to 92e6b6fa-ae01-4cde-b431-6eeec78f93a5
03:40:34.556 [pool-27-thread-1] INFO com.university.restaurant.service.concurrent.DeadlockSafeReservationService -- Transferred reservation from 92e6b6fa-ae01-4cde-b431-6eeec78f93a5 to fd2e9b04-f3f3-4e69-985f-673e76c250f3
03:40:34.556 [pool-27-thread-2] INFO com.university.restaurant.service.concurrent.DeadlockSafeReservationService -- Transferred reservation from fd2e9b04-f3f3-4e69-985f-673e76c250f3 to 92e6b6fa-ae01-4cde-b431-6eeec78f93a5
03:40:34.556 [pool-27-thread-2] INFO com.university.restaurant.service.concurrent.DeadlockSafeReservationService -- Transferred reservation from fd2e9b04-f3f3-4e69-985f-673e76c250f3 to 92e6b6fa-ae01-4cde-b431-6eeec78f93a5
03:40:34.556 [pool-27-thread-2] INFO com.university.restaurant.service.concurrent.DeadlockSafeReservationService -- Transferred reservation from fd2e9b04-f3f3-4e69-985f-673e76c250f3 to 92e6b6fa-ae01-4cde-b431-6eeec78f93a5
03:40:34.556 [pool-27-thread-2] INFO com.university.restaurant.service.concurrent.DeadlockSafeReservationService -- Transferred reservation from fd2e9b04-f3f3-4e69-985f-673e76c250f3 to 92e6b6fa-ae01-4cde-b431-6eeec78f93a5
03:40:34.556 [pool-27-thread-1] INFO com.university.restaurant.service.concurrent.DeadlockSafeReservationService -- Transferred reservation from 92e6b6fa-ae01-4cde-b431-6eeec78f93a5 to fd2e9b04-f3f3-4e69-985f-673e76c250f3
03:40:34.556 [pool-27-thread-1] INFO com.university.restaurant.service.concurrent.DeadlockSafeReservationService -- Transferred reservation from 92e6b6fa-ae01-4cde-b431-6eeec78f93a5 to fd2e9b04-f3f3-4e69-985f-673e76c250f3
03:40:34.556 [pool-27-thread-1] INFO com.university.restaurant.service.concurrent.DeadlockSafeReservationService -- Transferred reservation from 92e6b6fa-ae01-4cde-b431-6eeec78f93a5 to fd2e9b04-f3f3-4e69-985f-673e76c250f3
03:40:34.556 [pool-27-thread-1] INFO com.university.restaurant.service.concurrent.DeadlockSafeReservationService -- Transferred reservation from 92e6b6fa-ae01-4cde-b431-6eeec78f93a5 to fd2e9b04-f3f3-4e69-985f-673e76c250f3
03:40:34.556 [pool-27-thread-1] INFO com.university.restaurant.service.concurrent.DeadlockSafeReservationService -- Transferred reservation from 92e6b6fa-ae01-4cde-b431-6eeec78f93a5 to fd2e9b04-f3f3-4e69-985f-673e76c250f3
03:40:34.556 [pool-27-thread-1] INFO com.university.restaurant.service.concurrent.DeadlockSafeReservationService -- Transferred reservation from 92e6b6fa-ae01-4cde-b431-6eeec78f93a5 to fd2e9b04-f3f3-4e69-985f-673e76c250f3
03:40:34.556 [pool-27-thread-2] INFO com.university.restaurant.service.concurrent.DeadlockSafeReservationService -- Transferred reservation from fd2e9b04-f3f3-4e69-985f-673e76c250f3 to 92e6b6fa-ae01-4cde-b431-6eeec78f93a5
03:40:34.556 [pool-27-thread-1] INFO com.university.restaurant.service.concurrent.DeadlockSafeReservationService -- Transferred reservation from 92e6b6fa-ae01-4cde-b431-6eeec78f93a5 to fd2e9b04-f3f3-4e69-985f-673e76c250f3
03:40:34.561 [pool-27-thread-1] INFO com.university.restaurant.service.concurrent.DeadlockSafeReservationService -- Transferred reservation from 92e6b6fa-ae01-4cde-b431-6eeec78f93a5 to fd2e9b04-f3f3-4e69-985f-673e76c250f3
03:40:34.561 [pool-27-thread-1] INFO com.university.restaurant.service.concurrent.DeadlockSafeReservationService -- Transferred reservation from 92e6b6fa-ae01-4cde-b431-6eeec78f93a5 to fd2e9b04-f3f3-4e69-985f-673e76c250f3
03:40:34.561 [pool-27-thread-1] INFO com.university.restaurant.service.concurrent.DeadlockSafeReservationService -- Transferred reservation from 92e6b6fa-ae01-4cde-b431-6eeec78f93a5 to fd2e9b04-f3f3-4e69-985f-673e76c250f3
03:40:34.561 [pool-27-thread-1] INFO com.university.restaurant.service.concurrent.DeadlockSafeReservationService -- Transferred reservation from 92e6b6fa-ae01-4cde-b431-6eeec78f93a5 to fd2e9b04-f3f3-4e69-985f-673e76c250f3
03:40:34.561 [pool-27-thread-1] INFO com.university.restaurant.service.concurrent.DeadlockSafeReservationService -- Transferred reservation from 92e6b6fa-ae01-4cde-b431-6eeec78f93a5 to fd2e9b04-f3f3-4e69-985f-673e76c250f3
03:40:34.561 [pool-27-thread-1] INFO com.university.restaurant.service.concurrent.DeadlockSafeReservationService -- Transferred reservation from 92e6b6fa-ae01-4cde-b431-6eeec78f93a5 to fd2e9b04-f3f3-4e69-985f-673e76c250f3
03:40:34.561 [pool-27-thread-1] INFO com.university.restaurant.service.concurrent.DeadlockSafeReservationService -- Transferred reservation from 92e6b6fa-ae01-4cde-b431-6eeec78f93a5 to fd2e9b04-f3f3-4e69-985f-673e76c250f3
03:40:34.561 [pool-27-thread-1] INFO com.university.restaurant.service.concurrent.DeadlockSafeReservationService -- Transferred reservation from 92e6b6fa-ae01-4cde-b431-6eeec78f93a5 to fd2e9b04-f3f3-4e69-985f-673e76c250f3
03:40:34.561 [pool-27-thread-1] INFO com.university.restaurant.service.concurrent.DeadlockSafeReservationService -- Transferred reservation from 92e6b6fa-ae01-4cde-b431-6eeec78f93a5 to fd2e9b04-f3f3-4e69-985f-673e76c250f3
03:40:34.561 [pool-27-thread-2] INFO com.university.restaurant.service.concurrent.DeadlockSafeReservationService -- Transferred reservation from fd2e9b04-f3f3-4e69-985f-673e76c250f3 to 92e6b6fa-ae01-4cde-b431-6eeec78f93a5
03:40:34.561 [pool-27-thread-1] INFO com.university.restaurant.service.concurrent.DeadlockSafeReservationService -- Transferred reservation from 92e6b6fa-ae01-4cde-b431-6eeec78f93a5 to fd2e9b04-f3f3-4e69-985f-673e76c250f3
03:40:34.561 [pool-27-thread-1] INFO com.university.restaurant.service.concurrent.DeadlockSafeReservationService -- Transferred reservation from 92e6b6fa-ae01-4cde-b431-6eeec78f93a5 to fd2e9b04-f3f3-4e69-985f-673e76c250f3
03:40:34.561 [pool-27-thread-1] INFO com.university.restaurant.service.concurrent.DeadlockSafeReservationService -- Transferred reservation from 92e6b6fa-ae01-4cde-b431-6eeec78f93a5 to fd2e9b04-f3f3-4e69-985f-673e76c250f3
03:40:34.561 [pool-27-thread-1] INFO com.university.restaurant.service.concurrent.DeadlockSafeReservationService -- Transferred reservation from 92e6b6fa-ae01-4cde-b431-6eeec78f93a5 to fd2e9b04-f3f3-4e69-985f-673e76c250f3
03:40:34.561 [pool-27-thread-1] INFO com.university.restaurant.service.concurrent.DeadlockSafeReservationService -- Transferred reservation from 92e6b6fa-ae01-4cde-b431-6eeec78f93a5 to fd2e9b04-f3f3-4e69-985f-673e76c250f3
03:40:34.561 [pool-27-thread-1] INFO com.university.restaurant.service.concurrent.DeadlockSafeReservationService -- Transferred reservation from 92e6b6fa-ae01-4cde-b431-6eeec78f93a5 to fd2e9b04-f3f3-4e69-985f-673e76c250f3
03:40:34.561 [pool-27-thread-2] INFO com.university.restaurant.service.concurrent.DeadlockSafeReservationService -- Transferred reservation from fd2e9b04-f3f3-4e69-985f-673e76c250f3 to 92e6b6fa-ae01-4cde-b431-6eeec78f93a5
03:40:34.561 [pool-27-thread-1] INFO com.university.restaurant.service.concurrent.DeadlockSafeReservationService -- Transferred reservation from 92e6b6fa-ae01-4cde-b431-6eeec78f93a5 to fd2e9b04-f3f3-4e69-985f-673e76c250f3
03:40:34.561 [pool-27-thread-1] INFO com.university.restaurant.service.concurrent.DeadlockSafeReservationService -- Transferred reservation from 92e6b6fa-ae01-4cde-b431-6eeec78f93a5 to fd2e9b04-f3f3-4e69-985f-673e76c250f3
03:40:34.561 [pool-27-thread-1] INFO com.university.restaurant.service.concurrent.DeadlockSafeReservationService -- Transferred reservation from 92e6b6fa-ae01-4cde-b431-6eeec78f93a5 to fd2e9b04-f3f3-4e69-985f-673e76c250f3
03:40:34.561 [pool-27-thread-1] INFO com.university.restaurant.service.concurrent.DeadlockSafeReservationService -- Transferred reservation from 92e6b6fa-ae01-4cde-b431-6eeec78f93a5 to fd2e9b04-f3f3-4e69-985f-673e76c250f3
03:40:34.561 [pool-27-thread-1] INFO com.university.restaurant.service.concurrent.DeadlockSafeReservationService -- Transferred reservation from 92e6b6fa-ae01-4cde-b431-6eeec78f93a5 to fd2e9b04-f3f3-4e69-985f-673e76c250f3
03:40:34.561 [pool-27-thread-1] INFO com.university.restaurant.service.concurrent.DeadlockSafeReservationService -- Transferred reservation from 92e6b6fa-ae01-4cde-b431-6eeec78f93a5 to fd2e9b04-f3f3-4e69-985f-673e76c250f3
03:40:34.561 [pool-27-thread-1] INFO com.university.restaurant.service.concurrent.DeadlockSafeReservationService -- Transferred reservation from 92e6b6fa-ae01-4cde-b431-6eeec78f93a5 to fd2e9b04-f3f3-4e69-985f-673e76c250f3
03:40:34.561 [pool-27-thread-2] INFO com.university.restaurant.service.concurrent.DeadlockSafeReservationService -- Transferred reservation from fd2e9b04-f3f3-4e69-985f-673e76c250f3 to 92e6b6fa-ae01-4cde-b431-6eeec78f93a5
03:40:34.561 [pool-27-thread-1] INFO com.university.restaurant.service.concurrent.DeadlockSafeReservationService -- Transferred reservation from 92e6b6fa-ae01-4cde-b431-6eeec78f93a5 to fd2e9b04-f3f3-4e69-985f-673e76c250f3
03:40:34.561 [pool-27-thread-2] INFO com.university.restaurant.service.concurrent.DeadlockSafeReservationService -- Transferred reservation from fd2e9b04-f3f3-4e69-985f-673e76c250f3 to 92e6b6fa-ae01-4cde-b431-6eeec78f93a5
03:40:34.561 [pool-27-thread-2] INFO com.university.restaurant.service.concurrent.DeadlockSafeReservationService -- Transferred reservation from fd2e9b04-f3f3-4e69-985f-673e76c250f3 to 92e6b6fa-ae01-4cde-b431-6eeec78f93a5
03:40:34.561 [pool-27-thread-2] INFO com.university.restaurant.service.concurrent.DeadlockSafeReservationService -- Transferred reservation from fd2e9b04-f3f3-4e69-985f-673e76c250f3 to 92e6b6fa-ae01-4cde-b431-6eeec78f93a5
]]></system-out>
  </testcase>
</testsuite>